<?xml version="1.0" encoding="UTF-8"?>
<testng-results ignored="0" total="102" passed="102" failed="0" skipped="0">
  <reporter-output>
  </reporter-output>
  <suite started-at="2026-04-08T11:11:33 MSK" name="Surefire suite" finished-at="2026-04-08T11:13:24 MSK" duration-ms="111005">
    <groups>
    </groups>
    <test started-at="2026-04-08T11:11:33 MSK" name="Surefire test" finished-at="2026-04-08T11:13:24 MSK" duration-ms="111005">
      <class name="training_center.dao.ScheduleDaoTest">
        <test-method is-config="true" signature="setUpClass()[pri:0, instance:training_center.dao.ScheduleDaoTest@19fb8826]" started-at="2026-04-08T11:11:50 MSK" name="setUpClass" finished-at="2026-04-08T11:11:50 MSK" duration-ms="493" status="PASS">
          <reporter-output>
          </reporter-output>
        </test-method> <!-- setUpClass -->
        <test-method is-config="true" signature="cleanDatabase()[pri:0, instance:training_center.dao.ScheduleDaoTest@19fb8826]" started-at="2026-04-08T11:11:50 MSK" name="cleanDatabase" finished-at="2026-04-08T11:11:50 MSK" duration-ms="84" status="PASS">
          <reporter-output>
          </reporter-output>
        </test-method> <!-- cleanDatabase -->
        <test-method is-config="true" signature="setUpDao()[pri:0, instance:training_center.dao.ScheduleDaoTest@19fb8826]" started-at="2026-04-08T11:11:50 MSK" name="setUpDao" finished-at="2026-04-08T11:11:50 MSK" duration-ms="1" status="PASS">
          <reporter-output>
          </reporter-output>
        </test-method> <!-- setUpDao -->
        <test-method signature="testDelete()[pri:0, instance:training_center.dao.ScheduleDaoTest@19fb8826]" started-at="2026-04-08T11:11:50 MSK" name="testDelete" finished-at="2026-04-08T11:11:51 MSK" duration-ms="499" status="PASS">
          <reporter-output>
          </reporter-output>
        </test-method> <!-- testDelete -->
        <test-method is-config="true" signature="cleanDatabase()[pri:0, instance:training_center.dao.ScheduleDaoTest@19fb8826]" started-at="2026-04-08T11:11:51 MSK" name="cleanDatabase" finished-at="2026-04-08T11:11:51 MSK" duration-ms="18" status="PASS">
          <reporter-output>
          </reporter-output>
        </test-method> <!-- cleanDatabase -->
        <test-method is-config="true" signature="setUpDao()[pri:0, instance:training_center.dao.ScheduleDaoTest@19fb8826]" started-at="2026-04-08T11:11:51 MSK" name="setUpDao" finished-at="2026-04-08T11:11:51 MSK" duration-ms="1" status="PASS">
          <reporter-output>
          </reporter-output>
        </test-method> <!-- setUpDao -->
        <test-method signature="testDeleteByIdWhenExists()[pri:0, instance:training_center.dao.ScheduleDaoTest@19fb8826]" started-at="2026-04-08T11:11:51 MSK" name="testDeleteByIdWhenExists" finished-at="2026-04-08T11:11:51 MSK" duration-ms="618" status="PASS">
          <reporter-output>
          </reporter-output>
        </test-method> <!-- testDeleteByIdWhenExists -->
        <test-method is-config="true" signature="cleanDatabase()[pri:0, instance:training_center.dao.ScheduleDaoTest@19fb8826]" started-at="2026-04-08T11:11:51 MSK" name="cleanDatabase" finished-at="2026-04-08T11:11:51 MSK" duration-ms="15" status="PASS">
          <reporter-output>
          </reporter-output>
        </test-method> <!-- cleanDatabase -->
        <test-method signature="testDeleteByIdWhenNotExists()[pri:0, instance:training_center.dao.ScheduleDaoTest@19fb8826]" started-at="2026-04-08T11:11:51 MSK" name="testDeleteByIdWhenNotExists" finished-at="2026-04-08T11:11:51 MSK" duration-ms="116" status="PASS">
          <reporter-output>
          </reporter-output>
        </test-method> <!-- testDeleteByIdWhenNotExists -->
        <test-method is-config="true" signature="setUpDao()[pri:0, instance:training_center.dao.ScheduleDaoTest@19fb8826]" started-at="2026-04-08T11:11:51 MSK" name="setUpDao" finished-at="2026-04-08T11:11:51 MSK" duration-ms="0" status="PASS">
          <reporter-output>
          </reporter-output>
        </test-method> <!-- setUpDao -->
        <test-method is-config="true" signature="cleanDatabase()[pri:0, instance:training_center.dao.ScheduleDaoTest@19fb8826]" started-at="2026-04-08T11:11:51 MSK" name="cleanDatabase" finished-at="2026-04-08T11:11:51 MSK" duration-ms="6" status="PASS">
          <reporter-output>
          </reporter-output>
        </test-method> <!-- cleanDatabase -->
        <test-method signature="testDeleteDetached()[pri:0, instance:training_center.dao.ScheduleDaoTest@19fb8826]" started-at="2026-04-08T11:11:51 MSK" name="testDeleteDetached" finished-at="2026-04-08T11:11:52 MSK" duration-ms="600" status="PASS">
          <reporter-output>
          </reporter-output>
        </test-method> <!-- testDeleteDetached -->
        <test-method is-config="true" signature="setUpDao()[pri:0, instance:training_center.dao.ScheduleDaoTest@19fb8826]" started-at="2026-04-08T11:11:51 MSK" name="setUpDao" finished-at="2026-04-08T11:11:51 MSK" duration-ms="0" status="PASS">
          <reporter-output>
          </reporter-output>
        </test-method> <!-- setUpDao -->
        <test-method is-config="true" signature="cleanDatabase()[pri:0, instance:training_center.dao.ScheduleDaoTest@19fb8826]" started-at="2026-04-08T11:11:52 MSK" name="cleanDatabase" finished-at="2026-04-08T11:11:52 MSK" duration-ms="19" status="PASS">
          <reporter-output>
          </reporter-output>
        </test-method> <!-- cleanDatabase -->
        <test-method is-config="true" signature="setUpDao()[pri:0, instance:training_center.dao.ScheduleDaoTest@19fb8826]" started-at="2026-04-08T11:11:52 MSK" name="setUpDao" finished-at="2026-04-08T11:11:52 MSK" duration-ms="1" status="PASS">
          <reporter-output>
          </reporter-output>
        </test-method> <!-- setUpDao -->
        <test-method signature="testFindAll()[pri:0, instance:training_center.dao.ScheduleDaoTest@19fb8826]" started-at="2026-04-08T11:11:52 MSK" name="testFindAll" finished-at="2026-04-08T11:11:52 MSK" duration-ms="433" status="PASS">
          <reporter-output>
          </reporter-output>
        </test-method> <!-- testFindAll -->
        <test-method is-config="true" signature="cleanDatabase()[pri:0, instance:training_center.dao.ScheduleDaoTest@19fb8826]" started-at="2026-04-08T11:11:52 MSK" name="cleanDatabase" finished-at="2026-04-08T11:11:53 MSK" duration-ms="21" status="PASS">
          <reporter-output>
          </reporter-output>
        </test-method> <!-- cleanDatabase -->
        <test-method is-config="true" signature="setUpDao()[pri:0, instance:training_center.dao.ScheduleDaoTest@19fb8826]" started-at="2026-04-08T11:11:53 MSK" name="setUpDao" finished-at="2026-04-08T11:11:53 MSK" duration-ms="1" status="PASS">
          <reporter-output>
          </reporter-output>
        </test-method> <!-- setUpDao -->
        <test-method signature="testFindByCourseId()[pri:0, instance:training_center.dao.ScheduleDaoTest@19fb8826]" started-at="2026-04-08T11:11:53 MSK" name="testFindByCourseId" finished-at="2026-04-08T11:11:53 MSK" duration-ms="542" status="PASS">
          <reporter-output>
          </reporter-output>
        </test-method> <!-- testFindByCourseId -->
        <test-method is-config="true" signature="cleanDatabase()[pri:0, instance:training_center.dao.ScheduleDaoTest@19fb8826]" started-at="2026-04-08T11:11:53 MSK" name="cleanDatabase" finished-at="2026-04-08T11:11:53 MSK" duration-ms="19" status="PASS">
          <reporter-output>
          </reporter-output>
        </test-method> <!-- cleanDatabase -->
        <test-method is-config="true" signature="setUpDao()[pri:0, instance:training_center.dao.ScheduleDaoTest@19fb8826]" started-at="2026-04-08T11:11:53 MSK" name="setUpDao" finished-at="2026-04-08T11:11:53 MSK" duration-ms="1" status="PASS">
          <reporter-output>
          </reporter-output>
        </test-method> <!-- setUpDao -->
        <test-method signature="testFindByStudentAndInterval()[pri:0, instance:training_center.dao.ScheduleDaoTest@19fb8826]" started-at="2026-04-08T11:11:53 MSK" name="testFindByStudentAndInterval" finished-at="2026-04-08T11:11:54 MSK" duration-ms="657" status="PASS">
          <reporter-output>
          </reporter-output>
        </test-method> <!-- testFindByStudentAndInterval -->
        <test-method is-config="true" signature="cleanDatabase()[pri:0, instance:training_center.dao.ScheduleDaoTest@19fb8826]" started-at="2026-04-08T11:11:54 MSK" name="cleanDatabase" finished-at="2026-04-08T11:11:54 MSK" duration-ms="22" status="PASS">
          <reporter-output>
          </reporter-output>
        </test-method> <!-- cleanDatabase -->
        <test-method signature="testFindByTeacherAndInterval()[pri:0, instance:training_center.dao.ScheduleDaoTest@19fb8826]" started-at="2026-04-08T11:11:54 MSK" name="testFindByTeacherAndInterval" finished-at="2026-04-08T11:11:54 MSK" duration-ms="705" status="PASS">
          <reporter-output>
          </reporter-output>
        </test-method> <!-- testFindByTeacherAndInterval -->
        <test-method is-config="true" signature="setUpDao()[pri:0, instance:training_center.dao.ScheduleDaoTest@19fb8826]" started-at="2026-04-08T11:11:54 MSK" name="setUpDao" finished-at="2026-04-08T11:11:54 MSK" duration-ms="0" status="PASS">
          <reporter-output>
          </reporter-output>
        </test-method> <!-- setUpDao -->
        <test-method is-config="true" signature="cleanDatabase()[pri:0, instance:training_center.dao.ScheduleDaoTest@19fb8826]" started-at="2026-04-08T11:11:54 MSK" name="cleanDatabase" finished-at="2026-04-08T11:11:54 MSK" duration-ms="7" status="PASS">
          <reporter-output>
          </reporter-output>
        </test-method> <!-- cleanDatabase -->
        <test-method signature="testFindEmptyCases()[pri:0, instance:training_center.dao.ScheduleDaoTest@19fb8826]" started-at="2026-04-08T11:11:54 MSK" name="testFindEmptyCases" finished-at="2026-04-08T11:11:55 MSK" duration-ms="245" status="PASS">
          <reporter-output>
          </reporter-output>
        </test-method> <!-- testFindEmptyCases -->
        <test-method is-config="true" signature="setUpDao()[pri:0, instance:training_center.dao.ScheduleDaoTest@19fb8826]" started-at="2026-04-08T11:11:54 MSK" name="setUpDao" finished-at="2026-04-08T11:11:54 MSK" duration-ms="0" status="PASS">
          <reporter-output>
          </reporter-output>
        </test-method> <!-- setUpDao -->
        <test-method is-config="true" signature="cleanDatabase()[pri:0, instance:training_center.dao.ScheduleDaoTest@19fb8826]" started-at="2026-04-08T11:11:55 MSK" name="cleanDatabase" finished-at="2026-04-08T11:11:55 MSK" duration-ms="8" status="PASS">
          <reporter-output>
          </reporter-output>
        </test-method> <!-- cleanDatabase -->
        <test-method is-config="true" signature="setUpDao()[pri:0, instance:training_center.dao.ScheduleDaoTest@19fb8826]" started-at="2026-04-08T11:11:55 MSK" name="setUpDao" finished-at="2026-04-08T11:11:55 MSK" duration-ms="1" status="PASS">
          <reporter-output>
          </reporter-output>
        </test-method> <!-- setUpDao -->
        <test-method signature="testSaveAndFindById()[pri:0, instance:training_center.dao.ScheduleDaoTest@19fb8826]" started-at="2026-04-08T11:11:55 MSK" name="testSaveAndFindById" finished-at="2026-04-08T11:11:55 MSK" duration-ms="450" status="PASS">
          <reporter-output>
          </reporter-output>
        </test-method> <!-- testSaveAndFindById -->
        <test-method is-config="true" signature="cleanDatabase()[pri:0, instance:training_center.dao.ScheduleDaoTest@19fb8826]" started-at="2026-04-08T11:11:55 MSK" name="cleanDatabase" finished-at="2026-04-08T11:11:55 MSK" duration-ms="17" status="PASS">
          <reporter-output>
          </reporter-output>
        </test-method> <!-- cleanDatabase -->
        <test-method is-config="true" signature="setUpDao()[pri:0, instance:training_center.dao.ScheduleDaoTest@19fb8826]" started-at="2026-04-08T11:11:55 MSK" name="setUpDao" finished-at="2026-04-08T11:11:55 MSK" duration-ms="1" status="PASS">
          <reporter-output>
          </reporter-output>
        </test-method> <!-- setUpDao -->
        <test-method signature="testSaveLessonSuccess()[pri:0, instance:training_center.dao.ScheduleDaoTest@19fb8826]" started-at="2026-04-08T11:11:55 MSK" name="testSaveLessonSuccess" finished-at="2026-04-08T11:11:56 MSK" duration-ms="433" status="PASS">
          <reporter-output>
          </reporter-output>
        </test-method> <!-- testSaveLessonSuccess -->
        <test-method is-config="true" signature="cleanDatabase()[pri:0, instance:training_center.dao.ScheduleDaoTest@19fb8826]" started-at="2026-04-08T11:11:56 MSK" name="cleanDatabase" finished-at="2026-04-08T11:11:56 MSK" duration-ms="18" status="PASS">
          <reporter-output>
          </reporter-output>
        </test-method> <!-- cleanDatabase -->
        <test-method is-config="true" signature="setUpDao()[pri:0, instance:training_center.dao.ScheduleDaoTest@19fb8826]" started-at="2026-04-08T11:11:56 MSK" name="setUpDao" finished-at="2026-04-08T11:11:56 MSK" duration-ms="1" status="PASS">
          <reporter-output>
          </reporter-output>
        </test-method> <!-- setUpDao -->
        <test-method signature="testSaveLessonWhenBothDatesNull()[pri:0, instance:training_center.dao.ScheduleDaoTest@19fb8826]" started-at="2026-04-08T11:11:56 MSK" name="testSaveLessonWhenBothDatesNull" finished-at="2026-04-08T11:11:56 MSK" duration-ms="54" status="PASS">
          <exception class="java.lang.RuntimeException">
            <message>
              <![CDATA[Дата и время занятия не должны быть null]]>
            </message>
            <full-stacktrace>
              <![CDATA[java.lang.RuntimeException: Дата и время занятия не должны быть null
at training_center.dao.ScheduleDao.saveLesson(ScheduleDao.java:99)
at java.base/jdk.internal.reflect.NativeMethodAccessorImpl.invoke0(Native Method)
at java.base/jdk.internal.reflect.NativeMethodAccessorImpl.invoke(NativeMethodAccessorImpl.java:77)
at java.base/jdk.internal.reflect.DelegatingMethodAccessorImpl.invoke(DelegatingMethodAccessorImpl.java:43)
at java.base/java.lang.reflect.Method.invoke(Method.java:569)
at org.springframework.aop.support.AopUtils.invokeJoinpointUsingReflection(AopUtils.java:354)
at org.springframework.aop.framework.ReflectiveMethodInvocation.invokeJoinpoint(ReflectiveMethodInvocation.java:196)
at org.springframework.aop.framework.ReflectiveMethodInvocation.proceed(ReflectiveMethodInvocation.java:163)
at org.springframework.aop.framework.CglibAopProxy$CglibMethodInvocation.proceed(CglibAopProxy.java:768)
at org.springframework.dao.support.PersistenceExceptionTranslationInterceptor.invoke(PersistenceExceptionTranslationInterceptor.java:137)
at org.springframework.aop.framework.ReflectiveMethodInvocation.proceed(ReflectiveMethodInvocation.java:184)
at org.springframework.aop.framework.CglibAopProxy$CglibMethodInvocation.proceed(CglibAopProxy.java:768)
at org.springframework.transaction.interceptor.TransactionInterceptor$1.proceedWithInvocation(TransactionInterceptor.java:123)
at org.springframework.transaction.interceptor.TransactionAspectSupport.invokeWithinTransaction(TransactionAspectSupport.java:392)
at org.springframework.transaction.interceptor.TransactionInterceptor.invoke(TransactionInterceptor.java:119)
at org.springframework.aop.framework.ReflectiveMethodInvocation.proceed(ReflectiveMethodInvocation.java:184)
at org.springframework.aop.framework.CglibAopProxy$CglibMethodInvocation.proceed(CglibAopProxy.java:768)
at org.springframework.aop.framework.CglibAopProxy$DynamicAdvisedInterceptor.intercept(CglibAopProxy.java:720)
at training_center.dao.ScheduleDao$$SpringCGLIB$$0.saveLesson(<generated>)
at training_center.dao.ScheduleDaoTest.testSaveLessonWhenBothDatesNull(ScheduleDaoTest.java:281)
at java.base/jdk.internal.reflect.NativeMethodAccessorImpl.invoke0(Native Method)
at java.base/jdk.internal.reflect.NativeMethodAccessorImpl.invoke(NativeMethodAccessorImpl.java:77)
at java.base/jdk.internal.reflect.DelegatingMethodAccessorImpl.invoke(DelegatingMethodAccessorImpl.java:43)
at java.base/java.lang.reflect.Method.invoke(Method.java:569)
at org.testng.internal.invokers.MethodInvocationHelper.invokeMethod(MethodInvocationHelper.java:141)
at org.testng.internal.invokers.TestInvoker.invokeMethod(TestInvoker.java:686)
at org.testng.internal.invokers.TestInvoker.invokeTestMethod(TestInvoker.java:230)
at org.testng.internal.invokers.MethodRunner.runInSequence(MethodRunner.java:63)
at org.testng.internal.invokers.TestInvoker$MethodInvocationAgent.invoke(TestInvoker.java:992)
at org.testng.internal.invokers.TestInvoker.invokeTestMethods(TestInvoker.java:203)
at org.testng.internal.invokers.TestMethodWorker.invokeTestMethods(TestMethodWorker.java:154)
at org.testng.internal.invokers.TestMethodWorker.run(TestMethodWorker.java:134)
at java.base/java.util.ArrayList.forEach(ArrayList.java:1511)
at org.testng.TestRunner.privateRun(TestRunner.java:739)
at org.testng.TestRunner.run(TestRunner.java:614)
at org.testng.SuiteRunner.runTest(SuiteRunner.java:421)
at org.testng.SuiteRunner.runSequentially(SuiteRunner.java:413)
at org.testng.SuiteRunner.privateRun(SuiteRunner.java:373)
at org.testng.SuiteRunner.run(SuiteRunner.java:312)
at org.testng.SuiteRunnerWorker.runSuite(SuiteRunnerWorker.java:52)
at org.testng.SuiteRunnerWorker.run(SuiteRunnerWorker.java:95)
at org.testng.TestNG.runSuitesSequentially(TestNG.java:1274)
at org.testng.TestNG.runSuitesLocally(TestNG.java:1208)
at org.testng.TestNG.runSuites(TestNG.java:1112)
at org.testng.TestNG.run(TestNG.java:1079)
at org.apache.maven.surefire.testng.TestNGExecutor.run(TestNGExecutor.java:155)
at org.apache.maven.surefire.testng.TestNGDirectoryTestSuite.executeMulti(TestNGDirectoryTestSuite.java:169)
at org.apache.maven.surefire.testng.TestNGDirectoryTestSuite.execute(TestNGDirectoryTestSuite.java:88)
at org.apache.maven.surefire.testng.TestNGProvider.invoke(TestNGProvider.java:137)
at org.apache.maven.surefire.booter.ForkedBooter.runSuitesInProcess(ForkedBooter.java:385)
at org.apache.maven.surefire.booter.ForkedBooter.execute(ForkedBooter.java:162)
at org.apache.maven.surefire.booter.ForkedBooter.run(ForkedBooter.java:507)
at org.apache.maven.surefire.booter.ForkedBooter.main(ForkedBooter.java:495)
]]>
            </full-stacktrace>
          </exception> <!-- java.lang.RuntimeException -->
          <reporter-output>
          </reporter-output>
        </test-method> <!-- testSaveLessonWhenBothDatesNull -->
        <test-method is-config="true" signature="cleanDatabase()[pri:0, instance:training_center.dao.ScheduleDaoTest@19fb8826]" started-at="2026-04-08T11:11:56 MSK" name="cleanDatabase" finished-at="2026-04-08T11:11:56 MSK" duration-ms="5" status="PASS">
          <reporter-output>
          </reporter-output>
        </test-method> <!-- cleanDatabase -->
        <test-method is-config="true" signature="setUpDao()[pri:0, instance:training_center.dao.ScheduleDaoTest@19fb8826]" started-at="2026-04-08T11:11:56 MSK" name="setUpDao" finished-at="2026-04-08T11:11:56 MSK" duration-ms="0" status="PASS">
          <reporter-output>
          </reporter-output>
        </test-method> <!-- setUpDao -->
        <test-method signature="testSaveLessonWhenCourseNotFound()[pri:0, instance:training_center.dao.ScheduleDaoTest@19fb8826]" started-at="2026-04-08T11:11:56 MSK" name="testSaveLessonWhenCourseNotFound" finished-at="2026-04-08T11:11:56 MSK" duration-ms="198" status="PASS">
          <exception class="java.lang.RuntimeException">
            <message>
              <![CDATA[Курс с id=-999 не найден]]>
            </message>
            <full-stacktrace>
              <![CDATA[java.lang.RuntimeException: Курс с id=-999 не найден
at training_center.dao.ScheduleDao.saveLesson(ScheduleDao.java:108)
at java.base/jdk.internal.reflect.NativeMethodAccessorImpl.invoke0(Native Method)
at java.base/jdk.internal.reflect.NativeMethodAccessorImpl.invoke(NativeMethodAccessorImpl.java:77)
at java.base/jdk.internal.reflect.DelegatingMethodAccessorImpl.invoke(DelegatingMethodAccessorImpl.java:43)
at java.base/java.lang.reflect.Method.invoke(Method.java:569)
at org.springframework.aop.support.AopUtils.invokeJoinpointUsingReflection(AopUtils.java:354)
at org.springframework.aop.framework.ReflectiveMethodInvocation.invokeJoinpoint(ReflectiveMethodInvocation.java:196)
at org.springframework.aop.framework.ReflectiveMethodInvocation.proceed(ReflectiveMethodInvocation.java:163)
at org.springframework.aop.framework.CglibAopProxy$CglibMethodInvocation.proceed(CglibAopProxy.java:768)
at org.springframework.dao.support.PersistenceExceptionTranslationInterceptor.invoke(PersistenceExceptionTranslationInterceptor.java:137)
at org.springframework.aop.framework.ReflectiveMethodInvocation.proceed(ReflectiveMethodInvocation.java:184)
at org.springframework.aop.framework.CglibAopProxy$CglibMethodInvocation.proceed(CglibAopProxy.java:768)
at org.springframework.transaction.interceptor.TransactionInterceptor$1.proceedWithInvocation(TransactionInterceptor.java:123)
at org.springframework.transaction.interceptor.TransactionAspectSupport.invokeWithinTransaction(TransactionAspectSupport.java:392)
at org.springframework.transaction.interceptor.TransactionInterceptor.invoke(TransactionInterceptor.java:119)
at org.springframework.aop.framework.ReflectiveMethodInvocation.proceed(ReflectiveMethodInvocation.java:184)
at org.springframework.aop.framework.CglibAopProxy$CglibMethodInvocation.proceed(CglibAopProxy.java:768)
at org.springframework.aop.framework.CglibAopProxy$DynamicAdvisedInterceptor.intercept(CglibAopProxy.java:720)
at training_center.dao.ScheduleDao$$SpringCGLIB$$0.saveLesson(<generated>)
at training_center.dao.ScheduleDaoTest.testSaveLessonWhenCourseNotFound(ScheduleDaoTest.java:311)
at java.base/jdk.internal.reflect.NativeMethodAccessorImpl.invoke0(Native Method)
at java.base/jdk.internal.reflect.NativeMethodAccessorImpl.invoke(NativeMethodAccessorImpl.java:77)
at java.base/jdk.internal.reflect.DelegatingMethodAccessorImpl.invoke(DelegatingMethodAccessorImpl.java:43)
at java.base/java.lang.reflect.Method.invoke(Method.java:569)
at org.testng.internal.invokers.MethodInvocationHelper.invokeMethod(MethodInvocationHelper.java:141)
at org.testng.internal.invokers.TestInvoker.invokeMethod(TestInvoker.java:686)
at org.testng.internal.invokers.TestInvoker.invokeTestMethod(TestInvoker.java:230)
at org.testng.internal.invokers.MethodRunner.runInSequence(MethodRunner.java:63)
at org.testng.internal.invokers.TestInvoker$MethodInvocationAgent.invoke(TestInvoker.java:992)
at org.testng.internal.invokers.TestInvoker.invokeTestMethods(TestInvoker.java:203)
at org.testng.internal.invokers.TestMethodWorker.invokeTestMethods(TestMethodWorker.java:154)
at org.testng.internal.invokers.TestMethodWorker.run(TestMethodWorker.java:134)
at java.base/java.util.ArrayList.forEach(ArrayList.java:1511)
at org.testng.TestRunner.privateRun(TestRunner.java:739)
at org.testng.TestRunner.run(TestRunner.java:614)
at org.testng.SuiteRunner.runTest(SuiteRunner.java:421)
at org.testng.SuiteRunner.runSequentially(SuiteRunner.java:413)
at org.testng.SuiteRunner.privateRun(SuiteRunner.java:373)
at org.testng.SuiteRunner.run(SuiteRunner.java:312)
at org.testng.SuiteRunnerWorker.runSuite(SuiteRunnerWorker.java:52)
at org.testng.SuiteRunnerWorker.run(SuiteRunnerWorker.java:95)
at org.testng.TestNG.runSuitesSequentially(TestNG.java:1274)
at org.testng.TestNG.runSuitesLocally(TestNG.java:1208)
at org.testng.TestNG.runSuites(TestNG.java:1112)
at org.testng.TestNG.run(TestNG.java:1079)
at org.apache.maven.surefire.testng.TestNGExecutor.run(TestNGExecutor.java:155)
at org.apache.maven.surefire.testng.TestNGDirectoryTestSuite.executeMulti(TestNGDirectoryTestSuite.java:169)
at org.apache.maven.surefire.testng.TestNGDirectoryTestSuite.execute(TestNGDirectoryTestSuite.java:88)
at org.apache.maven.surefire.testng.TestNGProvider.invoke(TestNGProvider.java:137)
at org.apache.maven.surefire.booter.ForkedBooter.runSuitesInProcess(ForkedBooter.java:385)
at org.apache.maven.surefire.booter.ForkedBooter.execute(ForkedBooter.java:162)
at org.apache.maven.surefire.booter.ForkedBooter.run(ForkedBooter.java:507)
at org.apache.maven.surefire.booter.ForkedBooter.main(ForkedBooter.java:495)
]]>
            </full-stacktrace>
          </exception> <!-- java.lang.RuntimeException -->
          <reporter-output>
          </reporter-output>
        </test-method> <!-- testSaveLessonWhenCourseNotFound -->
        <test-method is-config="true" signature="cleanDatabase()[pri:0, instance:training_center.dao.ScheduleDaoTest@19fb8826]" started-at="2026-04-08T11:11:56 MSK" name="cleanDatabase" finished-at="2026-04-08T11:11:56 MSK" duration-ms="19" status="PASS">
          <reporter-output>
          </reporter-output>
        </test-method> <!-- cleanDatabase -->
        <test-method signature="testSaveLessonWhenEndNull()[pri:0, instance:training_center.dao.ScheduleDaoTest@19fb8826]" started-at="2026-04-08T11:11:56 MSK" name="testSaveLessonWhenEndNull" finished-at="2026-04-08T11:11:56 MSK" duration-ms="54" status="PASS">
          <exception class="java.lang.RuntimeException">
            <message>
              <![CDATA[Дата и время занятия не должны быть null]]>
            </message>
            <full-stacktrace>
              <![CDATA[java.lang.RuntimeException: Дата и время занятия не должны быть null
at training_center.dao.ScheduleDao.saveLesson(ScheduleDao.java:99)
at java.base/jdk.internal.reflect.NativeMethodAccessorImpl.invoke0(Native Method)
at java.base/jdk.internal.reflect.NativeMethodAccessorImpl.invoke(NativeMethodAccessorImpl.java:77)
at java.base/jdk.internal.reflect.DelegatingMethodAccessorImpl.invoke(DelegatingMethodAccessorImpl.java:43)
at java.base/java.lang.reflect.Method.invoke(Method.java:569)
at org.springframework.aop.support.AopUtils.invokeJoinpointUsingReflection(AopUtils.java:354)
at org.springframework.aop.framework.ReflectiveMethodInvocation.invokeJoinpoint(ReflectiveMethodInvocation.java:196)
at org.springframework.aop.framework.ReflectiveMethodInvocation.proceed(ReflectiveMethodInvocation.java:163)
at org.springframework.aop.framework.CglibAopProxy$CglibMethodInvocation.proceed(CglibAopProxy.java:768)
at org.springframework.dao.support.PersistenceExceptionTranslationInterceptor.invoke(PersistenceExceptionTranslationInterceptor.java:137)
at org.springframework.aop.framework.ReflectiveMethodInvocation.proceed(ReflectiveMethodInvocation.java:184)
at org.springframework.aop.framework.CglibAopProxy$CglibMethodInvocation.proceed(CglibAopProxy.java:768)
at org.springframework.transaction.interceptor.TransactionInterceptor$1.proceedWithInvocation(TransactionInterceptor.java:123)
at org.springframework.transaction.interceptor.TransactionAspectSupport.invokeWithinTransaction(TransactionAspectSupport.java:392)
at org.springframework.transaction.interceptor.TransactionInterceptor.invoke(TransactionInterceptor.java:119)
at org.springframework.aop.framework.ReflectiveMethodInvocation.proceed(ReflectiveMethodInvocation.java:184)
at org.springframework.aop.framework.CglibAopProxy$CglibMethodInvocation.proceed(CglibAopProxy.java:768)
at org.springframework.aop.framework.CglibAopProxy$DynamicAdvisedInterceptor.intercept(CglibAopProxy.java:720)
at training_center.dao.ScheduleDao$$SpringCGLIB$$0.saveLesson(<generated>)
at training_center.dao.ScheduleDaoTest.testSaveLessonWhenEndNull(ScheduleDaoTest.java:291)
at java.base/jdk.internal.reflect.NativeMethodAccessorImpl.invoke0(Native Method)
at java.base/jdk.internal.reflect.NativeMethodAccessorImpl.invoke(NativeMethodAccessorImpl.java:77)
at java.base/jdk.internal.reflect.DelegatingMethodAccessorImpl.invoke(DelegatingMethodAccessorImpl.java:43)
at java.base/java.lang.reflect.Method.invoke(Method.java:569)
at org.testng.internal.invokers.MethodInvocationHelper.invokeMethod(MethodInvocationHelper.java:141)
at org.testng.internal.invokers.TestInvoker.invokeMethod(TestInvoker.java:686)
at org.testng.internal.invokers.TestInvoker.invokeTestMethod(TestInvoker.java:230)
at org.testng.internal.invokers.MethodRunner.runInSequence(MethodRunner.java:63)
at org.testng.internal.invokers.TestInvoker$MethodInvocationAgent.invoke(TestInvoker.java:992)
at org.testng.internal.invokers.TestInvoker.invokeTestMethods(TestInvoker.java:203)
at org.testng.internal.invokers.TestMethodWorker.invokeTestMethods(TestMethodWorker.java:154)
at org.testng.internal.invokers.TestMethodWorker.run(TestMethodWorker.java:134)
at java.base/java.util.ArrayList.forEach(ArrayList.java:1511)
at org.testng.TestRunner.privateRun(TestRunner.java:739)
at org.testng.TestRunner.run(TestRunner.java:614)
at org.testng.SuiteRunner.runTest(SuiteRunner.java:421)
at org.testng.SuiteRunner.runSequentially(SuiteRunner.java:413)
at org.testng.SuiteRunner.privateRun(SuiteRunner.java:373)
at org.testng.SuiteRunner.run(SuiteRunner.java:312)
at org.testng.SuiteRunnerWorker.runSuite(SuiteRunnerWorker.java:52)
at org.testng.SuiteRunnerWorker.run(SuiteRunnerWorker.java:95)
at org.testng.TestNG.runSuitesSequentially(TestNG.java:1274)
at org.testng.TestNG.runSuitesLocally(TestNG.java:1208)
at org.testng.TestNG.runSuites(TestNG.java:1112)
at org.testng.TestNG.run(TestNG.java:1079)
at org.apache.maven.surefire.testng.TestNGExecutor.run(TestNGExecutor.java:155)
at org.apache.maven.surefire.testng.TestNGDirectoryTestSuite.executeMulti(TestNGDirectoryTestSuite.java:169)
at org.apache.maven.surefire.testng.TestNGDirectoryTestSuite.execute(TestNGDirectoryTestSuite.java:88)
at org.apache.maven.surefire.testng.TestNGProvider.invoke(TestNGProvider.java:137)
at org.apache.maven.surefire.booter.ForkedBooter.runSuitesInProcess(ForkedBooter.java:385)
at org.apache.maven.surefire.booter.ForkedBooter.execute(ForkedBooter.java:162)
at org.apache.maven.surefire.booter.ForkedBooter.run(ForkedBooter.java:507)
at org.apache.maven.surefire.booter.ForkedBooter.main(ForkedBooter.java:495)
]]>
            </full-stacktrace>
          </exception> <!-- java.lang.RuntimeException -->
          <reporter-output>
          </reporter-output>
        </test-method> <!-- testSaveLessonWhenEndNull -->
        <test-method is-config="true" signature="setUpDao()[pri:0, instance:training_center.dao.ScheduleDaoTest@19fb8826]" started-at="2026-04-08T11:11:56 MSK" name="setUpDao" finished-at="2026-04-08T11:11:56 MSK" duration-ms="0" status="PASS">
          <reporter-output>
          </reporter-output>
        </test-method> <!-- setUpDao -->
        <test-method is-config="true" signature="cleanDatabase()[pri:0, instance:training_center.dao.ScheduleDaoTest@19fb8826]" started-at="2026-04-08T11:11:56 MSK" name="cleanDatabase" finished-at="2026-04-08T11:11:56 MSK" duration-ms="3" status="PASS">
          <reporter-output>
          </reporter-output>
        </test-method> <!-- cleanDatabase -->
        <test-method is-config="true" signature="setUpDao()[pri:0, instance:training_center.dao.ScheduleDaoTest@19fb8826]" started-at="2026-04-08T11:11:56 MSK" name="setUpDao" finished-at="2026-04-08T11:11:56 MSK" duration-ms="1" status="PASS">
          <reporter-output>
          </reporter-output>
        </test-method> <!-- setUpDao -->
        <test-method signature="testSaveLessonWhenInvalidInterval()[pri:0, instance:training_center.dao.ScheduleDaoTest@19fb8826]" started-at="2026-04-08T11:11:56 MSK" name="testSaveLessonWhenInvalidInterval" finished-at="2026-04-08T11:11:56 MSK" duration-ms="179" status="PASS">
          <exception class="java.lang.RuntimeException">
            <message>
              <![CDATA[Некорректный временной интервал: endAt должен быть больше startAt]]>
            </message>
            <full-stacktrace>
              <![CDATA[java.lang.RuntimeException: Некорректный временной интервал: endAt должен быть больше startAt
at training_center.dao.ScheduleDao.saveLesson(ScheduleDao.java:103)
at java.base/jdk.internal.reflect.NativeMethodAccessorImpl.invoke0(Native Method)
at java.base/jdk.internal.reflect.NativeMethodAccessorImpl.invoke(NativeMethodAccessorImpl.java:77)
at java.base/jdk.internal.reflect.DelegatingMethodAccessorImpl.invoke(DelegatingMethodAccessorImpl.java:43)
at java.base/java.lang.reflect.Method.invoke(Method.java:569)
at org.springframework.aop.support.AopUtils.invokeJoinpointUsingReflection(AopUtils.java:354)
at org.springframework.aop.framework.ReflectiveMethodInvocation.invokeJoinpoint(ReflectiveMethodInvocation.java:196)
at org.springframework.aop.framework.ReflectiveMethodInvocation.proceed(ReflectiveMethodInvocation.java:163)
at org.springframework.aop.framework.CglibAopProxy$CglibMethodInvocation.proceed(CglibAopProxy.java:768)
at org.springframework.dao.support.PersistenceExceptionTranslationInterceptor.invoke(PersistenceExceptionTranslationInterceptor.java:137)
at org.springframework.aop.framework.ReflectiveMethodInvocation.proceed(ReflectiveMethodInvocation.java:184)
at org.springframework.aop.framework.CglibAopProxy$CglibMethodInvocation.proceed(CglibAopProxy.java:768)
at org.springframework.transaction.interceptor.TransactionInterceptor$1.proceedWithInvocation(TransactionInterceptor.java:123)
at org.springframework.transaction.interceptor.TransactionAspectSupport.invokeWithinTransaction(TransactionAspectSupport.java:392)
at org.springframework.transaction.interceptor.TransactionInterceptor.invoke(TransactionInterceptor.java:119)
at org.springframework.aop.framework.ReflectiveMethodInvocation.proceed(ReflectiveMethodInvocation.java:184)
at org.springframework.aop.framework.CglibAopProxy$CglibMethodInvocation.proceed(CglibAopProxy.java:768)
at org.springframework.aop.framework.CglibAopProxy$DynamicAdvisedInterceptor.intercept(CglibAopProxy.java:720)
at training_center.dao.ScheduleDao$$SpringCGLIB$$0.saveLesson(<generated>)
at training_center.dao.ScheduleDaoTest.testSaveLessonWhenInvalidInterval(ScheduleDaoTest.java:297)
at java.base/jdk.internal.reflect.NativeMethodAccessorImpl.invoke0(Native Method)
at java.base/jdk.internal.reflect.NativeMethodAccessorImpl.invoke(NativeMethodAccessorImpl.java:77)
at java.base/jdk.internal.reflect.DelegatingMethodAccessorImpl.invoke(DelegatingMethodAccessorImpl.java:43)
at java.base/java.lang.reflect.Method.invoke(Method.java:569)
at org.testng.internal.invokers.MethodInvocationHelper.invokeMethod(MethodInvocationHelper.java:141)
at org.testng.internal.invokers.TestInvoker.invokeMethod(TestInvoker.java:686)
at org.testng.internal.invokers.TestInvoker.invokeTestMethod(TestInvoker.java:230)
at org.testng.internal.invokers.MethodRunner.runInSequence(MethodRunner.java:63)
at org.testng.internal.invokers.TestInvoker$MethodInvocationAgent.invoke(TestInvoker.java:992)
at org.testng.internal.invokers.TestInvoker.invokeTestMethods(TestInvoker.java:203)
at org.testng.internal.invokers.TestMethodWorker.invokeTestMethods(TestMethodWorker.java:154)
at org.testng.internal.invokers.TestMethodWorker.run(TestMethodWorker.java:134)
at java.base/java.util.ArrayList.forEach(ArrayList.java:1511)
at org.testng.TestRunner.privateRun(TestRunner.java:739)
at org.testng.TestRunner.run(TestRunner.java:614)
at org.testng.SuiteRunner.runTest(SuiteRunner.java:421)
at org.testng.SuiteRunner.runSequentially(SuiteRunner.java:413)
at org.testng.SuiteRunner.privateRun(SuiteRunner.java:373)
at org.testng.SuiteRunner.run(SuiteRunner.java:312)
at org.testng.SuiteRunnerWorker.runSuite(SuiteRunnerWorker.java:52)
at org.testng.SuiteRunnerWorker.run(SuiteRunnerWorker.java:95)
at org.testng.TestNG.runSuitesSequentially(TestNG.java:1274)
at org.testng.TestNG.runSuitesLocally(TestNG.java:1208)
at org.testng.TestNG.runSuites(TestNG.java:1112)
at org.testng.TestNG.run(TestNG.java:1079)
at org.apache.maven.surefire.testng.TestNGExecutor.run(TestNGExecutor.java:155)
at org.apache.maven.surefire.testng.TestNGDirectoryTestSuite.executeMulti(TestNGDirectoryTestSuite.java:169)
at org.apache.maven.surefire.testng.TestNGDirectoryTestSuite.execute(TestNGDirectoryTestSuite.java:88)
at org.apache.maven.surefire.testng.TestNGProvider.invoke(TestNGProvider.java:137)
at org.apache.maven.surefire.booter.ForkedBooter.runSuitesInProcess(ForkedBooter.java:385)
at org.apache.maven.surefire.booter.ForkedBooter.execute(ForkedBooter.java:162)
at org.apache.maven.surefire.booter.ForkedBooter.run(ForkedBooter.java:507)
at org.apache.maven.surefire.booter.ForkedBooter.main(ForkedBooter.java:495)
]]>
            </full-stacktrace>
          </exception> <!-- java.lang.RuntimeException -->
          <reporter-output>
          </reporter-output>
        </test-method> <!-- testSaveLessonWhenInvalidInterval -->
        <test-method is-config="true" signature="cleanDatabase()[pri:0, instance:training_center.dao.ScheduleDaoTest@19fb8826]" started-at="2026-04-08T11:11:56 MSK" name="cleanDatabase" finished-at="2026-04-08T11:11:56 MSK" duration-ms="3" status="PASS">
          <reporter-output>
          </reporter-output>
        </test-method> <!-- cleanDatabase -->
        <test-method signature="testSaveLessonWhenStartNull()[pri:0, instance:training_center.dao.ScheduleDaoTest@19fb8826]" started-at="2026-04-08T11:11:56 MSK" name="testSaveLessonWhenStartNull" finished-at="2026-04-08T11:11:56 MSK" duration-ms="170" status="PASS">
          <exception class="java.lang.RuntimeException">
            <message>
              <![CDATA[Дата и время занятия не должны быть null]]>
            </message>
            <full-stacktrace>
              <![CDATA[java.lang.RuntimeException: Дата и время занятия не должны быть null
at training_center.dao.ScheduleDao.saveLesson(ScheduleDao.java:99)
at java.base/jdk.internal.reflect.NativeMethodAccessorImpl.invoke0(Native Method)
at java.base/jdk.internal.reflect.NativeMethodAccessorImpl.invoke(NativeMethodAccessorImpl.java:77)
at java.base/jdk.internal.reflect.DelegatingMethodAccessorImpl.invoke(DelegatingMethodAccessorImpl.java:43)
at java.base/java.lang.reflect.Method.invoke(Method.java:569)
at org.springframework.aop.support.AopUtils.invokeJoinpointUsingReflection(AopUtils.java:354)
at org.springframework.aop.framework.ReflectiveMethodInvocation.invokeJoinpoint(ReflectiveMethodInvocation.java:196)
at org.springframework.aop.framework.ReflectiveMethodInvocation.proceed(ReflectiveMethodInvocation.java:163)
at org.springframework.aop.framework.CglibAopProxy$CglibMethodInvocation.proceed(CglibAopProxy.java:768)
at org.springframework.dao.support.PersistenceExceptionTranslationInterceptor.invoke(PersistenceExceptionTranslationInterceptor.java:137)
at org.springframework.aop.framework.ReflectiveMethodInvocation.proceed(ReflectiveMethodInvocation.java:184)
at org.springframework.aop.framework.CglibAopProxy$CglibMethodInvocation.proceed(CglibAopProxy.java:768)
at org.springframework.transaction.interceptor.TransactionInterceptor$1.proceedWithInvocation(TransactionInterceptor.java:123)
at org.springframework.transaction.interceptor.TransactionAspectSupport.invokeWithinTransaction(TransactionAspectSupport.java:392)
at org.springframework.transaction.interceptor.TransactionInterceptor.invoke(TransactionInterceptor.java:119)
at org.springframework.aop.framework.ReflectiveMethodInvocation.proceed(ReflectiveMethodInvocation.java:184)
at org.springframework.aop.framework.CglibAopProxy$CglibMethodInvocation.proceed(CglibAopProxy.java:768)
at org.springframework.aop.framework.CglibAopProxy$DynamicAdvisedInterceptor.intercept(CglibAopProxy.java:720)
at training_center.dao.ScheduleDao$$SpringCGLIB$$0.saveLesson(<generated>)
at training_center.dao.ScheduleDaoTest.testSaveLessonWhenStartNull(ScheduleDaoTest.java:286)
at java.base/jdk.internal.reflect.NativeMethodAccessorImpl.invoke0(Native Method)
at java.base/jdk.internal.reflect.NativeMethodAccessorImpl.invoke(NativeMethodAccessorImpl.java:77)
at java.base/jdk.internal.reflect.DelegatingMethodAccessorImpl.invoke(DelegatingMethodAccessorImpl.java:43)
at java.base/java.lang.reflect.Method.invoke(Method.java:569)
at org.testng.internal.invokers.MethodInvocationHelper.invokeMethod(MethodInvocationHelper.java:141)
at org.testng.internal.invokers.TestInvoker.invokeMethod(TestInvoker.java:686)
at org.testng.internal.invokers.TestInvoker.invokeTestMethod(TestInvoker.java:230)
at org.testng.internal.invokers.MethodRunner.runInSequence(MethodRunner.java:63)
at org.testng.internal.invokers.TestInvoker$MethodInvocationAgent.invoke(TestInvoker.java:992)
at org.testng.internal.invokers.TestInvoker.invokeTestMethods(TestInvoker.java:203)
at org.testng.internal.invokers.TestMethodWorker.invokeTestMethods(TestMethodWorker.java:154)
at org.testng.internal.invokers.TestMethodWorker.run(TestMethodWorker.java:134)
at java.base/java.util.ArrayList.forEach(ArrayList.java:1511)
at org.testng.TestRunner.privateRun(TestRunner.java:739)
at org.testng.TestRunner.run(TestRunner.java:614)
at org.testng.SuiteRunner.runTest(SuiteRunner.java:421)
at org.testng.SuiteRunner.runSequentially(SuiteRunner.java:413)
at org.testng.SuiteRunner.privateRun(SuiteRunner.java:373)
at org.testng.SuiteRunner.run(SuiteRunner.java:312)
at org.testng.SuiteRunnerWorker.runSuite(SuiteRunnerWorker.java:52)
at org.testng.SuiteRunnerWorker.run(SuiteRunnerWorker.java:95)
at org.testng.TestNG.runSuitesSequentially(TestNG.java:1274)
at org.testng.TestNG.runSuitesLocally(TestNG.java:1208)
at org.testng.TestNG.runSuites(TestNG.java:1112)
at org.testng.TestNG.run(TestNG.java:1079)
at org.apache.maven.surefire.testng.TestNGExecutor.run(TestNGExecutor.java:155)
at org.apache.maven.surefire.testng.TestNGDirectoryTestSuite.executeMulti(TestNGDirectoryTestSuite.java:169)
at org.apache.maven.surefire.testng.TestNGDirectoryTestSuite.execute(TestNGDirectoryTestSuite.java:88)
at org.apache.maven.surefire.testng.TestNGProvider.invoke(TestNGProvider.java:137)
at org.apache.maven.surefire.booter.ForkedBooter.runSuitesInProcess(ForkedBooter.java:385)
at org.apache.maven.surefire.booter.ForkedBooter.execute(ForkedBooter.java:162)
at org.apache.maven.surefire.booter.ForkedBooter.run(ForkedBooter.java:507)
at org.apache.maven.surefire.booter.ForkedBooter.main(ForkedBooter.java:495)
]]>
            </full-stacktrace>
          </exception> <!-- java.lang.RuntimeException -->
          <reporter-output>
          </reporter-output>
        </test-method> <!-- testSaveLessonWhenStartNull -->
        <test-method is-config="true" signature="setUpDao()[pri:0, instance:training_center.dao.ScheduleDaoTest@19fb8826]" started-at="2026-04-08T11:11:56 MSK" name="setUpDao" finished-at="2026-04-08T11:11:56 MSK" duration-ms="0" status="PASS">
          <reporter-output>
          </reporter-output>
        </test-method> <!-- setUpDao -->
        <test-method is-config="true" signature="cleanDatabase()[pri:0, instance:training_center.dao.ScheduleDaoTest@19fb8826]" started-at="2026-04-08T11:11:56 MSK" name="cleanDatabase" finished-at="2026-04-08T11:11:56 MSK" duration-ms="5" status="PASS">
          <reporter-output>
          </reporter-output>
        </test-method> <!-- cleanDatabase -->
        <test-method signature="testSaveLessonWhenTeacherNotAssignedToCourse()[pri:0, instance:training_center.dao.ScheduleDaoTest@19fb8826]" started-at="2026-04-08T11:11:56 MSK" name="testSaveLessonWhenTeacherNotAssignedToCourse" finished-at="2026-04-08T11:11:57 MSK" duration-ms="290" status="PASS">
          <exception class="java.lang.RuntimeException">
            <message>
              <![CDATA[Преподаватель не назначен на данный курс]]>
            </message>
            <full-stacktrace>
              <![CDATA[java.lang.RuntimeException: Преподаватель не назначен на данный курс
at training_center.dao.ScheduleDao.saveLesson(ScheduleDao.java:120)
at java.base/jdk.internal.reflect.NativeMethodAccessorImpl.invoke0(Native Method)
at java.base/jdk.internal.reflect.NativeMethodAccessorImpl.invoke(NativeMethodAccessorImpl.java:77)
at java.base/jdk.internal.reflect.DelegatingMethodAccessorImpl.invoke(DelegatingMethodAccessorImpl.java:43)
at java.base/java.lang.reflect.Method.invoke(Method.java:569)
at org.springframework.aop.support.AopUtils.invokeJoinpointUsingReflection(AopUtils.java:354)
at org.springframework.aop.framework.ReflectiveMethodInvocation.invokeJoinpoint(ReflectiveMethodInvocation.java:196)
at org.springframework.aop.framework.ReflectiveMethodInvocation.proceed(ReflectiveMethodInvocation.java:163)
at org.springframework.aop.framework.CglibAopProxy$CglibMethodInvocation.proceed(CglibAopProxy.java:768)
at org.springframework.dao.support.PersistenceExceptionTranslationInterceptor.invoke(PersistenceExceptionTranslationInterceptor.java:137)
at org.springframework.aop.framework.ReflectiveMethodInvocation.proceed(ReflectiveMethodInvocation.java:184)
at org.springframework.aop.framework.CglibAopProxy$CglibMethodInvocation.proceed(CglibAopProxy.java:768)
at org.springframework.transaction.interceptor.TransactionInterceptor$1.proceedWithInvocation(TransactionInterceptor.java:123)
at org.springframework.transaction.interceptor.TransactionAspectSupport.invokeWithinTransaction(TransactionAspectSupport.java:392)
at org.springframework.transaction.interceptor.TransactionInterceptor.invoke(TransactionInterceptor.java:119)
at org.springframework.aop.framework.ReflectiveMethodInvocation.proceed(ReflectiveMethodInvocation.java:184)
at org.springframework.aop.framework.CglibAopProxy$CglibMethodInvocation.proceed(CglibAopProxy.java:768)
at org.springframework.aop.framework.CglibAopProxy$DynamicAdvisedInterceptor.intercept(CglibAopProxy.java:720)
at training_center.dao.ScheduleDao$$SpringCGLIB$$0.saveLesson(<generated>)
at training_center.dao.ScheduleDaoTest.testSaveLessonWhenTeacherNotAssignedToCourse(ScheduleDaoTest.java:342)
at java.base/jdk.internal.reflect.NativeMethodAccessorImpl.invoke0(Native Method)
at java.base/jdk.internal.reflect.NativeMethodAccessorImpl.invoke(NativeMethodAccessorImpl.java:77)
at java.base/jdk.internal.reflect.DelegatingMethodAccessorImpl.invoke(DelegatingMethodAccessorImpl.java:43)
at java.base/java.lang.reflect.Method.invoke(Method.java:569)
at org.testng.internal.invokers.MethodInvocationHelper.invokeMethod(MethodInvocationHelper.java:141)
at org.testng.internal.invokers.TestInvoker.invokeMethod(TestInvoker.java:686)
at org.testng.internal.invokers.TestInvoker.invokeTestMethod(TestInvoker.java:230)
at org.testng.internal.invokers.MethodRunner.runInSequence(MethodRunner.java:63)
at org.testng.internal.invokers.TestInvoker$MethodInvocationAgent.invoke(TestInvoker.java:992)
at org.testng.internal.invokers.TestInvoker.invokeTestMethods(TestInvoker.java:203)
at org.testng.internal.invokers.TestMethodWorker.invokeTestMethods(TestMethodWorker.java:154)
at org.testng.internal.invokers.TestMethodWorker.run(TestMethodWorker.java:134)
at java.base/java.util.ArrayList.forEach(ArrayList.java:1511)
at org.testng.TestRunner.privateRun(TestRunner.java:739)
at org.testng.TestRunner.run(TestRunner.java:614)
at org.testng.SuiteRunner.runTest(SuiteRunner.java:421)
at org.testng.SuiteRunner.runSequentially(SuiteRunner.java:413)
at org.testng.SuiteRunner.privateRun(SuiteRunner.java:373)
at org.testng.SuiteRunner.run(SuiteRunner.java:312)
at org.testng.SuiteRunnerWorker.runSuite(SuiteRunnerWorker.java:52)
at org.testng.SuiteRunnerWorker.run(SuiteRunnerWorker.java:95)
at org.testng.TestNG.runSuitesSequentially(TestNG.java:1274)
at org.testng.TestNG.runSuitesLocally(TestNG.java:1208)
at org.testng.TestNG.runSuites(TestNG.java:1112)
at org.testng.TestNG.run(TestNG.java:1079)
at org.apache.maven.surefire.testng.TestNGExecutor.run(TestNGExecutor.java:155)
at org.apache.maven.surefire.testng.TestNGDirectoryTestSuite.executeMulti(TestNGDirectoryTestSuite.java:169)
at org.apache.maven.surefire.testng.TestNGDirectoryTestSuite.execute(TestNGDirectoryTestSuite.java:88)
at org.apache.maven.surefire.testng.TestNGProvider.invoke(TestNGProvider.java:137)
at org.apache.maven.surefire.booter.ForkedBooter.runSuitesInProcess(ForkedBooter.java:385)
at org.apache.maven.surefire.booter.ForkedBooter.execute(ForkedBooter.java:162)
at org.apache.maven.surefire.booter.ForkedBooter.run(ForkedBooter.java:507)
at org.apache.maven.surefire.booter.ForkedBooter.main(ForkedBooter.java:495)
]]>
            </full-stacktrace>
          </exception> <!-- java.lang.RuntimeException -->
          <reporter-output>
          </reporter-output>
        </test-method> <!-- testSaveLessonWhenTeacherNotAssignedToCourse -->
        <test-method is-config="true" signature="setUpDao()[pri:0, instance:training_center.dao.ScheduleDaoTest@19fb8826]" started-at="2026-04-08T11:11:56 MSK" name="setUpDao" finished-at="2026-04-08T11:11:56 MSK" duration-ms="0" status="PASS">
          <reporter-output>
          </reporter-output>
        </test-method> <!-- setUpDao -->
        <test-method is-config="true" signature="cleanDatabase()[pri:0, instance:training_center.dao.ScheduleDaoTest@19fb8826]" started-at="2026-04-08T11:11:57 MSK" name="cleanDatabase" finished-at="2026-04-08T11:11:57 MSK" duration-ms="14" status="PASS">
          <reporter-output>
          </reporter-output>
        </test-method> <!-- cleanDatabase -->
        <test-method signature="testSaveLessonWhenTeacherNotFound()[pri:0, instance:training_center.dao.ScheduleDaoTest@19fb8826]" started-at="2026-04-08T11:11:57 MSK" name="testSaveLessonWhenTeacherNotFound" finished-at="2026-04-08T11:11:57 MSK" duration-ms="218" status="PASS">
          <exception class="java.lang.RuntimeException">
            <message>
              <![CDATA[Преподаватель с id=-999 не найден]]>
            </message>
            <full-stacktrace>
              <![CDATA[java.lang.RuntimeException: Преподаватель с id=-999 не найден
at training_center.dao.ScheduleDao.saveLesson(ScheduleDao.java:113)
at java.base/jdk.internal.reflect.NativeMethodAccessorImpl.invoke0(Native Method)
at java.base/jdk.internal.reflect.NativeMethodAccessorImpl.invoke(NativeMethodAccessorImpl.java:77)
at java.base/jdk.internal.reflect.DelegatingMethodAccessorImpl.invoke(DelegatingMethodAccessorImpl.java:43)
at java.base/java.lang.reflect.Method.invoke(Method.java:569)
at org.springframework.aop.support.AopUtils.invokeJoinpointUsingReflection(AopUtils.java:354)
at org.springframework.aop.framework.ReflectiveMethodInvocation.invokeJoinpoint(ReflectiveMethodInvocation.java:196)
at org.springframework.aop.framework.ReflectiveMethodInvocation.proceed(ReflectiveMethodInvocation.java:163)
at org.springframework.aop.framework.CglibAopProxy$CglibMethodInvocation.proceed(CglibAopProxy.java:768)
at org.springframework.dao.support.PersistenceExceptionTranslationInterceptor.invoke(PersistenceExceptionTranslationInterceptor.java:137)
at org.springframework.aop.framework.ReflectiveMethodInvocation.proceed(ReflectiveMethodInvocation.java:184)
at org.springframework.aop.framework.CglibAopProxy$CglibMethodInvocation.proceed(CglibAopProxy.java:768)
at org.springframework.transaction.interceptor.TransactionInterceptor$1.proceedWithInvocation(TransactionInterceptor.java:123)
at org.springframework.transaction.interceptor.TransactionAspectSupport.invokeWithinTransaction(TransactionAspectSupport.java:392)
at org.springframework.transaction.interceptor.TransactionInterceptor.invoke(TransactionInterceptor.java:119)
at org.springframework.aop.framework.ReflectiveMethodInvocation.proceed(ReflectiveMethodInvocation.java:184)
at org.springframework.aop.framework.CglibAopProxy$CglibMethodInvocation.proceed(CglibAopProxy.java:768)
at org.springframework.aop.framework.CglibAopProxy$DynamicAdvisedInterceptor.intercept(CglibAopProxy.java:720)
at training_center.dao.ScheduleDao$$SpringCGLIB$$0.saveLesson(<generated>)
at training_center.dao.ScheduleDaoTest.testSaveLessonWhenTeacherNotFound(ScheduleDaoTest.java:325)
at java.base/jdk.internal.reflect.NativeMethodAccessorImpl.invoke0(Native Method)
at java.base/jdk.internal.reflect.NativeMethodAccessorImpl.invoke(NativeMethodAccessorImpl.java:77)
at java.base/jdk.internal.reflect.DelegatingMethodAccessorImpl.invoke(DelegatingMethodAccessorImpl.java:43)
at java.base/java.lang.reflect.Method.invoke(Method.java:569)
at org.testng.internal.invokers.MethodInvocationHelper.invokeMethod(MethodInvocationHelper.java:141)
at org.testng.internal.invokers.TestInvoker.invokeMethod(TestInvoker.java:686)
at org.testng.internal.invokers.TestInvoker.invokeTestMethod(TestInvoker.java:230)
at org.testng.internal.invokers.MethodRunner.runInSequence(MethodRunner.java:63)
at org.testng.internal.invokers.TestInvoker$MethodInvocationAgent.invoke(TestInvoker.java:992)
at org.testng.internal.invokers.TestInvoker.invokeTestMethods(TestInvoker.java:203)
at org.testng.internal.invokers.TestMethodWorker.invokeTestMethods(TestMethodWorker.java:154)
at org.testng.internal.invokers.TestMethodWorker.run(TestMethodWorker.java:134)
at java.base/java.util.ArrayList.forEach(ArrayList.java:1511)
at org.testng.TestRunner.privateRun(TestRunner.java:739)
at org.testng.TestRunner.run(TestRunner.java:614)
at org.testng.SuiteRunner.runTest(SuiteRunner.java:421)
at org.testng.SuiteRunner.runSequentially(SuiteRunner.java:413)
at org.testng.SuiteRunner.privateRun(SuiteRunner.java:373)
at org.testng.SuiteRunner.run(SuiteRunner.java:312)
at org.testng.SuiteRunnerWorker.runSuite(SuiteRunnerWorker.java:52)
at org.testng.SuiteRunnerWorker.run(SuiteRunnerWorker.java:95)
at org.testng.TestNG.runSuitesSequentially(TestNG.java:1274)
at org.testng.TestNG.runSuitesLocally(TestNG.java:1208)
at org.testng.TestNG.runSuites(TestNG.java:1112)
at org.testng.TestNG.run(TestNG.java:1079)
at org.apache.maven.surefire.testng.TestNGExecutor.run(TestNGExecutor.java:155)
at org.apache.maven.surefire.testng.TestNGDirectoryTestSuite.executeMulti(TestNGDirectoryTestSuite.java:169)
at org.apache.maven.surefire.testng.TestNGDirectoryTestSuite.execute(TestNGDirectoryTestSuite.java:88)
at org.apache.maven.surefire.testng.TestNGProvider.invoke(TestNGProvider.java:137)
at org.apache.maven.surefire.booter.ForkedBooter.runSuitesInProcess(ForkedBooter.java:385)
at org.apache.maven.surefire.booter.ForkedBooter.execute(ForkedBooter.java:162)
at org.apache.maven.surefire.booter.ForkedBooter.run(ForkedBooter.java:507)
at org.apache.maven.surefire.booter.ForkedBooter.main(ForkedBooter.java:495)
]]>
            </full-stacktrace>
          </exception> <!-- java.lang.RuntimeException -->
          <reporter-output>
          </reporter-output>
        </test-method> <!-- testSaveLessonWhenTeacherNotFound -->
        <test-method is-config="true" signature="setUpDao()[pri:0, instance:training_center.dao.ScheduleDaoTest@19fb8826]" started-at="2026-04-08T11:11:57 MSK" name="setUpDao" finished-at="2026-04-08T11:11:57 MSK" duration-ms="0" status="PASS">
          <reporter-output>
          </reporter-output>
        </test-method> <!-- setUpDao -->
        <test-method is-config="true" signature="cleanDatabase()[pri:0, instance:training_center.dao.ScheduleDaoTest@19fb8826]" started-at="2026-04-08T11:11:57 MSK" name="cleanDatabase" finished-at="2026-04-08T11:11:57 MSK" duration-ms="18" status="PASS">
          <reporter-output>
          </reporter-output>
        </test-method> <!-- cleanDatabase -->
        <test-method is-config="true" signature="setUpDao()[pri:0, instance:training_center.dao.ScheduleDaoTest@19fb8826]" started-at="2026-04-08T11:11:57 MSK" name="setUpDao" finished-at="2026-04-08T11:11:57 MSK" duration-ms="1" status="PASS">
          <reporter-output>
          </reporter-output>
        </test-method> <!-- setUpDao -->
        <test-method signature="testUpdate()[pri:0, instance:training_center.dao.ScheduleDaoTest@19fb8826]" started-at="2026-04-08T11:11:57 MSK" name="testUpdate" finished-at="2026-04-08T11:11:57 MSK" duration-ms="487" status="PASS">
          <reporter-output>
          </reporter-output>
        </test-method> <!-- testUpdate -->
        <test-method is-config="true" signature="tearDownClass()[pri:0, instance:training_center.dao.ScheduleDaoTest@19fb8826]" started-at="2026-04-08T11:11:57 MSK" name="tearDownClass" finished-at="2026-04-08T11:11:57 MSK" duration-ms="2" status="PASS">
          <reporter-output>
          </reporter-output>
        </test-method> <!-- tearDownClass -->
      </class> <!-- training_center.dao.ScheduleDaoTest -->
      <class name="training_center.dao.StudentDaoTest">
        <test-method is-config="true" signature="setUpClass()[pri:0, instance:training_center.dao.StudentDaoTest@192d74fb]" started-at="2026-04-08T11:11:57 MSK" name="setUpClass" finished-at="2026-04-08T11:11:58 MSK" duration-ms="358" status="PASS">
          <reporter-output>
          </reporter-output>
        </test-method> <!-- setUpClass -->
        <test-method is-config="true" signature="cleanDatabase()[pri:0, instance:training_center.dao.StudentDaoTest@192d74fb]" started-at="2026-04-08T11:11:58 MSK" name="cleanDatabase" finished-at="2026-04-08T11:11:58 MSK" duration-ms="88" status="PASS">
          <reporter-output>
          </reporter-output>
        </test-method> <!-- cleanDatabase -->
        <test-method is-config="true" signature="setUpDao()[pri:0, instance:training_center.dao.StudentDaoTest@192d74fb]" started-at="2026-04-08T11:11:58 MSK" name="setUpDao" finished-at="2026-04-08T11:11:58 MSK" duration-ms="1" status="PASS">
          <reporter-output>
          </reporter-output>
        </test-method> <!-- setUpDao -->
        <test-method signature="testDelete()[pri:0, instance:training_center.dao.StudentDaoTest@192d74fb]" started-at="2026-04-08T11:11:58 MSK" name="testDelete" finished-at="2026-04-08T11:11:58 MSK" duration-ms="208" status="PASS">
          <reporter-output>
          </reporter-output>
        </test-method> <!-- testDelete -->
        <test-method is-config="true" signature="cleanDatabase()[pri:0, instance:training_center.dao.StudentDaoTest@192d74fb]" started-at="2026-04-08T11:11:58 MSK" name="cleanDatabase" finished-at="2026-04-08T11:11:58 MSK" duration-ms="5" status="PASS">
          <reporter-output>
          </reporter-output>
        </test-method> <!-- cleanDatabase -->
        <test-method is-config="true" signature="setUpDao()[pri:0, instance:training_center.dao.StudentDaoTest@192d74fb]" started-at="2026-04-08T11:11:58 MSK" name="setUpDao" finished-at="2026-04-08T11:11:58 MSK" duration-ms="1" status="PASS">
          <reporter-output>
          </reporter-output>
        </test-method> <!-- setUpDao -->
        <test-method signature="testDeleteById()[pri:0, instance:training_center.dao.StudentDaoTest@192d74fb]" started-at="2026-04-08T11:11:58 MSK" name="testDeleteById" finished-at="2026-04-08T11:11:58 MSK" duration-ms="208" status="PASS">
          <reporter-output>
          </reporter-output>
        </test-method> <!-- testDeleteById -->
        <test-method is-config="true" signature="cleanDatabase()[pri:0, instance:training_center.dao.StudentDaoTest@192d74fb]" started-at="2026-04-08T11:11:58 MSK" name="cleanDatabase" finished-at="2026-04-08T11:11:58 MSK" duration-ms="5" status="PASS">
          <reporter-output>
          </reporter-output>
        </test-method> <!-- cleanDatabase -->
        <test-method is-config="true" signature="setUpDao()[pri:0, instance:training_center.dao.StudentDaoTest@192d74fb]" started-at="2026-04-08T11:11:58 MSK" name="setUpDao" finished-at="2026-04-08T11:11:58 MSK" duration-ms="1" status="PASS">
          <reporter-output>
          </reporter-output>
        </test-method> <!-- setUpDao -->
        <test-method signature="testDeleteByIdWhenStudentDoesNotExist()[pri:0, instance:training_center.dao.StudentDaoTest@192d74fb]" started-at="2026-04-08T11:11:58 MSK" name="testDeleteByIdWhenStudentDoesNotExist" finished-at="2026-04-08T11:11:58 MSK" duration-ms="108" status="PASS">
          <reporter-output>
          </reporter-output>
        </test-method> <!-- testDeleteByIdWhenStudentDoesNotExist -->
        <test-method is-config="true" signature="cleanDatabase()[pri:0, instance:training_center.dao.StudentDaoTest@192d74fb]" started-at="2026-04-08T11:11:58 MSK" name="cleanDatabase" finished-at="2026-04-08T11:11:58 MSK" duration-ms="6" status="PASS">
          <reporter-output>
          </reporter-output>
        </test-method> <!-- cleanDatabase -->
        <test-method signature="testDeleteDetached()[pri:0, instance:training_center.dao.StudentDaoTest@192d74fb]" started-at="2026-04-08T11:11:58 MSK" name="testDeleteDetached" finished-at="2026-04-08T11:11:59 MSK" duration-ms="248" status="PASS">
          <reporter-output>
          </reporter-output>
        </test-method> <!-- testDeleteDetached -->
        <test-method is-config="true" signature="setUpDao()[pri:0, instance:training_center.dao.StudentDaoTest@192d74fb]" started-at="2026-04-08T11:11:58 MSK" name="setUpDao" finished-at="2026-04-08T11:11:58 MSK" duration-ms="0" status="PASS">
          <reporter-output>
          </reporter-output>
        </test-method> <!-- setUpDao -->
        <test-method is-config="true" signature="cleanDatabase()[pri:0, instance:training_center.dao.StudentDaoTest@192d74fb]" started-at="2026-04-08T11:11:59 MSK" name="cleanDatabase" finished-at="2026-04-08T11:11:59 MSK" duration-ms="6" status="PASS">
          <reporter-output>
          </reporter-output>
        </test-method> <!-- cleanDatabase -->
        <test-method signature="testFindAll()[pri:0, instance:training_center.dao.StudentDaoTest@192d74fb]" started-at="2026-04-08T11:11:59 MSK" name="testFindAll" finished-at="2026-04-08T11:11:59 MSK" duration-ms="142" status="PASS">
          <reporter-output>
          </reporter-output>
        </test-method> <!-- testFindAll -->
        <test-method is-config="true" signature="setUpDao()[pri:0, instance:training_center.dao.StudentDaoTest@192d74fb]" started-at="2026-04-08T11:11:59 MSK" name="setUpDao" finished-at="2026-04-08T11:11:59 MSK" duration-ms="0" status="PASS">
          <reporter-output>
          </reporter-output>
        </test-method> <!-- setUpDao -->
        <test-method is-config="true" signature="cleanDatabase()[pri:0, instance:training_center.dao.StudentDaoTest@192d74fb]" started-at="2026-04-08T11:11:59 MSK" name="cleanDatabase" finished-at="2026-04-08T11:11:59 MSK" duration-ms="14" status="PASS">
          <reporter-output>
          </reporter-output>
        </test-method> <!-- cleanDatabase -->
        <test-method signature="testFindByCourseId()[pri:0, instance:training_center.dao.StudentDaoTest@192d74fb]" started-at="2026-04-08T11:11:59 MSK" name="testFindByCourseId" finished-at="2026-04-08T11:11:59 MSK" duration-ms="387" status="PASS">
          <reporter-output>
          </reporter-output>
        </test-method> <!-- testFindByCourseId -->
        <test-method is-config="true" signature="setUpDao()[pri:0, instance:training_center.dao.StudentDaoTest@192d74fb]" started-at="2026-04-08T11:11:59 MSK" name="setUpDao" finished-at="2026-04-08T11:11:59 MSK" duration-ms="0" status="PASS">
          <reporter-output>
          </reporter-output>
        </test-method> <!-- setUpDao -->
        <test-method is-config="true" signature="cleanDatabase()[pri:0, instance:training_center.dao.StudentDaoTest@192d74fb]" started-at="2026-04-08T11:11:59 MSK" name="cleanDatabase" finished-at="2026-04-08T11:11:59 MSK" duration-ms="18" status="PASS">
          <reporter-output>
          </reporter-output>
        </test-method> <!-- cleanDatabase -->
        <test-method signature="testFindByCourseIdEmpty()[pri:0, instance:training_center.dao.StudentDaoTest@192d74fb]" started-at="2026-04-08T11:11:59 MSK" name="testFindByCourseIdEmpty" finished-at="2026-04-08T11:11:59 MSK" duration-ms="58" status="PASS">
          <reporter-output>
          </reporter-output>
        </test-method> <!-- testFindByCourseIdEmpty -->
        <test-method is-config="true" signature="setUpDao()[pri:0, instance:training_center.dao.StudentDaoTest@192d74fb]" started-at="2026-04-08T11:11:59 MSK" name="setUpDao" finished-at="2026-04-08T11:11:59 MSK" duration-ms="0" status="PASS">
          <reporter-output>
          </reporter-output>
        </test-method> <!-- setUpDao -->
        <test-method is-config="true" signature="cleanDatabase()[pri:0, instance:training_center.dao.StudentDaoTest@192d74fb]" started-at="2026-04-08T11:11:59 MSK" name="cleanDatabase" finished-at="2026-04-08T11:11:59 MSK" duration-ms="4" status="PASS">
          <reporter-output>
          </reporter-output>
        </test-method> <!-- cleanDatabase -->
        <test-method is-config="true" signature="setUpDao()[pri:0, instance:training_center.dao.StudentDaoTest@192d74fb]" started-at="2026-04-08T11:11:59 MSK" name="setUpDao" finished-at="2026-04-08T11:11:59 MSK" duration-ms="1" status="PASS">
          <reporter-output>
          </reporter-output>
        </test-method> <!-- setUpDao -->
        <test-method signature="testFindByFullName()[pri:0, instance:training_center.dao.StudentDaoTest@192d74fb]" started-at="2026-04-08T11:11:59 MSK" name="testFindByFullName" finished-at="2026-04-08T11:11:59 MSK" duration-ms="153" status="PASS">
          <reporter-output>
          </reporter-output>
        </test-method> <!-- testFindByFullName -->
        <test-method is-config="true" signature="cleanDatabase()[pri:0, instance:training_center.dao.StudentDaoTest@192d74fb]" started-at="2026-04-08T11:11:59 MSK" name="cleanDatabase" finished-at="2026-04-08T11:11:59 MSK" duration-ms="17" status="PASS">
          <reporter-output>
          </reporter-output>
        </test-method> <!-- cleanDatabase -->
        <test-method signature="testFindByFullNameEmpty()[pri:0, instance:training_center.dao.StudentDaoTest@192d74fb]" started-at="2026-04-08T11:11:59 MSK" name="testFindByFullNameEmpty" finished-at="2026-04-08T11:11:59 MSK" duration-ms="61" status="PASS">
          <reporter-output>
          </reporter-output>
        </test-method> <!-- testFindByFullNameEmpty -->
        <test-method is-config="true" signature="setUpDao()[pri:0, instance:training_center.dao.StudentDaoTest@192d74fb]" started-at="2026-04-08T11:11:59 MSK" name="setUpDao" finished-at="2026-04-08T11:11:59 MSK" duration-ms="0" status="PASS">
          <reporter-output>
          </reporter-output>
        </test-method> <!-- setUpDao -->
        <test-method is-config="true" signature="cleanDatabase()[pri:0, instance:training_center.dao.StudentDaoTest@192d74fb]" started-at="2026-04-08T11:11:59 MSK" name="cleanDatabase" finished-at="2026-04-08T11:11:59 MSK" duration-ms="5" status="PASS">
          <reporter-output>
          </reporter-output>
        </test-method> <!-- cleanDatabase -->
        <test-method signature="testGetCourseHistory()[pri:0, instance:training_center.dao.StudentDaoTest@192d74fb]" started-at="2026-04-08T11:11:59 MSK" name="testGetCourseHistory" finished-at="2026-04-08T11:12:00 MSK" duration-ms="502" status="PASS">
          <reporter-output>
          </reporter-output>
        </test-method> <!-- testGetCourseHistory -->
        <test-method is-config="true" signature="setUpDao()[pri:0, instance:training_center.dao.StudentDaoTest@192d74fb]" started-at="2026-04-08T11:11:59 MSK" name="setUpDao" finished-at="2026-04-08T11:11:59 MSK" duration-ms="0" status="PASS">
          <reporter-output>
          </reporter-output>
        </test-method> <!-- setUpDao -->
        <test-method is-config="true" signature="cleanDatabase()[pri:0, instance:training_center.dao.StudentDaoTest@192d74fb]" started-at="2026-04-08T11:12:00 MSK" name="cleanDatabase" finished-at="2026-04-08T11:12:00 MSK" duration-ms="19" status="PASS">
          <reporter-output>
          </reporter-output>
        </test-method> <!-- cleanDatabase -->
        <test-method is-config="true" signature="setUpDao()[pri:0, instance:training_center.dao.StudentDaoTest@192d74fb]" started-at="2026-04-08T11:12:00 MSK" name="setUpDao" finished-at="2026-04-08T11:12:00 MSK" duration-ms="0" status="PASS">
          <reporter-output>
          </reporter-output>
        </test-method> <!-- setUpDao -->
        <test-method signature="testGetCourseHistoryEmpty()[pri:0, instance:training_center.dao.StudentDaoTest@192d74fb]" started-at="2026-04-08T11:12:00 MSK" name="testGetCourseHistoryEmpty" finished-at="2026-04-08T11:12:00 MSK" duration-ms="57" status="PASS">
          <reporter-output>
          </reporter-output>
        </test-method> <!-- testGetCourseHistoryEmpty -->
        <test-method is-config="true" signature="cleanDatabase()[pri:0, instance:training_center.dao.StudentDaoTest@192d74fb]" started-at="2026-04-08T11:12:00 MSK" name="cleanDatabase" finished-at="2026-04-08T11:12:00 MSK" duration-ms="4" status="PASS">
          <reporter-output>
          </reporter-output>
        </test-method> <!-- cleanDatabase -->
        <test-method signature="testSaveAndFindById()[pri:0, instance:training_center.dao.StudentDaoTest@192d74fb]" started-at="2026-04-08T11:12:00 MSK" name="testSaveAndFindById" finished-at="2026-04-08T11:12:00 MSK" duration-ms="131" status="PASS">
          <reporter-output>
          </reporter-output>
        </test-method> <!-- testSaveAndFindById -->
        <test-method is-config="true" signature="setUpDao()[pri:0, instance:training_center.dao.StudentDaoTest@192d74fb]" started-at="2026-04-08T11:12:00 MSK" name="setUpDao" finished-at="2026-04-08T11:12:00 MSK" duration-ms="0" status="PASS">
          <reporter-output>
          </reporter-output>
        </test-method> <!-- setUpDao -->
        <test-method is-config="true" signature="cleanDatabase()[pri:0, instance:training_center.dao.StudentDaoTest@192d74fb]" started-at="2026-04-08T11:12:00 MSK" name="cleanDatabase" finished-at="2026-04-08T11:12:00 MSK" duration-ms="17" status="PASS">
          <reporter-output>
          </reporter-output>
        </test-method> <!-- cleanDatabase -->
        <test-method signature="testUpdate()[pri:0, instance:training_center.dao.StudentDaoTest@192d74fb]" started-at="2026-04-08T11:12:00 MSK" name="testUpdate" finished-at="2026-04-08T11:12:00 MSK" duration-ms="216" status="PASS">
          <reporter-output>
          </reporter-output>
        </test-method> <!-- testUpdate -->
        <test-method is-config="true" signature="setUpDao()[pri:0, instance:training_center.dao.StudentDaoTest@192d74fb]" started-at="2026-04-08T11:12:00 MSK" name="setUpDao" finished-at="2026-04-08T11:12:00 MSK" duration-ms="0" status="PASS">
          <reporter-output>
          </reporter-output>
        </test-method> <!-- setUpDao -->
        <test-method is-config="true" signature="cleanDatabase()[pri:0, instance:training_center.dao.StudentDaoTest@192d74fb]" started-at="2026-04-08T11:12:00 MSK" name="cleanDatabase" finished-at="2026-04-08T11:12:00 MSK" duration-ms="15" status="PASS">
          <reporter-output>
          </reporter-output>
        </test-method> <!-- cleanDatabase -->
        <test-method is-config="true" signature="setUpDao()[pri:0, instance:training_center.dao.StudentDaoTest@192d74fb]" started-at="2026-04-08T11:12:00 MSK" name="setUpDao" finished-at="2026-04-08T11:12:00 MSK" duration-ms="0" status="PASS">
          <reporter-output>
          </reporter-output>
        </test-method> <!-- setUpDao -->
        <test-method signature="testUpdateDetached()[pri:0, instance:training_center.dao.StudentDaoTest@192d74fb]" started-at="2026-04-08T11:12:00 MSK" name="testUpdateDetached" finished-at="2026-04-08T11:12:01 MSK" duration-ms="287" status="PASS">
          <reporter-output>
          </reporter-output>
        </test-method> <!-- testUpdateDetached -->
        <test-method is-config="true" signature="tearDownClass()[pri:0, instance:training_center.dao.StudentDaoTest@192d74fb]" started-at="2026-04-08T11:12:01 MSK" name="tearDownClass" finished-at="2026-04-08T11:12:01 MSK" duration-ms="3" status="PASS">
          <reporter-output>
          </reporter-output>
        </test-method> <!-- tearDownClass -->
      </class> <!-- training_center.dao.StudentDaoTest -->
      <class name="training_center.system.WebSystemTest">
        <test-method is-config="true" signature="setUp()[pri:0, instance:training_center.system.WebSystemTest@62ea3440]" started-at="2026-04-08T11:12:04 MSK" name="setUp" finished-at="2026-04-08T11:12:07 MSK" duration-ms="2839" status="PASS">
          <reporter-output>
          </reporter-output>
        </test-method> <!-- setUp -->
        <test-method signature="addStudentToCourse_shouldSucceed()[pri:0, instance:training_center.system.WebSystemTest@62ea3440]" started-at="2026-04-08T11:12:07 MSK" name="addStudentToCourse_shouldSucceed" finished-at="2026-04-08T11:12:11 MSK" duration-ms="3857" status="PASS">
          <reporter-output>
          </reporter-output>
        </test-method> <!-- addStudentToCourse_shouldSucceed -->
        <test-method signature="addTeacherToCourse_shouldSucceed()[pri:0, instance:training_center.system.WebSystemTest@62ea3440]" started-at="2026-04-08T11:12:11 MSK" name="addTeacherToCourse_shouldSucceed" finished-at="2026-04-08T11:12:15 MSK" duration-ms="3806" status="PASS">
          <reporter-output>
          </reporter-output>
        </test-method> <!-- addTeacherToCourse_shouldSucceed -->
        <test-method signature="createCompany_shouldShowValidationErrorWhenAddressMissing()[pri:0, instance:training_center.system.WebSystemTest@62ea3440]" started-at="2026-04-08T11:12:15 MSK" name="createCompany_shouldShowValidationErrorWhenAddressMissing" finished-at="2026-04-08T11:12:15 MSK" duration-ms="331" status="PASS">
          <reporter-output>
          </reporter-output>
        </test-method> <!-- createCompany_shouldShowValidationErrorWhenAddressMissing -->
        <test-method signature="createCompany_shouldShowValidationErrorWhenNameMissing()[pri:0, instance:training_center.system.WebSystemTest@62ea3440]" started-at="2026-04-08T11:12:15 MSK" name="createCompany_shouldShowValidationErrorWhenNameMissing" finished-at="2026-04-08T11:12:15 MSK" duration-ms="358" status="PASS">
          <reporter-output>
          </reporter-output>
        </test-method> <!-- createCompany_shouldShowValidationErrorWhenNameMissing -->
        <test-method signature="createCompany_shouldSucceed()[pri:0, instance:training_center.system.WebSystemTest@62ea3440]" started-at="2026-04-08T11:12:15 MSK" name="createCompany_shouldSucceed" finished-at="2026-04-08T11:12:16 MSK" duration-ms="551" status="PASS">
          <reporter-output>
          </reporter-output>
        </test-method> <!-- createCompany_shouldSucceed -->
        <test-method signature="createCourse_shouldShowValidationErrorWhenDurationInvalid()[pri:0, instance:training_center.system.WebSystemTest@62ea3440]" started-at="2026-04-08T11:12:16 MSK" name="createCourse_shouldShowValidationErrorWhenDurationInvalid" finished-at="2026-04-08T11:12:17 MSK" duration-ms="1385" status="PASS">
          <reporter-output>
          </reporter-output>
        </test-method> <!-- createCourse_shouldShowValidationErrorWhenDurationInvalid -->
        <test-method signature="createCourse_shouldShowValidationErrorWhenIntensityInvalid()[pri:0, instance:training_center.system.WebSystemTest@62ea3440]" started-at="2026-04-08T11:12:17 MSK" name="createCourse_shouldShowValidationErrorWhenIntensityInvalid" finished-at="2026-04-08T11:12:19 MSK" duration-ms="1480" status="PASS">
          <reporter-output>
          </reporter-output>
        </test-method> <!-- createCourse_shouldShowValidationErrorWhenIntensityInvalid -->
        <test-method signature="createCourse_shouldShowValidationErrorWhenTitleMissing()[pri:0, instance:training_center.system.WebSystemTest@62ea3440]" started-at="2026-04-08T11:12:19 MSK" name="createCourse_shouldShowValidationErrorWhenTitleMissing" finished-at="2026-04-08T11:12:20 MSK" duration-ms="1397" status="PASS">
          <reporter-output>
          </reporter-output>
        </test-method> <!-- createCourse_shouldShowValidationErrorWhenTitleMissing -->
        <test-method signature="createCourse_shouldSucceed()[pri:0, instance:training_center.system.WebSystemTest@62ea3440]" started-at="2026-04-08T11:12:20 MSK" name="createCourse_shouldSucceed" finished-at="2026-04-08T11:12:22 MSK" duration-ms="1598" status="PASS">
          <reporter-output>
          </reporter-output>
        </test-method> <!-- createCourse_shouldSucceed -->
        <test-method signature="createLesson_shouldShowValidationErrorWhenEndBeforeStart()[pri:0, instance:training_center.system.WebSystemTest@62ea3440]" started-at="2026-04-08T11:12:22 MSK" name="createLesson_shouldShowValidationErrorWhenEndBeforeStart" finished-at="2026-04-08T11:12:31 MSK" duration-ms="9289" status="PASS">
          <reporter-output>
          </reporter-output>
        </test-method> <!-- createLesson_shouldShowValidationErrorWhenEndBeforeStart -->
        <test-method signature="createLesson_shouldSucceed()[pri:0, instance:training_center.system.WebSystemTest@62ea3440]" started-at="2026-04-08T11:12:31 MSK" name="createLesson_shouldSucceed" finished-at="2026-04-08T11:12:36 MSK" duration-ms="5295" status="PASS">
          <reporter-output>
          </reporter-output>
        </test-method> <!-- createLesson_shouldSucceed -->
        <test-method signature="createStudent_shouldShowValidationErrorWhenFullNameMissing()[pri:0, instance:training_center.system.WebSystemTest@62ea3440]" started-at="2026-04-08T11:12:36 MSK" name="createStudent_shouldShowValidationErrorWhenFullNameMissing" finished-at="2026-04-08T11:12:37 MSK" duration-ms="278" status="PASS">
          <reporter-output>
          </reporter-output>
        </test-method> <!-- createStudent_shouldShowValidationErrorWhenFullNameMissing -->
        <test-method signature="createStudent_shouldSucceed()[pri:0, instance:training_center.system.WebSystemTest@62ea3440]" started-at="2026-04-08T11:12:37 MSK" name="createStudent_shouldSucceed" finished-at="2026-04-08T11:12:37 MSK" duration-ms="564" status="PASS">
          <reporter-output>
          </reporter-output>
        </test-method> <!-- createStudent_shouldSucceed -->
        <test-method signature="createTeacher_shouldShowValidationErrorWhenFullNameMissing()[pri:0, instance:training_center.system.WebSystemTest@62ea3440]" started-at="2026-04-08T11:12:37 MSK" name="createTeacher_shouldShowValidationErrorWhenFullNameMissing" finished-at="2026-04-08T11:12:38 MSK" duration-ms="1112" status="PASS">
          <reporter-output>
          </reporter-output>
        </test-method> <!-- createTeacher_shouldShowValidationErrorWhenFullNameMissing -->
        <test-method signature="createTeacher_shouldSucceed()[pri:0, instance:training_center.system.WebSystemTest@62ea3440]" started-at="2026-04-08T11:12:38 MSK" name="createTeacher_shouldSucceed" finished-at="2026-04-08T11:12:41 MSK" duration-ms="2186" status="PASS">
          <reporter-output>
          </reporter-output>
        </test-method> <!-- createTeacher_shouldSucceed -->
[...]
at java.base/jdk.internal.reflect.NativeMethodAccessorImpl.invoke0(Native Method)
at java.base/jdk.internal.reflect.NativeMethodAccessorImpl.invoke(NativeMethodAccessorImpl.java:77)
at java.base/jdk.internal.reflect.DelegatingMethodAccessorImpl.invoke(DelegatingMethodAccessorImpl.java:43)
at java.base/java.lang.reflect.Method.invoke(Method.java:569)
at org.testng.internal.invokers.MethodInvocationHelper.invokeMethod(MethodInvocationHelper.java:141)
at org.testng.internal.invokers.TestInvoker.invokeMethod(TestInvoker.java:686)
at org.testng.internal.invokers.TestInvoker.invokeTestMethod(TestInvoker.java:230)
at org.testng.internal.invokers.MethodRunner.runInSequence(MethodRunner.java:63)
at org.testng.internal.invokers.TestInvoker$MethodInvocationAgent.invoke(TestInvoker.java:992)
at org.testng.internal.invokers.TestInvoker.invokeTestMethods(TestInvoker.java:203)
at org.testng.internal.invokers.TestMethodWorker.invokeTestMethods(TestMethodWorker.java:154)
at org.testng.internal.invokers.TestMethodWorker.run(TestMethodWorker.java:134)
at java.base/java.util.ArrayList.forEach(ArrayList.java:1511)
at org.testng.TestRunner.privateRun(TestRunner.java:739)
at org.testng.TestRunner.run(TestRunner.java:614)
at org.testng.SuiteRunner.runTest(SuiteRunner.java:421)
at org.testng.SuiteRunner.runSequentially(SuiteRunner.java:413)
at org.testng.SuiteRunner.privateRun(SuiteRunner.java:373)
at org.testng.SuiteRunner.run(SuiteRunner.java:312)
at org.testng.SuiteRunnerWorker.runSuite(SuiteRunnerWorker.java:52)
at org.testng.SuiteRunnerWorker.run(SuiteRunnerWorker.java:95)
at org.testng.TestNG.runSuitesSequentially(TestNG.java:1274)
at org.testng.TestNG.runSuitesLocally(TestNG.java:1208)
at org.testng.TestNG.runSuites(TestNG.java:1112)
at org.testng.TestNG.run(TestNG.java:1079)
at org.apache.maven.surefire.testng.TestNGExecutor.run(TestNGExecutor.java:155)
at org.apache.maven.surefire.testng.TestNGDirectoryTestSuite.executeMulti(TestNGDirectoryTestSuite.java:169)
at org.apache.maven.surefire.testng.TestNGDirectoryTestSuite.execute(TestNGDirectoryTestSuite.java:88)
at org.apache.maven.surefire.testng.TestNGProvider.invoke(TestNGProvider.java:137)
at org.apache.maven.surefire.booter.ForkedBooter.runSuitesInProcess(ForkedBooter.java:385)
at org.apache.maven.surefire.booter.ForkedBooter.execute(ForkedBooter.java:162)
at org.apache.maven.surefire.booter.ForkedBooter.run(ForkedBooter.java:507)
at org.apache.maven.surefire.booter.ForkedBooter.main(ForkedBooter.java:495)
]]>
            </full-stacktrace>
          </exception> <!-- java.lang.RuntimeException -->
          <reporter-output>
          </reporter-output>
        </test-method> <!-- assignTeacherToCourse_shouldThrow_whenTeacherNotFound -->
        <test-method is-config="true" signature="setUpDao()[pri:0, instance:training_center.dao.CourseDaoTest@79da1ec0]" started-at="2026-04-08T11:11:44 MSK" name="setUpDao" finished-at="2026-04-08T11:11:44 MSK" duration-ms="0" status="PASS">
          <reporter-output>
          </reporter-output>
        </test-method> <!-- setUpDao -->
        <test-method is-config="true" signature="cleanDatabase()[pri:0, instance:training_center.dao.CourseDaoTest@79da1ec0]" started-at="2026-04-08T11:11:44 MSK" name="cleanDatabase" finished-at="2026-04-08T11:11:44 MSK" duration-ms="20" status="PASS">
          <reporter-output>
          </reporter-output>
        </test-method> <!-- cleanDatabase -->
        <test-method is-config="true" signature="setUpDao()[pri:0, instance:training_center.dao.CourseDaoTest@79da1ec0]" started-at="2026-04-08T11:11:44 MSK" name="setUpDao" finished-at="2026-04-08T11:11:44 MSK" duration-ms="1" status="PASS">
          <reporter-output>
          </reporter-output>
        </test-method> <!-- setUpDao -->
        <test-method signature="deleteById_shouldDeleteCourse()[pri:0, instance:training_center.dao.CourseDaoTest@79da1ec0]" started-at="2026-04-08T11:11:44 MSK" name="deleteById_shouldDeleteCourse" finished-at="2026-04-08T11:11:44 MSK" duration-ms="267" status="PASS">
          <reporter-output>
          </reporter-output>
        </test-method> <!-- deleteById_shouldDeleteCourse -->
        <test-method is-config="true" signature="cleanDatabase()[pri:0, instance:training_center.dao.CourseDaoTest@79da1ec0]" started-at="2026-04-08T11:11:44 MSK" name="cleanDatabase" finished-at="2026-04-08T11:11:44 MSK" duration-ms="21" status="PASS">
          <reporter-output>
          </reporter-output>
        </test-method> <!-- cleanDatabase -->
        <test-method signature="delete_shouldRemoveDetachedCourse()[pri:0, instance:training_center.dao.CourseDaoTest@79da1ec0]" started-at="2026-04-08T11:11:44 MSK" name="delete_shouldRemoveDetachedCourse" finished-at="2026-04-08T11:11:45 MSK" duration-ms="285" status="PASS">
          <reporter-output>
          </reporter-output>
        </test-method> <!-- delete_shouldRemoveDetachedCourse -->
        <test-method is-config="true" signature="setUpDao()[pri:0, instance:training_center.dao.CourseDaoTest@79da1ec0]" started-at="2026-04-08T11:11:44 MSK" name="setUpDao" finished-at="2026-04-08T11:11:44 MSK" duration-ms="0" status="PASS">
          <reporter-output>
          </reporter-output>
        </test-method> <!-- setUpDao -->
        <test-method is-config="true" signature="cleanDatabase()[pri:0, instance:training_center.dao.CourseDaoTest@79da1ec0]" started-at="2026-04-08T11:11:45 MSK" name="cleanDatabase" finished-at="2026-04-08T11:11:45 MSK" duration-ms="14" status="PASS">
          <reporter-output>
          </reporter-output>
        </test-method> <!-- cleanDatabase -->
        <test-method is-config="true" signature="setUpDao()[pri:0, instance:training_center.dao.CourseDaoTest@79da1ec0]" started-at="2026-04-08T11:11:45 MSK" name="setUpDao" finished-at="2026-04-08T11:11:45 MSK" duration-ms="1" status="PASS">
          <reporter-output>
          </reporter-output>
        </test-method> <!-- setUpDao -->
        <test-method signature="removeStudentFromCourse_shouldDoNothing_whenRelationNotExists()[pri:0, instance:training_center.dao.CourseDaoTest@79da1ec0]" started-at="2026-04-08T11:11:45 MSK" name="removeStudentFromCourse_shouldDoNothing_whenRelationNotExists" finished-at="2026-04-08T11:11:45 MSK" duration-ms="420" status="PASS">
          <reporter-output>
          </reporter-output>
        </test-method> <!-- removeStudentFromCourse_shouldDoNothing_whenRelationNotExists -->
        <test-method is-config="true" signature="cleanDatabase()[pri:0, instance:training_center.dao.CourseDaoTest@79da1ec0]" started-at="2026-04-08T11:11:45 MSK" name="cleanDatabase" finished-at="2026-04-08T11:11:45 MSK" duration-ms="21" status="PASS">
          <reporter-output>
          </reporter-output>
        </test-method> <!-- cleanDatabase -->
        <test-method signature="removeTeacherFromCourse_shouldDoNothing_whenRelationNotExists()[pri:0, instance:training_center.dao.CourseDaoTest@79da1ec0]" started-at="2026-04-08T11:11:45 MSK" name="removeTeacherFromCourse_shouldDoNothing_whenRelationNotExists" finished-at="2026-04-08T11:11:46 MSK" duration-ms="462" status="PASS">
          <reporter-output>
          </reporter-output>
        </test-method> <!-- removeTeacherFromCourse_shouldDoNothing_whenRelationNotExists -->
        <test-method is-config="true" signature="setUpDao()[pri:0, instance:training_center.dao.CourseDaoTest@79da1ec0]" started-at="2026-04-08T11:11:45 MSK" name="setUpDao" finished-at="2026-04-08T11:11:45 MSK" duration-ms="0" status="PASS">
          <reporter-output>
          </reporter-output>
        </test-method> <!-- setUpDao -->
        <test-method is-config="true" signature="cleanDatabase()[pri:0, instance:training_center.dao.CourseDaoTest@79da1ec0]" started-at="2026-04-08T11:11:46 MSK" name="cleanDatabase" finished-at="2026-04-08T11:11:46 MSK" duration-ms="19" status="PASS">
          <reporter-output>
          </reporter-output>
        </test-method> <!-- cleanDatabase -->
        <test-method is-config="true" signature="setUpDao()[pri:0, instance:training_center.dao.CourseDaoTest@79da1ec0]" started-at="2026-04-08T11:11:46 MSK" name="setUpDao" finished-at="2026-04-08T11:11:46 MSK" duration-ms="0" status="PASS">
          <reporter-output>
          </reporter-output>
        </test-method> <!-- setUpDao -->
        <test-method signature="testAddAndRemoveStudent()[pri:0, instance:training_center.dao.CourseDaoTest@79da1ec0]" started-at="2026-04-08T11:11:46 MSK" name="testAddAndRemoveStudent" finished-at="2026-04-08T11:11:46 MSK" duration-ms="480" status="PASS">
          <reporter-output>
          </reporter-output>
        </test-method> <!-- testAddAndRemoveStudent -->
        <test-method is-config="true" signature="cleanDatabase()[pri:0, instance:training_center.dao.CourseDaoTest@79da1ec0]" started-at="2026-04-08T11:11:46 MSK" name="cleanDatabase" finished-at="2026-04-08T11:11:46 MSK" duration-ms="7" status="PASS">
          <reporter-output>
          </reporter-output>
        </test-method> <!-- cleanDatabase -->
        <test-method signature="testAddStudentAlreadyExists()[pri:0, instance:training_center.dao.CourseDaoTest@79da1ec0]" started-at="2026-04-08T11:11:46 MSK" name="testAddStudentAlreadyExists" finished-at="2026-04-08T11:11:47 MSK" duration-ms="460" status="PASS">
          <reporter-output>
          </reporter-output>
        </test-method> <!-- testAddStudentAlreadyExists -->
        <test-method is-config="true" signature="setUpDao()[pri:0, instance:training_center.dao.CourseDaoTest@79da1ec0]" started-at="2026-04-08T11:11:46 MSK" name="setUpDao" finished-at="2026-04-08T11:11:46 MSK" duration-ms="0" status="PASS">
          <reporter-output>
          </reporter-output>
        </test-method> <!-- setUpDao -->
        <test-method is-config="true" signature="cleanDatabase()[pri:0, instance:training_center.dao.CourseDaoTest@79da1ec0]" started-at="2026-04-08T11:11:47 MSK" name="cleanDatabase" finished-at="2026-04-08T11:11:47 MSK" duration-ms="20" status="PASS">
          <reporter-output>
          </reporter-output>
        </test-method> <!-- cleanDatabase -->
        <test-method is-config="true" signature="setUpDao()[pri:0, instance:training_center.dao.CourseDaoTest@79da1ec0]" started-at="2026-04-08T11:11:47 MSK" name="setUpDao" finished-at="2026-04-08T11:11:47 MSK" duration-ms="1" status="PASS">
          <reporter-output>
          </reporter-output>
        </test-method> <!-- setUpDao -->
        <test-method signature="testAssignAndRemoveTeacher()[pri:0, instance:training_center.dao.CourseDaoTest@79da1ec0]" started-at="2026-04-08T11:11:47 MSK" name="testAssignAndRemoveTeacher" finished-at="2026-04-08T11:11:47 MSK" duration-ms="705" status="PASS">
          <reporter-output>
          </reporter-output>
        </test-method> <!-- testAssignAndRemoveTeacher -->
        <test-method is-config="true" signature="cleanDatabase()[pri:0, instance:training_center.dao.CourseDaoTest@79da1ec0]" started-at="2026-04-08T11:11:47 MSK" name="cleanDatabase" finished-at="2026-04-08T11:11:47 MSK" duration-ms="20" status="PASS">
          <reporter-output>
          </reporter-output>
        </test-method> <!-- cleanDatabase -->
        <test-method signature="testDelete()[pri:0, instance:training_center.dao.CourseDaoTest@79da1ec0]" started-at="2026-04-08T11:11:47 MSK" name="testDelete" finished-at="2026-04-08T11:11:48 MSK" duration-ms="285" status="PASS">
          <reporter-output>
          </reporter-output>
        </test-method> <!-- testDelete -->
        <test-method is-config="true" signature="setUpDao()[pri:0, instance:training_center.dao.CourseDaoTest@79da1ec0]" started-at="2026-04-08T11:11:47 MSK" name="setUpDao" finished-at="2026-04-08T11:11:47 MSK" duration-ms="0" status="PASS">
          <reporter-output>
          </reporter-output>
        </test-method> <!-- setUpDao -->
        <test-method is-config="true" signature="cleanDatabase()[pri:0, instance:training_center.dao.CourseDaoTest@79da1ec0]" started-at="2026-04-08T11:11:48 MSK" name="cleanDatabase" finished-at="2026-04-08T11:11:48 MSK" duration-ms="19" status="PASS">
          <reporter-output>
          </reporter-output>
        </test-method> <!-- cleanDatabase -->
        <test-method signature="testDeleteByIdNotExists()[pri:0, instance:training_center.dao.CourseDaoTest@79da1ec0]" started-at="2026-04-08T11:11:48 MSK" name="testDeleteByIdNotExists" finished-at="2026-04-08T11:11:48 MSK" duration-ms="121" status="PASS">
          <reporter-output>
          </reporter-output>
        </test-method> <!-- testDeleteByIdNotExists -->
        <test-method is-config="true" signature="setUpDao()[pri:0, instance:training_center.dao.CourseDaoTest@79da1ec0]" started-at="2026-04-08T11:11:48 MSK" name="setUpDao" finished-at="2026-04-08T11:11:48 MSK" duration-ms="0" status="PASS">
          <reporter-output>
          </reporter-output>
        </test-method> <!-- setUpDao -->
        <test-method is-config="true" signature="cleanDatabase()[pri:0, instance:training_center.dao.CourseDaoTest@79da1ec0]" started-at="2026-04-08T11:11:48 MSK" name="cleanDatabase" finished-at="2026-04-08T11:11:48 MSK" duration-ms="6" status="PASS">
          <reporter-output>
          </reporter-output>
        </test-method> <!-- cleanDatabase -->
        <test-method is-config="true" signature="setUpDao()[pri:0, instance:training_center.dao.CourseDaoTest@79da1ec0]" started-at="2026-04-08T11:11:48 MSK" name="setUpDao" finished-at="2026-04-08T11:11:48 MSK" duration-ms="1" status="PASS">
          <reporter-output>
          </reporter-output>
        </test-method> <!-- setUpDao -->
        <test-method signature="testFindAll()[pri:0, instance:training_center.dao.CourseDaoTest@79da1ec0]" started-at="2026-04-08T11:11:48 MSK" name="testFindAll" finished-at="2026-04-08T11:11:48 MSK" duration-ms="309" status="PASS">
          <reporter-output>
          </reporter-output>
        </test-method> <!-- testFindAll -->
        <test-method is-config="true" signature="cleanDatabase()[pri:0, instance:training_center.dao.CourseDaoTest@79da1ec0]" started-at="2026-04-08T11:11:48 MSK" name="cleanDatabase" finished-at="2026-04-08T11:11:48 MSK" duration-ms="18" status="PASS">
          <reporter-output>
          </reporter-output>
        </test-method> <!-- cleanDatabase -->
        <test-method is-config="true" signature="setUpDao()[pri:0, instance:training_center.dao.CourseDaoTest@79da1ec0]" started-at="2026-04-08T11:11:48 MSK" name="setUpDao" finished-at="2026-04-08T11:11:48 MSK" duration-ms="1" status="PASS">
          <reporter-output>
          </reporter-output>
        </test-method> <!-- setUpDao -->
        <test-method signature="testFindByTitle()[pri:0, instance:training_center.dao.CourseDaoTest@79da1ec0]" started-at="2026-04-08T11:11:48 MSK" name="testFindByTitle" finished-at="2026-04-08T11:11:49 MSK" duration-ms="399" status="PASS">
          <reporter-output>
          </reporter-output>
        </test-method> <!-- testFindByTitle -->
        <test-method is-config="true" signature="cleanDatabase()[pri:0, instance:training_center.dao.CourseDaoTest@79da1ec0]" started-at="2026-04-08T11:11:49 MSK" name="cleanDatabase" finished-at="2026-04-08T11:11:49 MSK" duration-ms="6" status="PASS">
          <reporter-output>
          </reporter-output>
        </test-method> <!-- cleanDatabase -->
        <test-method signature="testFindByTitleEmpty()[pri:0, instance:training_center.dao.CourseDaoTest@79da1ec0]" started-at="2026-04-08T11:11:49 MSK" name="testFindByTitleEmpty" finished-at="2026-04-08T11:11:49 MSK" duration-ms="58" status="PASS">
          <reporter-output>
          </reporter-output>
        </test-method> <!-- testFindByTitleEmpty -->
        <test-method is-config="true" signature="setUpDao()[pri:0, instance:training_center.dao.CourseDaoTest@79da1ec0]" started-at="2026-04-08T11:11:49 MSK" name="setUpDao" finished-at="2026-04-08T11:11:49 MSK" duration-ms="0" status="PASS">
          <reporter-output>
          </reporter-output>
        </test-method> <!-- setUpDao -->
        <test-method is-config="true" signature="cleanDatabase()[pri:0, instance:training_center.dao.CourseDaoTest@79da1ec0]" started-at="2026-04-08T11:11:49 MSK" name="cleanDatabase" finished-at="2026-04-08T11:11:49 MSK" duration-ms="6" status="PASS">
          <reporter-output>
          </reporter-output>
        </test-method> <!-- cleanDatabase -->
        <test-method signature="testGetScheduleByCourseId()[pri:0, instance:training_center.dao.CourseDaoTest@79da1ec0]" started-at="2026-04-08T11:11:49 MSK" name="testGetScheduleByCourseId" finished-at="2026-04-08T11:11:49 MSK" duration-ms="428" status="PASS">
          <reporter-output>
          </reporter-output>
        </test-method> <!-- testGetScheduleByCourseId -->
        <test-method is-config="true" signature="setUpDao()[pri:0, instance:training_center.dao.CourseDaoTest@79da1ec0]" started-at="2026-04-08T11:11:49 MSK" name="setUpDao" finished-at="2026-04-08T11:11:49 MSK" duration-ms="0" status="PASS">
          <reporter-output>
          </reporter-output>
        </test-method> <!-- setUpDao -->
        <test-method is-config="true" signature="cleanDatabase()[pri:0, instance:training_center.dao.CourseDaoTest@79da1ec0]" started-at="2026-04-08T11:11:49 MSK" name="cleanDatabase" finished-at="2026-04-08T11:11:49 MSK" duration-ms="15" status="PASS">
          <reporter-output>
          </reporter-output>
        </test-method> <!-- cleanDatabase -->
        <test-method is-config="true" signature="setUpDao()[pri:0, instance:training_center.dao.CourseDaoTest@79da1ec0]" started-at="2026-04-08T11:11:49 MSK" name="setUpDao" finished-at="2026-04-08T11:11:49 MSK" duration-ms="1" status="PASS">
          <reporter-output>
          </reporter-output>
        </test-method> <!-- setUpDao -->
        <test-method signature="testSaveAndFindById()[pri:0, instance:training_center.dao.CourseDaoTest@79da1ec0]" started-at="2026-04-08T11:11:49 MSK" name="testSaveAndFindById" finished-at="2026-04-08T11:11:49 MSK" duration-ms="204" status="PASS">
          <reporter-output>
          </reporter-output>
        </test-method> <!-- testSaveAndFindById -->
        <test-method is-config="true" signature="cleanDatabase()[pri:0, instance:training_center.dao.CourseDaoTest@79da1ec0]" started-at="2026-04-08T11:11:49 MSK" name="cleanDatabase" finished-at="2026-04-08T11:11:49 MSK" duration-ms="18" status="PASS">
          <reporter-output>
          </reporter-output>
        </test-method> <!-- cleanDatabase -->
        <test-method is-config="true" signature="setUpDao()[pri:0, instance:training_center.dao.CourseDaoTest@79da1ec0]" started-at="2026-04-08T11:11:49 MSK" name="setUpDao" finished-at="2026-04-08T11:11:49 MSK" duration-ms="1" status="PASS">
          <reporter-output>
          </reporter-output>
        </test-method> <!-- setUpDao -->
        <test-method signature="testUpdate()[pri:0, instance:training_center.dao.CourseDaoTest@79da1ec0]" started-at="2026-04-08T11:11:49 MSK" name="testUpdate" finished-at="2026-04-08T11:11:50 MSK" duration-ms="274" status="PASS">
          <reporter-output>
          </reporter-output>
        </test-method> <!-- testUpdate -->
        <test-method is-config="true" signature="tearDownClass()[pri:0, instance:training_center.dao.CourseDaoTest@79da1ec0]" started-at="2026-04-08T11:11:50 MSK" name="tearDownClass" finished-at="2026-04-08T11:11:50 MSK" duration-ms="3" status="PASS">
          <reporter-output>
          </reporter-output>
        </test-method> <!-- tearDownClass -->
      </class> <!-- training_center.dao.CourseDaoTest -->
    </test> <!-- Surefire test -->
  </suite> <!-- Surefire suite -->
</testng-results>
