<?xml version="1.0" encoding="UTF-8"?>
<testsuite xmlns:xsi="http://www.w3.org/2001/XMLSchema-instance" xsi:noNamespaceSchemaLocation="https://maven.apache.org/surefire/maven-surefire-plugin/xsd/surefire-test-report-3.0.xsd" version="3.0" name="TestSuite" time="31.532" tests="75" errors="0" skipped="0" failures="0">
  <properties>
[...]
</properties>
  <testcase name="deleteById_shouldDeleteCompany" classname="training_center.dao.CompanyDaoTest" time="0.392">
    <system-out><![CDATA[Hibernate: 
    delete 
    from
        schedule
Hibernate: 
    delete 
    from
        course_students
Hibernate: 
    delete 
    from
        course_teachers
Hibernate: 
    delete 
    from
        students
Hibernate: 
    delete 
    from
        teachers
Hibernate: 
    delete 
    from
        courses
Hibernate: 
    delete 
    from
        companies
Hibernate: 
    insert 
    into
        companies
        (address, name) 
    values
        (?, ?)
Hibernate: 
    select
        c1_0.id,
        c1_0.address,
        c1_0.name 
    from
        companies c1_0 
    where
        c1_0.id=?
Hibernate: 
    delete 
    from
        companies 
    where
        id=?
Hibernate: 
    select
        c1_0.id,
        c1_0.address,
        c1_0.name 
    from
        companies c1_0 
    where
        c1_0.id=?
]]></system-out>
    <system-err><![CDATA[[main] WARN org.springframework.context.support.PostProcessorRegistrationDelegate$BeanPostProcessorChecker - Bean 'persistenceConfig' of type [training_center.config.PersistenceConfig$$SpringCGLIB$$0] is not eligible for getting processed by all BeanPostProcessors (for example: not eligible for auto-proxying). The currently created BeanPostProcessor [exceptionTranslation] is declared through a non-static factory method on that class; consider declaring it as static instead.
мар. 30, 2026 3:56:25 PM org.hibernate.jpa.internal.util.LogHelper logPersistenceUnitInformation
INFO: HHH000204: Processing PersistenceUnitInfo [name: default]
мар. 30, 2026 3:56:25 PM org.hibernate.Version logVersion
INFO: HHH000412: Hibernate ORM core version 6.4.4.Final
мар. 30, 2026 3:56:26 PM org.hibernate.cache.internal.RegionFactoryInitiator initiateService
INFO: HHH000026: Second-level cache disabled
[main] INFO org.springframework.orm.jpa.persistenceunit.SpringPersistenceUnitInfo - No LoadTimeWeaver setup: ignoring JPA class transformer
мар. 30, 2026 3:56:27 PM org.hibernate.engine.jdbc.dialect.internal.DialectFactoryImpl constructDialect
WARN: HHH90000025: PostgreSQLDialect does not need to be specified explicitly using 'hibernate.dialect' (remove the property setting and it will be selected by default)
мар. 30, 2026 3:56:29 PM org.hibernate.engine.transaction.jta.platform.internal.JtaPlatformInitiator initiateService
INFO: HHH000489: No JTA platform available (set 'hibernate.transaction.jta.platform' to enable JTA platform integration)
[main] INFO org.springframework.orm.jpa.LocalContainerEntityManagerFactoryBean - Initialized JPA EntityManagerFactory for persistence unit 'default'
]]></system-err>
  </testcase>
  <testcase name="deleteById_shouldDoNothing_whenCompanyNotExists" classname="training_center.dao.CompanyDaoTest" time="0.267">
    <system-out><![CDATA[Hibernate: 
    delete 
    from
        schedule
Hibernate: 
    delete 
    from
        course_students
Hibernate: 
    delete 
    from
        course_teachers
Hibernate: 
    delete 
    from
        students
Hibernate: 
    delete 
    from
        teachers
Hibernate: 
    delete 
    from
        courses
Hibernate: 
    delete 
    from
        companies
Hibernate: 
    select
        c1_0.id,
        c1_0.address,
        c1_0.name 
    from
        companies c1_0 
    where
        c1_0.id=?
Hibernate: 
    select
        c1_0.id,
        c1_0.address,
        c1_0.name 
    from
        companies c1_0 
    order by
        c1_0.name
]]></system-out>
  </testcase>
  <testcase name="delete_shouldRemoveDetachedCompany" classname="training_center.dao.CompanyDaoTest" time="0.235">
    <system-out><![CDATA[Hibernate: 
    delete 
    from
        schedule
Hibernate: 
    delete 
    from
        course_students
Hibernate: 
    delete 
    from
        course_teachers
Hibernate: 
    delete 
    from
        students
Hibernate: 
    delete 
    from
        teachers
Hibernate: 
    delete 
    from
        courses
Hibernate: 
    delete 
    from
        companies
Hibernate: 
    insert 
    into
        companies
        (address, name) 
    values
        (?, ?)
Hibernate: 
    select
        c1_0.id,
        c1_0.address,
        c1_0.name 
    from
        companies c1_0 
    where
        c1_0.id=?
Hibernate: 
    delete 
    from
        companies 
    where
        id=?
Hibernate: 
    select
        c1_0.id,
        c1_0.address,
        c1_0.name 
    from
        companies c1_0 
    where
        c1_0.id=?
]]></system-out>
  </testcase>
  <testcase name="delete_shouldRemoveManagedCompany" classname="training_center.dao.CompanyDaoTest" time="0.319">
    <system-out><![CDATA[Hibernate: 
    delete 
    from
        schedule
Hibernate: 
    delete 
    from
        course_students
Hibernate: 
    delete 
    from
        course_teachers
Hibernate: 
    delete 
    from
        students
Hibernate: 
    delete 
    from
        teachers
Hibernate: 
    delete 
    from
        courses
Hibernate: 
    delete 
    from
        companies
Hibernate: 
    insert 
    into
        companies
        (address, name) 
    values
        (?, ?)
Hibernate: 
    select
        c1_0.id,
        c1_0.address,
        c1_0.name 
    from
        companies c1_0 
    where
        c1_0.id=?
Hibernate: 
    delete 
    from
        companies 
    where
        id=?
Hibernate: 
    select
        c1_0.id,
        c1_0.address,
        c1_0.name 
    from
        companies c1_0 
    where
        c1_0.id=?
]]></system-out>
  </testcase>
  <testcase name="findAll_shouldReturnSorted" classname="training_center.dao.CompanyDaoTest" time="0.206">
    <system-out><![CDATA[Hibernate: 
    delete 
    from
        schedule
Hibernate: 
    delete 
    from
        course_students
Hibernate: 
    delete 
    from
        course_teachers
Hibernate: 
    delete 
    from
        students
Hibernate: 
    delete 
    from
        teachers
Hibernate: 
    delete 
    from
        courses
Hibernate: 
    delete 
    from
        companies
Hibernate: 
    insert 
    into
        companies
        (address, name) 
    values
        (?, ?)
Hibernate: 
    insert 
    into
        companies
        (address, name) 
    values
        (?, ?)
Hibernate: 
    select
        c1_0.id,
        c1_0.address,
        c1_0.name 
    from
        companies c1_0 
    order by
        c1_0.name
]]></system-out>
  </testcase>
  <testcase name="findById_shouldReturnNull_whenCompanyNotExists" classname="training_center.dao.CompanyDaoTest" time="0.056">
    <system-out><![CDATA[Hibernate: 
    delete 
    from
        schedule
Hibernate: 
    delete 
    from
        course_students
Hibernate: 
    delete 
    from
        course_teachers
Hibernate: 
    delete 
    from
        students
Hibernate: 
    delete 
    from
        teachers
Hibernate: 
    delete 
    from
        courses
Hibernate: 
    delete 
    from
        companies
Hibernate: 
    select
        c1_0.id,
        c1_0.address,
        c1_0.name 
    from
        companies c1_0 
    where
        c1_0.id=?
]]></system-out>
  </testcase>
  <testcase name="save_and_findById" classname="training_center.dao.CompanyDaoTest" time="0.113">
    <system-out><![CDATA[Hibernate: 
    delete 
    from
        schedule
Hibernate: 
    delete 
    from
        course_students
Hibernate: 
    delete 
    from
        course_teachers
Hibernate: 
    delete 
    from
        students
Hibernate: 
    delete 
    from
        teachers
Hibernate: 
    delete 
    from
        courses
Hibernate: 
    delete 
    from
        companies
Hibernate: 
    insert 
    into
        companies
        (address, name) 
    values
        (?, ?)
Hibernate: 
    select
        c1_0.id,
        c1_0.address,
        c1_0.name 
    from
        companies c1_0 
    where
        c1_0.id=?
]]></system-out>
  </testcase>
  <testcase name="update_shouldUpdateCompany" classname="training_center.dao.CompanyDaoTest" time="0.222">
    <system-out><![CDATA[Hibernate: 
    delete 
    from
        schedule
Hibernate: 
    delete 
    from
        course_students
Hibernate: 
    delete 
    from
        course_teachers
Hibernate: 
    delete 
    from
        students
Hibernate: 
    delete 
    from
        teachers
Hibernate: 
    delete 
    from
        courses
Hibernate: 
    delete 
    from
        companies
Hibernate: 
    insert 
    into
        companies
        (address, name) 
    values
        (?, ?)
Hibernate: 
    select
        c1_0.id,
        c1_0.address,
        c1_0.name 
    from
        companies c1_0 
    where
        c1_0.id=?
Hibernate: 
    update
        companies 
    set
        address=?,
        name=? 
    where
        id=?
Hibernate: 
    select
        c1_0.id,
        c1_0.address,
        c1_0.name 
    from
        companies c1_0 
    where
        c1_0.id=?
]]></system-out>
  </testcase>
  <testcase name="addStudentToCourse_shouldNotDuplicateRelation" classname="training_center.dao.CourseDaoTest" time="0.513">
    <system-out><![CDATA[Hibernate: 
    delete 
    from
        schedule
Hibernate: 
    delete 
    from
        course_students
Hibernate: 
    delete 
    from
        course_teachers
Hibernate: 
    delete 
    from
        students
Hibernate: 
    delete 
    from
        teachers
Hibernate: 
    delete 
    from
        courses
Hibernate: 
    delete 
    from
        companies
Hibernate: 
    insert 
    into
        companies
        (address, name) 
    values
        (?, ?)
Hibernate: 
    insert 
    into
        courses
        (company_id, duration_unit, duration_value, intensity, title) 
    values
        (?, ?, ?, ?, ?)
Hibernate: 
    insert 
    into
        students
        (full_name) 
    values
        (?)
Hibernate: 
    select
        c1_0.id,
        c1_0.company_id,
        c1_0.duration_unit,
        c1_0.duration_value,
        c1_0.intensity,
        c1_0.title 
    from
        courses c1_0 
    where
        c1_0.id=?
Hibernate: 
    select
        s1_0.id,
        s1_0.full_name 
    from
        students s1_0 
    where
        s1_0.id=?
Hibernate: 
    select
        cs1_0.course_id,
        cs1_0.student_id,
        cs1_0.enrolled_at 
    from
        course_students cs1_0 
    where
        (
            cs1_0.course_id, cs1_0.student_id
        ) in ((?, ?))
Hibernate: 
    insert 
    into
        course_students
        (enrolled_at, course_id, student_id) 
    values
        (?, ?, ?)
Hibernate: 
    select
        c1_0.id,
        c1_0.company_id,
        c1_0.duration_unit,
        c1_0.duration_value,
        c1_0.intensity,
        c1_0.title 
    from
        courses c1_0 
    where
        c1_0.id=?
Hibernate: 
    select
        s1_0.id,
        s1_0.full_name 
    from
        students s1_0 
    where
        s1_0.id=?
Hibernate: 
    select
        cs1_0.course_id,
        cs1_0.student_id,
        cs1_0.enrolled_at 
    from
        course_students cs1_0 
    where
        (
            cs1_0.course_id, cs1_0.student_id
        ) in ((?, ?))
Hibernate: 
    select
        s1_0.id,
        s1_0.full_name 
    from
        course_students cs1_0 
    join
        students s1_0 
            on s1_0.id=cs1_0.student_id 
    where
        cs1_0.course_id=? 
    order by
        s1_0.full_name
]]></system-out>
    <system-err><![CDATA[[main] INFO org.springframework.orm.jpa.LocalContainerEntityManagerFactoryBean - Closing JPA EntityManagerFactory for persistence unit 'default'
[main] WARN org.springframework.context.support.PostProcessorRegistrationDelegate$BeanPostProcessorChecker - Bean 'persistenceConfig' of type [training_center.config.PersistenceConfig$$SpringCGLIB$$0] is not eligible for getting processed by all BeanPostProcessors (for example: not eligible for auto-proxying). The currently created BeanPostProcessor [exceptionTranslation] is declared through a non-static factory method on that class; consider declaring it as static instead.
мар. 30, 2026 3:56:32 PM org.hibernate.jpa.internal.util.LogHelper logPersistenceUnitInformation
INFO: HHH000204: Processing PersistenceUnitInfo [name: default]
мар. 30, 2026 3:56:32 PM org.hibernate.cache.internal.RegionFactoryInitiator initiateService
INFO: HHH000026: Second-level cache disabled
[main] INFO org.springframework.orm.jpa.persistenceunit.SpringPersistenceUnitInfo - No LoadTimeWeaver setup: ignoring JPA class transformer
мар. 30, 2026 3:56:32 PM org.hibernate.engine.jdbc.dialect.internal.DialectFactoryImpl constructDialect
WARN: HHH90000025: PostgreSQLDialect does not need to be specified explicitly using 'hibernate.dialect' (remove the property setting and it will be selected by default)
мар. 30, 2026 3:56:33 PM org.hibernate.engine.transaction.jta.platform.internal.JtaPlatformInitiator initiateService
INFO: HHH000489: No JTA platform available (set 'hibernate.transaction.jta.platform' to enable JTA platform integration)
[main] INFO org.springframework.orm.jpa.LocalContainerEntityManagerFactoryBean - Initialized JPA EntityManagerFactory for persistence unit 'default'
]]></system-err>
  </testcase>
  <testcase name="addStudentToCourse_shouldThrow_whenCourseNotFound" classname="training_center.dao.CourseDaoTest" time="0.144">
    <system-out><![CDATA[Hibernate: 
    delete 
    from
        schedule
Hibernate: 
    delete 
    from
        course_students
Hibernate: 
    delete 
    from
        course_teachers
Hibernate: 
    delete 
    from
        students
Hibernate: 
    delete 
    from
        teachers
Hibernate: 
    delete 
    from
        courses
Hibernate: 
    delete 
    from
        companies
Hibernate: 
    insert 
    into
        students
        (full_name) 
    values
        (?)
Hibernate: 
    select
        c1_0.id,
        c1_0.company_id,
        c1_0.duration_unit,
        c1_0.duration_value,
        c1_0.intensity,
        c1_0.title 
    from
        courses c1_0 
    where
        c1_0.id=?
Hibernate: 
    select
        s1_0.id,
        s1_0.full_name 
    from
        students s1_0 
    where
        s1_0.id=?
]]></system-out>
  </testcase>
  <testcase name="addStudentToCourse_shouldThrow_whenStudentNotFound" classname="training_center.dao.CourseDaoTest" time="0.214">
    <system-out><![CDATA[Hibernate: 
    delete 
    from
        schedule
Hibernate: 
    delete 
    from
        course_students
Hibernate: 
    delete 
    from
        course_teachers
Hibernate: 
    delete 
    from
        students
Hibernate: 
    delete 
    from
        teachers
Hibernate: 
    delete 
    from
        courses
Hibernate: 
    delete 
    from
        companies
Hibernate: 
    insert 
    into
        companies
        (address, name) 
    values
        (?, ?)
Hibernate: 
    insert 
    into
        courses
        (company_id, duration_unit, duration_value, intensity, title) 
    values
        (?, ?, ?, ?, ?)
Hibernate: 
    select
        c1_0.id,
        c1_0.company_id,
        c1_0.duration_unit,
        c1_0.duration_value,
        c1_0.intensity,
        c1_0.title 
    from
        courses c1_0 
    where
        c1_0.id=?
Hibernate: 
    select
        s1_0.id,
        s1_0.full_name 
    from
        students s1_0 
    where
        s1_0.id=?
]]></system-out>
  </testcase>
  <testcase name="assignTeacherToCourse_shouldNotDuplicateRelation" classname="training_center.dao.CourseDaoTest" time="0.536">
    <system-out><![CDATA[Hibernate: 
    delete 
    from
        schedule
Hibernate: 
    delete 
    from
        course_students
Hibernate: 
    delete 
    from
        course_teachers
Hibernate: 
    delete 
    from
        students
Hibernate: 
    delete 
    from
        teachers
Hibernate: 
    delete 
    from
        courses
Hibernate: 
    delete 
    from
        companies
Hibernate: 
    insert 
    into
        companies
        (address, name) 
    values
        (?, ?)
Hibernate: 
    insert 
    into
        courses
        (company_id, duration_unit, duration_value, intensity, title) 
    values
        (?, ?, ?, ?, ?)
Hibernate: 
    insert 
    into
        companies
        (address, name) 
    values
        (?, ?)
Hibernate: 
    insert 
    into
        teachers
        (company_id, full_name) 
    values
        (?, ?)
Hibernate: 
    select
        c1_0.id,
        c1_0.company_id,
        c1_0.duration_unit,
        c1_0.duration_value,
        c1_0.intensity,
        c1_0.title 
    from
        courses c1_0 
    where
        c1_0.id=?
Hibernate: 
    select
        t1_0.id,
        t1_0.company_id,
        t1_0.full_name 
    from
        teachers t1_0 
    where
        t1_0.id=?
Hibernate: 
    select
        ct1_0.course_id,
        ct1_0.teacher_id 
    from
        course_teachers ct1_0 
    where
        (
            ct1_0.course_id, ct1_0.teacher_id
        ) in ((?, ?))
Hibernate: 
    insert 
    into
        course_teachers
        (course_id, teacher_id) 
    values
        (?, ?)
Hibernate: 
    select
        c1_0.id,
        c1_0.company_id,
        c1_0.duration_unit,
        c1_0.duration_value,
        c1_0.intensity,
        c1_0.title 
    from
        courses c1_0 
    where
        c1_0.id=?
Hibernate: 
    select
        t1_0.id,
        t1_0.company_id,
        t1_0.full_name 
    from
        teachers t1_0 
    where
        t1_0.id=?
Hibernate: 
    select
        ct1_0.course_id,
        ct1_0.teacher_id 
    from
        course_teachers ct1_0 
    where
        (
            ct1_0.course_id, ct1_0.teacher_id
        ) in ((?, ?))
Hibernate: 
    select
        t1_0.id,
        t1_0.company_id,
        t1_0.full_name 
    from
        course_teachers ct1_0 
    join
        teachers t1_0 
            on t1_0.id=ct1_0.teacher_id 
    where
        ct1_0.course_id=? 
    order by
        t1_0.full_name
]]></system-out>
  </testcase>
  <testcase name="assignTeacherToCourse_shouldThrow_whenCourseNotFound" classname="training_center.dao.CourseDaoTest" time="0.223">
    <system-out><![CDATA[Hibernate: 
    delete 
    from
        schedule
Hibernate: 
    delete 
    from
        course_students
Hibernate: 
    delete 
    from
        course_teachers
Hibernate: 
    delete 
    from
        students
Hibernate: 
    delete 
    from
        teachers
Hibernate: 
    delete 
    from
        courses
Hibernate: 
    delete 
    from
        companies
Hibernate: 
    insert 
    into
        companies
        (address, name) 
    values
        (?, ?)
Hibernate: 
    insert 
    into
        teachers
        (company_id, full_name) 
    values
        (?, ?)
Hibernate: 
    select
        c1_0.id,
        c1_0.company_id,
        c1_0.duration_unit,
        c1_0.duration_value,
        c1_0.intensity,
        c1_0.title 
    from
        courses c1_0 
    where
        c1_0.id=?
Hibernate: 
    select
        t1_0.id,
        t1_0.company_id,
        t1_0.full_name 
    from
        teachers t1_0 
    where
        t1_0.id=?
]]></system-out>
  </testcase>
  <testcase name="assignTeacherToCourse_shouldThrow_whenTeacherNotFound" classname="training_center.dao.CourseDaoTest" time="0.309">
    <system-out><![CDATA[Hibernate: 
    delete 
    from
        schedule
Hibernate: 
    delete 
    from
        course_students
Hibernate: 
    delete 
    from
        course_teachers
Hibernate: 
    delete 
    from
        students
Hibernate: 
    delete 
    from
        teachers
Hibernate: 
    delete 
    from
        courses
Hibernate: 
    delete 
    from
        companies
Hibernate: 
    insert 
    into
        companies
        (address, name) 
    values
        (?, ?)
Hibernate: 
    insert 
    into
        courses
        (company_id, duration_unit, duration_value, intensity, title) 
    values
        (?, ?, ?, ?, ?)
Hibernate: 
    select
        c1_0.id,
        c1_0.company_id,
        c1_0.duration_unit,
        c1_0.duration_value,
        c1_0.intensity,
        c1_0.title 
    from
        courses c1_0 
    where
        c1_0.id=?
Hibernate: 
    select
        t1_0.id,
        t1_0.company_id,
        t1_0.full_name 
    from
        teachers t1_0 
    where
        t1_0.id=?
]]></system-out>
  </testcase>
  <testcase name="deleteById_shouldDeleteCourse" classname="training_center.dao.CourseDaoTest" time="0.287">
    <system-out><![CDATA[Hibernate: 
    delete 
    from
        schedule
Hibernate: 
    delete 
    from
        course_students
Hibernate: 
    delete 
    from
        course_teachers
Hibernate: 
    delete 
    from
        students
Hibernate: 
    delete 
    from
        teachers
Hibernate: 
    delete 
    from
        courses
Hibernate: 
    delete 
    from
        companies
Hibernate: 
    insert 
    into
        companies
        (address, name) 
    values
        (?, ?)
Hibernate: 
    insert 
    into
        courses
        (company_id, duration_unit, duration_value, intensity, title) 
    values
        (?, ?, ?, ?, ?)
Hibernate: 
    select
        c1_0.id,
        c1_0.company_id,
        c1_0.duration_unit,
        c1_0.duration_value,
        c1_0.intensity,
        c1_0.title 
    from
        courses c1_0 
    where
        c1_0.id=?
Hibernate: 
    delete 
    from
        courses 
    where
        id=?
Hibernate: 
    select
        c1_0.id,
        c1_0.company_id,
        c1_0.duration_unit,
        c1_0.duration_value,
        c1_0.intensity,
        c1_0.title 
    from
        courses c1_0 
    where
        c1_0.id=?
]]></system-out>
  </testcase>
  <testcase name="delete_shouldRemoveDetachedCourse" classname="training_center.dao.CourseDaoTest" time="0.502">
    <system-out><![CDATA[Hibernate: 
    delete 
    from
        schedule
Hibernate: 
    delete 
    from
        course_students
Hibernate: 
    delete 
    from
        course_teachers
Hibernate: 
    delete 
    from
        students
Hibernate: 
    delete 
    from
        teachers
Hibernate: 
    delete 
    from
        courses
Hibernate: 
    delete 
    from
        companies
Hibernate: 
    insert 
    into
        companies
        (address, name) 
    values
        (?, ?)
Hibernate: 
    insert 
    into
        courses
        (company_id, duration_unit, duration_value, intensity, title) 
    values
        (?, ?, ?, ?, ?)
Hibernate: 
    select
        c1_0.id,
        c1_0.company_id,
        c1_0.duration_unit,
        c1_0.duration_value,
        c1_0.intensity,
        c1_0.title 
    from
        courses c1_0 
    where
        c1_0.id=?
Hibernate: 
    delete 
    from
        courses 
    where
        id=?
Hibernate: 
    select
        c1_0.id,
        c1_0.company_id,
        c1_0.duration_unit,
        c1_0.duration_value,
        c1_0.intensity,
        c1_0.title 
    from
        courses c1_0 
    where
        c1_0.id=?
]]></system-out>
  </testcase>
  <testcase name="removeStudentFromCourse_shouldDoNothing_whenRelationNotExists" classname="training_center.dao.CourseDaoTest" time="0.332">
    <system-out><![CDATA[Hibernate: 
    delete 
    from
        schedule
Hibernate: 
    delete 
    from
        course_students
Hibernate: 
    delete 
    from
        course_teachers
Hibernate: 
    delete 
    from
        students
Hibernate: 
    delete 
    from
        teachers
Hibernate: 
    delete 
    from
        courses
Hibernate: 
    delete 
    from
        companies
Hibernate: 
    insert 
    into
        companies
        (address, name) 
    values
        (?, ?)
Hibernate: 
    insert 
    into
        courses
        (company_id, duration_unit, duration_value, intensity, title) 
    values
        (?, ?, ?, ?, ?)
Hibernate: 
    insert 
    into
        students
        (full_name) 
    values
        (?)
Hibernate: 
    select
        cs1_0.course_id,
        cs1_0.student_id,
        cs1_0.enrolled_at 
    from
        course_students cs1_0 
    where
        (
            cs1_0.course_id, cs1_0.student_id
        ) in ((?, ?))
Hibernate: 
    select
        s1_0.id,
        s1_0.full_name 
    from
        course_students cs1_0 
    join
        students s1_0 
            on s1_0.id=cs1_0.student_id 
    where
        cs1_0.course_id=? 
    order by
        s1_0.full_name
]]></system-out>
  </testcase>
  <testcase name="removeTeacherFromCourse_shouldDoNothing_whenRelationNotExists" classname="training_center.dao.CourseDaoTest" time="0.498">
    <system-out><![CDATA[Hibernate: 
    delete 
    from
        schedule
Hibernate: 
    delete 
    from
        course_students
Hibernate: 
    delete 
    from
        course_teachers
Hibernate: 
    delete 
    from
        students
Hibernate: 
    delete 
    from
        teachers
Hibernate: 
    delete 
    from
        courses
Hibernate: 
    delete 
    from
        companies
Hibernate: 
    insert 
    into
        companies
        (address, name) 
    values
        (?, ?)
Hibernate: 
    insert 
    into
        courses
        (company_id, duration_unit, duration_value, intensity, title) 
    values
        (?, ?, ?, ?, ?)
Hibernate: 
    insert 
    into
        companies
        (address, name) 
    values
        (?, ?)
Hibernate: 
    insert 
    into
        teachers
        (company_id, full_name) 
    values
        (?, ?)
Hibernate: 
    select
        ct1_0.course_id,
        ct1_0.teacher_id 
    from
        course_teachers ct1_0 
    where
        (
            ct1_0.course_id, ct1_0.teacher_id
        ) in ((?, ?))
Hibernate: 
    select
        t1_0.id,
        t1_0.company_id,
        t1_0.full_name 
    from
        course_teachers ct1_0 
    join
        teachers t1_0 
            on t1_0.id=ct1_0.teacher_id 
    where
        ct1_0.course_id=? 
    order by
        t1_0.full_name
]]></system-out>
  </testcase>
  <testcase name="testAddAndRemoveStudent" classname="training_center.dao.CourseDaoTest" time="0.476">
    <system-out><![CDATA[Hibernate: 
    delete 
    from
        schedule
Hibernate: 
    delete 
    from
        course_students
Hibernate: 
    delete 
    from
        course_teachers
Hibernate: 
    delete 
    from
        students
Hibernate: 
    delete 
    from
        teachers
Hibernate: 
    delete 
    from
        courses
Hibernate: 
    delete 
    from
        companies
Hibernate: 
    insert 
    into
        companies
        (address, name) 
    values
        (?, ?)
Hibernate: 
    insert 
    into
        courses
        (company_id, duration_unit, duration_value, intensity, title) 
    values
        (?, ?, ?, ?, ?)
Hibernate: 
    insert 
    into
        students
        (full_name) 
    values
        (?)
Hibernate: 
    select
        c1_0.id,
        c1_0.company_id,
        c1_0.duration_unit,
        c1_0.duration_value,
        c1_0.intensity,
        c1_0.title 
    from
        courses c1_0 
    where
        c1_0.id=?
Hibernate: 
    select
        s1_0.id,
        s1_0.full_name 
    from
        students s1_0 
    where
        s1_0.id=?
Hibernate: 
    select
        cs1_0.course_id,
        cs1_0.student_id,
        cs1_0.enrolled_at 
    from
        course_students cs1_0 
    where
        (
            cs1_0.course_id, cs1_0.student_id
        ) in ((?, ?))
Hibernate: 
    insert 
    into
        course_students
        (enrolled_at, course_id, student_id) 
    values
        (?, ?, ?)
Hibernate: 
    select
        s1_0.id,
        s1_0.full_name 
    from
        course_students cs1_0 
    join
        students s1_0 
            on s1_0.id=cs1_0.student_id 
    where
        cs1_0.course_id=? 
    order by
        s1_0.full_name
Hibernate: 
    select
        cs1_0.course_id,
        cs1_0.student_id,
        cs1_0.enrolled_at 
    from
        course_students cs1_0 
    where
        (
            cs1_0.course_id, cs1_0.student_id
        ) in ((?, ?))
Hibernate: 
    delete 
    from
        course_students 
    where
        course_id=? 
        and student_id=?
Hibernate: 
    select
        s1_0.id,
        s1_0.full_name 
    from
        course_students cs1_0 
    join
        students s1_0 
            on s1_0.id=cs1_0.student_id 
    where
        cs1_0.course_id=? 
    order by
        s1_0.full_name
]]></system-out>
  </testcase>
  <testcase name="testAddStudentAlreadyExists" classname="training_center.dao.CourseDaoTest" time="0.586">
    <system-out><![CDATA[Hibernate: 
    delete 
    from
        schedule
Hibernate: 
    delete 
    from
        course_students
Hibernate: 
    delete 
    from
        course_teachers
Hibernate: 
    delete 
    from
        students
Hibernate: 
    delete 
    from
        teachers
Hibernate: 
    delete 
    from
        courses
Hibernate: 
    delete 
    from
        companies
Hibernate: 
    insert 
    into
        companies
        (address, name) 
    values
        (?, ?)
Hibernate: 
    insert 
    into
        courses
        (company_id, duration_unit, duration_value, intensity, title) 
    values
        (?, ?, ?, ?, ?)
Hibernate: 
    insert 
    into
        students
        (full_name) 
    values
        (?)
Hibernate: 
    select
        c1_0.id,
        c1_0.company_id,
        c1_0.duration_unit,
        c1_0.duration_value,
        c1_0.intensity,
        c1_0.title 
    from
        courses c1_0 
    where
        c1_0.id=?
Hibernate: 
    select
        s1_0.id,
        s1_0.full_name 
    from
        students s1_0 
    where
        s1_0.id=?
Hibernate: 
    select
        cs1_0.course_id,
        cs1_0.student_id,
        cs1_0.enrolled_at 
    from
        course_students cs1_0 
    where
        (
            cs1_0.course_id, cs1_0.student_id
        ) in ((?, ?))
Hibernate: 
    insert 
    into
        course_students
        (enrolled_at, course_id, student_id) 
    values
        (?, ?, ?)
Hibernate: 
    select
        c1_0.id,
        c1_0.company_id,
        c1_0.duration_unit,
        c1_0.duration_value,
        c1_0.intensity,
        c1_0.title 
    from
        courses c1_0 
    where
        c1_0.id=?
Hibernate: 
    select
        s1_0.id,
        s1_0.full_name 
    from
        students s1_0 
    where
        s1_0.id=?
Hibernate: 
    select
        cs1_0.course_id,
        cs1_0.student_id,
        cs1_0.enrolled_at 
    from
        course_students cs1_0 
    where
        (
            cs1_0.course_id, cs1_0.student_id
        ) in ((?, ?))
Hibernate: 
    select
        s1_0.id,
        s1_0.full_name 
    from
        course_students cs1_0 
    join
        students s1_0 
            on s1_0.id=cs1_0.student_id 
    where
        cs1_0.course_id=? 
    order by
        s1_0.full_name
]]></system-out>
  </testcase>
  <testcase name="testAssignAndRemoveTeacher" classname="training_center.dao.CourseDaoTest" time="0.465">
    <system-out><![CDATA[Hibernate: 
    delete 
    from
        schedule
Hibernate: 
    delete 
    from
        course_students
Hibernate: 
    delete 
    from
        course_teachers
Hibernate: 
    delete 
    from
        students
Hibernate: 
    delete 
    from
        teachers
Hibernate: 
    delete 
    from
        courses
Hibernate: 
    delete 
    from
        companies
Hibernate: 
    insert 
    into
        companies
        (address, name) 
    values
        (?, ?)
Hibernate: 
    insert 
    into
        courses
        (company_id, duration_unit, duration_value, intensity, title) 
    values
        (?, ?, ?, ?, ?)
Hibernate: 
    insert 
    into
        teachers
        (company_id, full_name) 
    values
        (?, ?)
Hibernate: 
    select
        c1_0.id,
        c1_0.company_id,
        c1_0.duration_unit,
        c1_0.duration_value,
        c1_0.intensity,
        c1_0.title 
    from
        courses c1_0 
    where
        c1_0.id=?
Hibernate: 
    select
        t1_0.id,
        t1_0.company_id,
        t1_0.full_name 
    from
        teachers t1_0 
    where
        t1_0.id=?
Hibernate: 
    select
        ct1_0.course_id,
        ct1_0.teacher_id 
    from
        course_teachers ct1_0 
    where
        (
            ct1_0.course_id, ct1_0.teacher_id
        ) in ((?, ?))
Hibernate: 
    insert 
    into
        course_teachers
        (course_id, teacher_id) 
    values
        (?, ?)
Hibernate: 
    select
        t1_0.id,
        t1_0.company_id,
        t1_0.full_name 
    from
        course_teachers ct1_0 
    join
        teachers t1_0 
            on t1_0.id=ct1_0.teacher_id 
    where
        ct1_0.course_id=? 
    order by
        t1_0.full_name
Hibernate: 
    select
        ct1_0.course_id,
        ct1_0.teacher_id 
    from
        course_teachers ct1_0 
    where
        (
            ct1_0.course_id, ct1_0.teacher_id
        ) in ((?, ?))
Hibernate: 
    delete 
    from
        course_teachers 
    where
        course_id=? 
        and teacher_id=?
Hibernate: 
    select
        t1_0.id,
        t1_0.company_id,
        t1_0.full_name 
    from
        course_teachers ct1_0 
    join
        teachers t1_0 
            on t1_0.id=ct1_0.teacher_id 
    where
        ct1_0.course_id=? 
    order by
        t1_0.full_name
]]></system-out>
  </testcase>
  <testcase name="testDelete" classname="training_center.dao.CourseDaoTest" time="0.267">
    <system-out><![CDATA[Hibernate: 
    delete 
    from
        schedule
Hibernate: 
    delete 
    from
        course_students
Hibernate: 
    delete 
    from
        course_teachers
Hibernate: 
    delete 
    from
        students
Hibernate: 
    delete 
    from
        teachers
Hibernate: 
    delete 
    from
        courses
Hibernate: 
    delete 
    from
        companies
Hibernate: 
    insert 
    into
        companies
        (address, name) 
    values
        (?, ?)
Hibernate: 
    insert 
    into
        courses
        (company_id, duration_unit, duration_value, intensity, title) 
    values
        (?, ?, ?, ?, ?)
Hibernate: 
    select
        c1_0.id,
        c1_0.company_id,
        c1_0.duration_unit,
        c1_0.duration_value,
        c1_0.intensity,
        c1_0.title 
    from
        courses c1_0 
    where
        c1_0.id=?
Hibernate: 
    delete 
    from
        courses 
    where
        id=?
Hibernate: 
    select
        c1_0.id,
        c1_0.company_id,
        c1_0.duration_unit,
        c1_0.duration_value,
        c1_0.intensity,
        c1_0.title 
    from
        courses c1_0 
    where
        c1_0.id=?
]]></system-out>
  </testcase>
  <testcase name="testDeleteByIdNotExists" classname="training_center.dao.CourseDaoTest" time="0.116">
    <system-out><![CDATA[Hibernate: 
    delete 
    from
        schedule
Hibernate: 
    delete 
    from
        course_students
Hibernate: 
    delete 
    from
        course_teachers
Hibernate: 
    delete 
    from
        students
Hibernate: 
    delete 
    from
        teachers
Hibernate: 
    delete 
    from
        courses
Hibernate: 
    delete 
    from
        companies
Hibernate: 
    select
        c1_0.id,
        c1_0.company_id,
        c1_0.duration_unit,
        c1_0.duration_value,
        c1_0.intensity,
        c1_0.title 
    from
        courses c1_0 
    where
        c1_0.id=?
Hibernate: 
    select
        c1_0.id,
        c1_0.company_id,
        c1_0.duration_unit,
        c1_0.duration_value,
        c1_0.intensity,
        c1_0.title 
    from
        courses c1_0 
    where
        c1_0.id=?
]]></system-out>
  </testcase>
  <testcase name="testFindAll" classname="training_center.dao.CourseDaoTest" time="0.204">
    <system-out><![CDATA[Hibernate: 
    delete 
    from
        schedule
Hibernate: 
    delete 
    from
        course_students
Hibernate: 
    delete 
    from
        course_teachers
Hibernate: 
    delete 
    from
        students
Hibernate: 
    delete 
    from
        teachers
Hibernate: 
    delete 
    from
        courses
Hibernate: 
    delete 
    from
        companies
Hibernate: 
    insert 
    into
        companies
        (address, name) 
    values
        (?, ?)
Hibernate: 
    insert 
    into
        courses
        (company_id, duration_unit, duration_value, intensity, title) 
    values
        (?, ?, ?, ?, ?)
Hibernate: 
    select
        c1_0.id,
        c1_0.company_id,
        c1_0.duration_unit,
        c1_0.duration_value,
        c1_0.intensity,
        c1_0.title 
    from
        courses c1_0 
    order by
        c1_0.title
]]></system-out>
  </testcase>
  <testcase name="testFindByTitle" classname="training_center.dao.CourseDaoTest" time="0.253">
    <system-out><![CDATA[Hibernate: 
    delete 
    from
        schedule
Hibernate: 
    delete 
    from
        course_students
Hibernate: 
    delete 
    from
        course_teachers
Hibernate: 
    delete 
    from
        students
Hibernate: 
    delete 
    from
        teachers
Hibernate: 
    delete 
    from
        courses
Hibernate: 
    delete 
    from
        companies
Hibernate: 
    insert 
    into
        companies
        (address, name) 
    values
        (?, ?)
Hibernate: 
    insert 
    into
        courses
        (company_id, duration_unit, duration_value, intensity, title) 
    values
        (?, ?, ?, ?, ?)
Hibernate: 
    select
        c1_0.id,
        c1_0.company_id,
        c1_0.duration_unit,
        c1_0.duration_value,
        c1_0.intensity,
        c1_0.title 
    from
        courses c1_0 
    where
        lower(c1_0.title) like lower(?) escape '' 
    order by
        c1_0.title
]]></system-out>
  </testcase>
  <testcase name="testFindByTitleEmpty" classname="training_center.dao.CourseDaoTest" time="0.057">
    <system-out><![CDATA[Hibernate: 
    delete 
    from
        schedule
Hibernate: 
    delete 
    from
        course_students
Hibernate: 
    delete 
    from
        course_teachers
Hibernate: 
    delete 
    from
        students
Hibernate: 
    delete 
    from
        teachers
Hibernate: 
    delete 
    from
        courses
Hibernate: 
    delete 
    from
        companies
Hibernate: 
    select
        c1_0.id,
        c1_0.company_id,
        c1_0.duration_unit,
        c1_0.duration_value,
        c1_0.intensity,
        c1_0.title 
    from
        courses c1_0 
    where
        lower(c1_0.title) like lower(?) escape '' 
    order by
        c1_0.title
]]></system-out>
  </testcase>
  <testcase name="testGetScheduleByCourseId" classname="training_center.dao.CourseDaoTest" time="0.441">
    <system-out><![CDATA[Hibernate: 
    delete 
    from
        schedule
Hibernate: 
    delete 
    from
        course_students
Hibernate: 
    delete 
    from
        course_teachers
Hibernate: 
    delete 
    from
        students
Hibernate: 
    delete 
    from
        teachers
Hibernate: 
    delete 
    from
        courses
Hibernate: 
    delete 
    from
        companies
Hibernate: 
    insert 
    into
        companies
        (address, name) 
    values
        (?, ?)
Hibernate: 
    insert 
    into
        courses
        (company_id, duration_unit, duration_value, intensity, title) 
    values
        (?, ?, ?, ?, ?)
Hibernate: 
    insert 
    into
        teachers
        (company_id, full_name) 
    values
        (?, ?)
Hibernate: 
    select
        c1_0.id,
        c1_0.company_id,
        c1_0.duration_unit,
        c1_0.duration_value,
        c1_0.intensity,
        c1_0.title 
    from
        courses c1_0 
    where
        c1_0.id=?
Hibernate: 
    select
        t1_0.id,
        t1_0.company_id,
        t1_0.full_name 
    from
        teachers t1_0 
    where
        t1_0.id=?
Hibernate: 
    select
        ct1_0.course_id,
        ct1_0.teacher_id 
    from
        course_teachers ct1_0 
    where
        (
            ct1_0.course_id, ct1_0.teacher_id
        ) in ((?, ?))
Hibernate: 
    insert 
    into
        course_teachers
        (course_id, teacher_id) 
    values
        (?, ?)
Hibernate: 
    insert 
    into
        schedule
        (course_id, end_at, start_at, teacher_id) 
    values
        (?, ?, ?, ?)
Hibernate: 
    select
        s1_0.id,
        s1_0.course_id,
        s1_0.end_at,
        s1_0.start_at,
        s1_0.teacher_id 
    from
        schedule s1_0 
    where
        s1_0.course_id=? 
    order by
        s1_0.start_at
]]></system-out>
  </testcase>
  <testcase name="testSaveAndFindById" classname="training_center.dao.CourseDaoTest" time="0.195">
    <system-out><![CDATA[Hibernate: 
    delete 
    from
        schedule
Hibernate: 
    delete 
    from
        course_students
Hibernate: 
    delete 
    from
        course_teachers
Hibernate: 
    delete 
    from
        students
Hibernate: 
    delete 
    from
        teachers
Hibernate: 
    delete 
    from
        courses
Hibernate: 
    delete 
    from
        companies
Hibernate: 
    insert 
    into
        companies
        (address, name) 
    values
        (?, ?)
Hibernate: 
    insert 
    into
        courses
        (company_id, duration_unit, duration_value, intensity, title) 
    values
        (?, ?, ?, ?, ?)
Hibernate: 
    select
        c1_0.id,
        c1_0.company_id,
        c1_0.duration_unit,
        c1_0.duration_value,
        c1_0.intensity,
        c1_0.title 
    from
        courses c1_0 
    where
        c1_0.id=?
]]></system-out>
  </testcase>
  <testcase name="testUpdate" classname="training_center.dao.CourseDaoTest" time="0.293">
    <system-out><![CDATA[Hibernate: 
    delete 
    from
        schedule
Hibernate: 
    delete 
    from
        course_students
Hibernate: 
    delete 
    from
        course_teachers
Hibernate: 
    delete 
    from
        students
Hibernate: 
    delete 
    from
        teachers
Hibernate: 
    delete 
    from
        courses
Hibernate: 
    delete 
    from
        companies
Hibernate: 
    insert 
    into
        companies
        (address, name) 
    values
        (?, ?)
Hibernate: 
    insert 
    into
        courses
        (company_id, duration_unit, duration_value, intensity, title) 
    values
        (?, ?, ?, ?, ?)
Hibernate: 
    select
        c1_0.id,
        c1_0.company_id,
        c1_0.duration_unit,
        c1_0.duration_value,
        c1_0.intensity,
        c1_0.title 
    from
        courses c1_0 
    where
        c1_0.id=?
Hibernate: 
    update
        courses 
    set
        company_id=?,
        duration_unit=?,
        duration_value=?,
        intensity=?,
        title=? 
    where
        id=?
Hibernate: 
    select
        c1_0.id,
        c1_0.company_id,
        c1_0.duration_unit,
        c1_0.duration_value,
        c1_0.intensity,
        c1_0.title 
    from
        courses c1_0 
    where
        c1_0.id=?
]]></system-out>
  </testcase>
  <testcase name="testDelete" classname="training_center.dao.ScheduleDaoTest" time="0.448">
    <system-out><![CDATA[Hibernate: 
    delete 
    from
        schedule
Hibernate: 
    delete 
    from
        course_students
Hibernate: 
    delete 
    from
        course_teachers
Hibernate: 
    delete 
    from
        students
Hibernate: 
    delete 
    from
        teachers
Hibernate: 
    delete 
    from
        courses
Hibernate: 
    delete 
    from
        companies
Hibernate: 
    insert 
    into
        companies
        (address, name) 
    values
        (?, ?)
Hibernate: 
    insert 
    into
        courses
        (company_id, duration_unit, duration_value, intensity, title) 
    values
        (?, ?, ?, ?, ?)
Hibernate: 
    insert 
    into
        teachers
        (company_id, full_name) 
    values
        (?, ?)
Hibernate: 
    select
        c1_0.id,
        c1_0.company_id,
        c1_0.duration_unit,
        c1_0.duration_value,
        c1_0.intensity,
        c1_0.title 
    from
        courses c1_0 
    where
        c1_0.id=?
Hibernate: 
    select
        t1_0.id,
        t1_0.company_id,
        t1_0.full_name 
    from
        teachers t1_0 
    where
        t1_0.id=?
Hibernate: 
    select
        ct1_0.course_id,
        ct1_0.teacher_id 
    from
        course_teachers ct1_0 
    where
        (
            ct1_0.course_id, ct1_0.teacher_id
        ) in ((?, ?))
Hibernate: 
    insert 
    into
        course_teachers
        (course_id, teacher_id) 
    values
        (?, ?)
Hibernate: 
    insert 
    into
        schedule
        (course_id, end_at, start_at, teacher_id) 
    values
        (?, ?, ?, ?)
Hibernate: 
    select
        s1_0.id,
        s1_0.course_id,
        s1_0.end_at,
        s1_0.start_at,
        s1_0.teacher_id 
    from
        schedule s1_0 
    where
        s1_0.id=?
Hibernate: 
    delete 
    from
        schedule 
    where
        id=?
Hibernate: 
    select
        s1_0.id,
        s1_0.course_id,
        s1_0.end_at,
        s1_0.start_at,
        s1_0.teacher_id 
    from
        schedule s1_0 
    where
        s1_0.id=?
]]></system-out>
    <system-err><![CDATA[[main] INFO org.springframework.orm.jpa.LocalContainerEntityManagerFactoryBean - Closing JPA EntityManagerFactory for persistence unit 'default'
[main] WARN org.springframework.context.support.PostProcessorRegistrationDelegate$BeanPostProcessorChecker - Bean 'persistenceConfig' of type [training_center.config.PersistenceConfig$$SpringCGLIB$$0] is not eligible for getting processed by all BeanPostProcessors (for example: not eligible for auto-proxying). The currently created BeanPostProcessor [exceptionTranslation] is declared through a non-static factory method on that class; consider declaring it as static instead.
мар. 30, 2026 3:56:40 PM org.hibernate.jpa.internal.util.LogHelper logPersistenceUnitInformation
INFO: HHH000204: Processing PersistenceUnitInfo [name: default]
мар. 30, 2026 3:56:40 PM org.hibernate.cache.internal.RegionFactoryInitiator initiateService
INFO: HHH000026: Second-level cache disabled
[main] INFO org.springframework.orm.jpa.persistenceunit.SpringPersistenceUnitInfo - No LoadTimeWeaver setup: ignoring JPA class transformer
мар. 30, 2026 3:56:40 PM org.hibernate.engine.jdbc.dialect.internal.DialectFactoryImpl constructDialect
WARN: HHH90000025: PostgreSQLDialect does not need to be specified explicitly using 'hibernate.dialect' (remove the property setting and it will be selected by default)
мар. 30, 2026 3:56:40 PM org.hibernate.engine.transaction.jta.platform.internal.JtaPlatformInitiator initiateService
INFO: HHH000489: No JTA platform available (set 'hibernate.transaction.jta.platform' to enable JTA platform integration)
[main] INFO org.springframework.orm.jpa.LocalContainerEntityManagerFactoryBean - Initialized JPA EntityManagerFactory for persistence unit 'default'
]]></system-err>
  </testcase>
  <testcase name="testDeleteByIdWhenExists" classname="training_center.dao.ScheduleDaoTest" time="0.576">
    <system-out><![CDATA[Hibernate: 
    delete 
    from
        schedule
Hibernate: 
    delete 
    from
        course_students
Hibernate: 
    delete 
    from
        course_teachers
Hibernate: 
    delete 
    from
        students
Hibernate: 
    delete 
    from
        teachers
Hibernate: 
    delete 
    from
        courses
Hibernate: 
    delete 
    from
        companies
Hibernate: 
    insert 
    into
        companies
        (address, name) 
    values
        (?, ?)
Hibernate: 
    insert 
    into
        courses
        (company_id, duration_unit, duration_value, intensity, title) 
    values
        (?, ?, ?, ?, ?)
Hibernate: 
    insert 
    into
        teachers
        (company_id, full_name) 
    values
        (?, ?)
Hibernate: 
    select
        c1_0.id,
        c1_0.company_id,
        c1_0.duration_unit,
        c1_0.duration_value,
        c1_0.intensity,
        c1_0.title 
    from
        courses c1_0 
    where
        c1_0.id=?
Hibernate: 
    select
        t1_0.id,
        t1_0.company_id,
        t1_0.full_name 
    from
        teachers t1_0 
    where
        t1_0.id=?
Hibernate: 
    select
        ct1_0.course_id,
        ct1_0.teacher_id 
    from
        course_teachers ct1_0 
    where
        (
            ct1_0.course_id, ct1_0.teacher_id
        ) in ((?, ?))
Hibernate: 
    insert 
    into
        course_teachers
        (course_id, teacher_id) 
    values
        (?, ?)
Hibernate: 
    insert 
    into
        schedule
        (course_id, end_at, start_at, teacher_id) 
    values
        (?, ?, ?, ?)
Hibernate: 
    select
        s1_0.id,
        s1_0.course_id,
        s1_0.end_at,
        s1_0.start_at,
        s1_0.teacher_id 
    from
        schedule s1_0 
    where
        s1_0.id=?
Hibernate: 
    delete 
    from
        schedule 
    where
        id=?
Hibernate: 
    select
        s1_0.id,
        s1_0.course_id,
        s1_0.end_at,
        s1_0.start_at,
        s1_0.teacher_id 
    from
        schedule s1_0 
    where
        s1_0.id=?
]]></system-out>
  </testcase>
  <testcase name="testDeleteByIdWhenNotExists" classname="training_center.dao.ScheduleDaoTest" time="0.132">
    <system-out><![CDATA[Hibernate: 
    delete 
    from
        schedule
Hibernate: 
    delete 
    from
        course_students
Hibernate: 
    delete 
    from
        course_teachers
Hibernate: 
    delete 
    from
        students
Hibernate: 
    delete 
    from
        teachers
Hibernate: 
    delete 
    from
        courses
Hibernate: 
    delete 
    from
        companies
Hibernate: 
    select
        s1_0.id,
        s1_0.course_id,
        s1_0.end_at,
        s1_0.start_at,
        s1_0.teacher_id 
    from
        schedule s1_0 
    where
        s1_0.id=?
Hibernate: 
    select
        s1_0.id,
        s1_0.course_id,
        s1_0.end_at,
        s1_0.start_at,
        s1_0.teacher_id 
    from
        schedule s1_0 
    where
        s1_0.id=?
]]></system-out>
  </testcase>
  <testcase name="testDeleteDetached" classname="training_center.dao.ScheduleDaoTest" time="0.492">
    <system-out><![CDATA[Hibernate: 
    delete 
    from
        schedule
Hibernate: 
    delete 
    from
        course_students
Hibernate: 
    delete 
    from
        course_teachers
Hibernate: 
    delete 
    from
        students
Hibernate: 
    delete 
    from
        teachers
Hibernate: 
    delete 
    from
        courses
Hibernate: 
    delete 
    from
        companies
Hibernate: 
    insert 
    into
        companies
        (address, name) 
    values
        (?, ?)
Hibernate: 
    insert 
    into
        courses
        (company_id, duration_unit, duration_value, intensity, title) 
    values
        (?, ?, ?, ?, ?)
Hibernate: 
    insert 
    into
        teachers
        (company_id, full_name) 
    values
        (?, ?)
Hibernate: 
    select
        c1_0.id,
        c1_0.company_id,
        c1_0.duration_unit,
        c1_0.duration_value,
        c1_0.intensity,
        c1_0.title 
    from
        courses c1_0 
    where
        c1_0.id=?
Hibernate: 
    select
        t1_0.id,
        t1_0.company_id,
        t1_0.full_name 
    from
        teachers t1_0 
    where
        t1_0.id=?
Hibernate: 
    select
        ct1_0.course_id,
        ct1_0.teacher_id 
    from
        course_teachers ct1_0 
    where
        (
            ct1_0.course_id, ct1_0.teacher_id
        ) in ((?, ?))
Hibernate: 
    insert 
    into
        course_teachers
        (course_id, teacher_id) 
    values
        (?, ?)
Hibernate: 
    insert 
    into
        schedule
        (course_id, end_at, start_at, teacher_id) 
    values
        (?, ?, ?, ?)
Hibernate: 
    select
        s1_0.id,
        s1_0.course_id,
        s1_0.end_at,
        s1_0.start_at,
        s1_0.teacher_id 
    from
        schedule s1_0 
    where
        s1_0.id=?
Hibernate: 
    delete 
    from
        schedule 
    where
        id=?
Hibernate: 
    select
        s1_0.id,
        s1_0.course_id,
        s1_0.end_at,
        s1_0.start_at,
        s1_0.teacher_id 
    from
        schedule s1_0 
    where
        s1_0.id=?
]]></system-out>
  </testcase>
  <testcase name="testFindAll" classname="training_center.dao.ScheduleDaoTest" time="0.409">
    <system-out><![CDATA[Hibernate: 
    delete 
    from
        schedule
Hibernate: 
    delete 
    from
        course_students
Hibernate: 
    delete 
    from
        course_teachers
Hibernate: 
    delete 
    from
        students
Hibernate: 
    delete 
    from
        teachers
Hibernate: 
    delete 
    from
        courses
Hibernate: 
    delete 
    from
        companies
Hibernate: 
    insert 
    into
        companies
        (address, name) 
    values
        (?, ?)
Hibernate: 
    insert 
    into
        courses
        (company_id, duration_unit, duration_value, intensity, title) 
    values
        (?, ?, ?, ?, ?)
Hibernate: 
    insert 
    into
        teachers
        (company_id, full_name) 
    values
        (?, ?)
Hibernate: 
    select
        c1_0.id,
        c1_0.company_id,
        c1_0.duration_unit,
        c1_0.duration_value,
        c1_0.intensity,
        c1_0.title 
    from
        courses c1_0 
    where
        c1_0.id=?
Hibernate: 
    select
        t1_0.id,
        t1_0.company_id,
        t1_0.full_name 
    from
        teachers t1_0 
    where
        t1_0.id=?
Hibernate: 
    select
        ct1_0.course_id,
        ct1_0.teacher_id 
    from
        course_teachers ct1_0 
    where
        (
            ct1_0.course_id, ct1_0.teacher_id
        ) in ((?, ?))
Hibernate: 
    insert 
    into
        course_teachers
        (course_id, teacher_id) 
    values
        (?, ?)
Hibernate: 
    insert 
    into
        schedule
        (course_id, end_at, start_at, teacher_id) 
    values
        (?, ?, ?, ?)
Hibernate: 
    select
        s1_0.id,
        s1_0.course_id,
        s1_0.end_at,
        s1_0.start_at,
        s1_0.teacher_id 
    from
        schedule s1_0 
    order by
        s1_0.start_at
]]></system-out>
  </testcase>
  <testcase name="testFindByCourseId" classname="training_center.dao.ScheduleDaoTest" time="0.619">
    <system-out><![CDATA[Hibernate: 
    delete 
    from
        schedule
Hibernate: 
    delete 
    from
        course_students
Hibernate: 
    delete 
    from
        course_teachers
Hibernate: 
    delete 
    from
        students
Hibernate: 
    delete 
    from
        teachers
Hibernate: 
    delete 
    from
        courses
Hibernate: 
    delete 
    from
        companies
Hibernate: 
    insert 
    into
        companies
        (address, name) 
    values
        (?, ?)
Hibernate: 
    insert 
    into
        courses
        (company_id, duration_unit, duration_value, intensity, title) 
    values
        (?, ?, ?, ?, ?)
Hibernate: 
    insert 
    into
        teachers
        (company_id, full_name) 
    values
        (?, ?)
Hibernate: 
    select
        c1_0.id,
        c1_0.company_id,
        c1_0.duration_unit,
        c1_0.duration_value,
        c1_0.intensity,
        c1_0.title 
    from
        courses c1_0 
    where
        c1_0.id=?
Hibernate: 
    select
        t1_0.id,
        t1_0.company_id,
        t1_0.full_name 
    from
        teachers t1_0 
    where
        t1_0.id=?
Hibernate: 
    select
        ct1_0.course_id,
        ct1_0.teacher_id 
    from
        course_teachers ct1_0 
    where
        (
            ct1_0.course_id, ct1_0.teacher_id
        ) in ((?, ?))
Hibernate: 
    insert 
    into
        course_teachers
        (course_id, teacher_id) 
    values
        (?, ?)
Hibernate: 
    insert 
    into
        schedule
        (course_id, end_at, start_at, teacher_id) 
    values
        (?, ?, ?, ?)
Hibernate: 
    select
        s1_0.id,
        s1_0.course_id,
        s1_0.end_at,
        s1_0.start_at,
        s1_0.teacher_id 
    from
        schedule s1_0 
    where
        s1_0.course_id=? 
    order by
        s1_0.start_at
]]></system-out>
  </testcase>
  <testcase name="testFindByStudentAndInterval" classname="training_center.dao.ScheduleDaoTest" time="0.587">
    <system-out><![CDATA[Hibernate: 
    delete 
    from
        schedule
Hibernate: 
    delete 
    from
        course_students
Hibernate: 
    delete 
    from
        course_teachers
Hibernate: 
    delete 
    from
        students
Hibernate: 
    delete 
    from
        teachers
Hibernate: 
    delete 
    from
        courses
Hibernate: 
    delete 
    from
        companies
Hibernate: 
    insert 
    into
        companies
        (address, name) 
    values
        (?, ?)
Hibernate: 
    insert 
    into
        courses
        (company_id, duration_unit, duration_value, intensity, title) 
    values
        (?, ?, ?, ?, ?)
Hibernate: 
    insert 
    into
        teachers
        (company_id, full_name) 
    values
        (?, ?)
Hibernate: 
    insert 
    into
        students
        (full_name) 
    values
        (?)
Hibernate: 
    select
        c1_0.id,
        c1_0.company_id,
        c1_0.duration_unit,
        c1_0.duration_value,
        c1_0.intensity,
        c1_0.title 
    from
        courses c1_0 
    where
        c1_0.id=?
Hibernate: 
    select
        t1_0.id,
        t1_0.company_id,
        t1_0.full_name 
    from
        teachers t1_0 
    where
        t1_0.id=?
Hibernate: 
    select
        ct1_0.course_id,
        ct1_0.teacher_id 
    from
        course_teachers ct1_0 
    where
        (
            ct1_0.course_id, ct1_0.teacher_id
        ) in ((?, ?))
Hibernate: 
    insert 
    into
        course_teachers
        (course_id, teacher_id) 
    values
        (?, ?)
Hibernate: 
    select
        c1_0.id,
        c1_0.company_id,
        c1_0.duration_unit,
        c1_0.duration_value,
        c1_0.intensity,
        c1_0.title 
    from
        courses c1_0 
    where
        c1_0.id=?
Hibernate: 
    select
        s1_0.id,
        s1_0.full_name 
    from
        students s1_0 
    where
        s1_0.id=?
Hibernate: 
    select
        cs1_0.course_id,
        cs1_0.student_id,
        cs1_0.enrolled_at 
    from
        course_students cs1_0 
    where
        (
            cs1_0.course_id, cs1_0.student_id
        ) in ((?, ?))
Hibernate: 
    insert 
    into
        course_students
        (enrolled_at, course_id, student_id) 
    values
        (?, ?, ?)
Hibernate: 
    insert 
    into
        schedule
        (course_id, end_at, start_at, teacher_id) 
    values
        (?, ?, ?, ?)
Hibernate: 
    select
        s1_0.id,
        s1_0.course_id,
        s1_0.end_at,
        s1_0.start_at,
        s1_0.teacher_id 
    from
        schedule s1_0,
        course_students cs1_0 
    where
        cs1_0.course_id=s1_0.course_id 
        and cs1_0.student_id=? 
        and s1_0.start_at>=? 
        and s1_0.start_at<=? 
    order by
        s1_0.start_at
]]></system-out>
  </testcase>
  <testcase name="testFindByTeacherAndInterval" classname="training_center.dao.ScheduleDaoTest" time="0.479">
    <system-out><![CDATA[Hibernate: 
    delete 
    from
        schedule
Hibernate: 
    delete 
    from
        course_students
Hibernate: 
    delete 
    from
        course_teachers
Hibernate: 
    delete 
    from
        students
Hibernate: 
    delete 
    from
        teachers
Hibernate: 
    delete 
    from
        courses
Hibernate: 
    delete 
    from
        companies
Hibernate: 
    insert 
    into
        companies
        (address, name) 
    values
        (?, ?)
Hibernate: 
    insert 
    into
        courses
        (company_id, duration_unit, duration_value, intensity, title) 
    values
        (?, ?, ?, ?, ?)
Hibernate: 
    insert 
    into
        teachers
        (company_id, full_name) 
    values
        (?, ?)
Hibernate: 
    select
        c1_0.id,
        c1_0.company_id,
        c1_0.duration_unit,
        c1_0.duration_value,
        c1_0.intensity,
        c1_0.title 
    from
        courses c1_0 
    where
        c1_0.id=?
Hibernate: 
    select
        t1_0.id,
        t1_0.company_id,
        t1_0.full_name 
    from
        teachers t1_0 
    where
        t1_0.id=?
Hibernate: 
    select
        ct1_0.course_id,
        ct1_0.teacher_id 
    from
        course_teachers ct1_0 
    where
        (
            ct1_0.course_id, ct1_0.teacher_id
        ) in ((?, ?))
Hibernate: 
    insert 
    into
        course_teachers
        (course_id, teacher_id) 
    values
        (?, ?)
Hibernate: 
    insert 
    into
        schedule
        (course_id, end_at, start_at, teacher_id) 
    values
        (?, ?, ?, ?)
Hibernate: 
    select
        s1_0.id,
        s1_0.course_id,
        c1_0.id,
        c1_0.company_id,
        c1_0.duration_unit,
        c1_0.duration_value,
        c1_0.intensity,
        c1_0.title,
        s1_0.end_at,
        s1_0.start_at,
        s1_0.teacher_id 
    from
        schedule s1_0 
    join
        courses c1_0 
            on c1_0.id=s1_0.course_id 
    where
        s1_0.teacher_id=? 
        and s1_0.start_at>=? 
        and s1_0.start_at<=? 
    order by
        s1_0.start_at
]]></system-out>
  </testcase>
  <testcase name="testFindEmptyCases" classname="training_center.dao.ScheduleDaoTest" time="0.264">
    <system-out><![CDATA[Hibernate: 
    delete 
    from
        schedule
Hibernate: 
    delete 
    from
        course_students
Hibernate: 
    delete 
    from
        course_teachers
Hibernate: 
    delete 
    from
        students
Hibernate: 
    delete 
    from
        teachers
Hibernate: 
    delete 
    from
        courses
Hibernate: 
    delete 
    from
        companies
Hibernate: 
    select
        s1_0.id,
        s1_0.course_id,
        s1_0.end_at,
        s1_0.start_at,
        s1_0.teacher_id 
    from
        schedule s1_0 
    order by
        s1_0.start_at
Hibernate: 
    select
        s1_0.id,
        s1_0.course_id,
        s1_0.end_at,
        s1_0.start_at,
        s1_0.teacher_id 
    from
        schedule s1_0 
    where
        s1_0.course_id=? 
    order by
        s1_0.start_at
Hibernate: 
    select
        s1_0.id,
        s1_0.course_id,
        c1_0.id,
        c1_0.company_id,
        c1_0.duration_unit,
        c1_0.duration_value,
        c1_0.intensity,
        c1_0.title,
        s1_0.end_at,
        s1_0.start_at,
        s1_0.teacher_id 
    from
        schedule s1_0 
    join
        courses c1_0 
            on c1_0.id=s1_0.course_id 
    where
        s1_0.teacher_id=? 
        and s1_0.start_at>=? 
        and s1_0.start_at<=? 
    order by
        s1_0.start_at
Hibernate: 
    select
        s1_0.id,
        s1_0.course_id,
        s1_0.end_at,
        s1_0.start_at,
        s1_0.teacher_id 
    from
        schedule s1_0,
        course_students cs1_0 
    where
        cs1_0.course_id=s1_0.course_id 
        and cs1_0.student_id=? 
        and s1_0.start_at>=? 
        and s1_0.start_at<=? 
    order by
        s1_0.start_at
]]></system-out>
  </testcase>
  <testcase name="testSaveAndFindById" classname="training_center.dao.ScheduleDaoTest" time="0.647">
    <system-out><![CDATA[Hibernate: 
    delete 
    from
        schedule
Hibernate: 
    delete 
    from
        course_students
Hibernate: 
    delete 
    from
        course_teachers
Hibernate: 
    delete 
    from
        students
Hibernate: 
    delete 
    from
        teachers
Hibernate: 
    delete 
    from
        courses
Hibernate: 
    delete 
    from
        companies
Hibernate: 
    insert 
    into
        companies
        (address, name) 
    values
        (?, ?)
Hibernate: 
    insert 
    into
        courses
        (company_id, duration_unit, duration_value, intensity, title) 
    values
        (?, ?, ?, ?, ?)
Hibernate: 
    insert 
    into
        teachers
        (company_id, full_name) 
    values
        (?, ?)
Hibernate: 
    select
        c1_0.id,
        c1_0.company_id,
        c1_0.duration_unit,
        c1_0.duration_value,
        c1_0.intensity,
        c1_0.title 
    from
        courses c1_0 
    where
        c1_0.id=?
Hibernate: 
    select
        t1_0.id,
        t1_0.company_id,
        t1_0.full_name 
    from
        teachers t1_0 
    where
        t1_0.id=?
Hibernate: 
    select
        ct1_0.course_id,
        ct1_0.teacher_id 
    from
        course_teachers ct1_0 
    where
        (
            ct1_0.course_id, ct1_0.teacher_id
        ) in ((?, ?))
Hibernate: 
    insert 
    into
        course_teachers
        (course_id, teacher_id) 
    values
        (?, ?)
Hibernate: 
    insert 
    into
        schedule
        (course_id, end_at, start_at, teacher_id) 
    values
        (?, ?, ?, ?)
Hibernate: 
    select
        s1_0.id,
        s1_0.course_id,
        s1_0.end_at,
        s1_0.start_at,
        s1_0.teacher_id 
    from
        schedule s1_0 
    where
        s1_0.id=?
]]></system-out>
  </testcase>
  <testcase name="testSaveLessonSuccess" classname="training_center.dao.ScheduleDaoTest" time="0.54">
    <system-out><![CDATA[Hibernate: 
    delete 
    from
        schedule
Hibernate: 
    delete 
    from
        course_students
Hibernate: 
    delete 
    from
        course_teachers
Hibernate: 
    delete 
    from
        students
Hibernate: 
    delete 
    from
        teachers
Hibernate: 
    delete 
    from
        courses
Hibernate: 
    delete 
    from
        companies
Hibernate: 
    insert 
    into
        companies
        (address, name) 
    values
        (?, ?)
Hibernate: 
    insert 
    into
        courses
        (company_id, duration_unit, duration_value, intensity, title) 
    values
        (?, ?, ?, ?, ?)
Hibernate: 
    insert 
    into
        teachers
        (company_id, full_name) 
    values
        (?, ?)
Hibernate: 
    select
        c1_0.id,
        c1_0.company_id,
        c1_0.duration_unit,
        c1_0.duration_value,
        c1_0.intensity,
        c1_0.title 
    from
        courses c1_0 
    where
        c1_0.id=?
Hibernate: 
    select
        t1_0.id,
        t1_0.company_id,
        t1_0.full_name 
    from
        teachers t1_0 
    where
        t1_0.id=?
Hibernate: 
    select
        ct1_0.course_id,
        ct1_0.teacher_id 
    from
        course_teachers ct1_0 
    where
        (
            ct1_0.course_id, ct1_0.teacher_id
        ) in ((?, ?))
Hibernate: 
    insert 
    into
        course_teachers
        (course_id, teacher_id) 
    values
        (?, ?)
Hibernate: 
    select
        c1_0.id,
        c1_0.company_id,
        c1_0.duration_unit,
        c1_0.duration_value,
        c1_0.intensity,
        c1_0.title 
    from
        courses c1_0 
    where
        c1_0.id=?
Hibernate: 
    select
        t1_0.id,
        t1_0.company_id,
        t1_0.full_name 
    from
        teachers t1_0 
    where
        t1_0.id=?
Hibernate: 
    select
        ct1_0.course_id,
        ct1_0.teacher_id 
    from
        course_teachers ct1_0 
    where
        (
            ct1_0.course_id, ct1_0.teacher_id
        ) in ((?, ?))
Hibernate: 
    insert 
    into
        schedule
        (course_id, end_at, start_at, teacher_id) 
    values
        (?, ?, ?, ?)
Hibernate: 
    select
        s1_0.id,
        s1_0.course_id,
        s1_0.end_at,
        s1_0.start_at,
        s1_0.teacher_id 
    from
        schedule s1_0 
    where
        s1_0.course_id=? 
    order by
        s1_0.start_at
]]></system-out>
  </testcase>
  <testcase name="testSaveLessonWhenBothDatesNull" classname="training_center.dao.ScheduleDaoTest" time="0.051">
    <system-out><![CDATA[Hibernate: 
    delete 
    from
        schedule
Hibernate: 
    delete 
    from
        course_students
Hibernate: 
    delete 
    from
        course_teachers
Hibernate: 
    delete 
    from
        students
Hibernate: 
    delete 
    from
        teachers
Hibernate: 
    delete 
    from
        courses
Hibernate: 
    delete 
    from
        companies
]]></system-out>
  </testcase>
  <testcase name="testSaveLessonWhenCourseNotFound" classname="training_center.dao.ScheduleDaoTest" time="0.202">
    <system-out><![CDATA[Hibernate: 
    delete 
    from
        schedule
Hibernate: 
    delete 
    from
        course_students
Hibernate: 
    delete 
    from
        course_teachers
Hibernate: 
    delete 
    from
        students
Hibernate: 
    delete 
    from
        teachers
Hibernate: 
    delete 
    from
        courses
Hibernate: 
    delete 
    from
        companies
Hibernate: 
    insert 
    into
        companies
        (address, name) 
    values
        (?, ?)
Hibernate: 
    insert 
    into
        teachers
        (company_id, full_name) 
    values
        (?, ?)
Hibernate: 
    select
        c1_0.id,
        c1_0.company_id,
        c1_0.duration_unit,
        c1_0.duration_value,
        c1_0.intensity,
        c1_0.title 
    from
        courses c1_0 
    where
        c1_0.id=?
]]></system-out>
  </testcase>
  <testcase name="testSaveLessonWhenEndNull" classname="training_center.dao.ScheduleDaoTest" time="0.05">
    <system-out><![CDATA[Hibernate: 
    delete 
    from
        schedule
Hibernate: 
    delete 
    from
        course_students
Hibernate: 
    delete 
    from
        course_teachers
Hibernate: 
    delete 
    from
        students
Hibernate: 
    delete 
    from
        teachers
Hibernate: 
    delete 
    from
        courses
Hibernate: 
    delete 
    from
        companies
]]></system-out>
  </testcase>
  <testcase name="testSaveLessonWhenInvalidInterval" classname="training_center.dao.ScheduleDaoTest" time="0.05">
    <system-out><![CDATA[Hibernate: 
    delete 
    from
        schedule
Hibernate: 
    delete 
    from
        course_students
Hibernate: 
    delete 
    from
        course_teachers
Hibernate: 
    delete 
    from
        students
Hibernate: 
    delete 
    from
        teachers
Hibernate: 
    delete 
    from
        courses
Hibernate: 
    delete 
    from
        companies
]]></system-out>
  </testcase>
  <testcase name="testSaveLessonWhenStartNull" classname="training_center.dao.ScheduleDaoTest" time="0.054">
    <system-out><![CDATA[Hibernate: 
    delete 
    from
        schedule
Hibernate: 
    delete 
    from
        course_students
Hibernate: 
    delete 
    from
        course_teachers
Hibernate: 
    delete 
    from
        students
Hibernate: 
    delete 
    from
        teachers
Hibernate: 
    delete 
    from
        courses
Hibernate: 
    delete 
    from
        companies
]]></system-out>
  </testcase>
  <testcase name="testSaveLessonWhenTeacherNotAssignedToCourse" classname="training_center.dao.ScheduleDaoTest" time="0.272">
    <system-out><![CDATA[Hibernate: 
    delete 
    from
        schedule
Hibernate: 
    delete 
    from
        course_students
Hibernate: 
    delete 
    from
        course_teachers
Hibernate: 
    delete 
    from
        students
Hibernate: 
    delete 
    from
        teachers
Hibernate: 
    delete 
    from
        courses
Hibernate: 
    delete 
    from
        companies
Hibernate: 
    insert 
    into
        companies
        (address, name) 
    values
        (?, ?)
Hibernate: 
    insert 
    into
        courses
        (company_id, duration_unit, duration_value, intensity, title) 
    values
        (?, ?, ?, ?, ?)
Hibernate: 
    insert 
    into
        teachers
        (company_id, full_name) 
    values
        (?, ?)
Hibernate: 
    select
        c1_0.id,
        c1_0.company_id,
        c1_0.duration_unit,
        c1_0.duration_value,
        c1_0.intensity,
        c1_0.title 
    from
        courses c1_0 
    where
        c1_0.id=?
Hibernate: 
    select
        t1_0.id,
        t1_0.company_id,
        t1_0.full_name 
    from
        teachers t1_0 
    where
        t1_0.id=?
Hibernate: 
    select
        ct1_0.course_id,
        ct1_0.teacher_id 
    from
        course_teachers ct1_0 
    where
        (
            ct1_0.course_id, ct1_0.teacher_id
        ) in ((?, ?))
]]></system-out>
  </testcase>
  <testcase name="testSaveLessonWhenTeacherNotFound" classname="training_center.dao.ScheduleDaoTest" time="0.207">
    <system-out><![CDATA[Hibernate: 
    delete 
    from
        schedule
Hibernate: 
    delete 
    from
        course_students
Hibernate: 
    delete 
    from
        course_teachers
Hibernate: 
    delete 
    from
        students
Hibernate: 
    delete 
    from
        teachers
Hibernate: 
    delete 
    from
        courses
Hibernate: 
    delete 
    from
        companies
Hibernate: 
    insert 
    into
        companies
        (address, name) 
    values
        (?, ?)
Hibernate: 
    insert 
    into
        courses
        (company_id, duration_unit, duration_value, intensity, title) 
    values
        (?, ?, ?, ?, ?)
Hibernate: 
    select
        c1_0.id,
        c1_0.company_id,
        c1_0.duration_unit,
        c1_0.duration_value,
        c1_0.intensity,
        c1_0.title 
    from
        courses c1_0 
    where
        c1_0.id=?
Hibernate: 
    select
        t1_0.id,
        t1_0.company_id,
        t1_0.full_name 
    from
        teachers t1_0 
    where
        t1_0.id=?
]]></system-out>
  </testcase>
  <testcase name="testUpdate" classname="training_center.dao.ScheduleDaoTest" time="0.619">
    <system-out><![CDATA[Hibernate: 
    delete 
    from
        schedule
Hibernate: 
    delete 
    from
        course_students
Hibernate: 
    delete 
    from
        course_teachers
Hibernate: 
    delete 
    from
        students
Hibernate: 
    delete 
    from
        teachers
Hibernate: 
    delete 
    from
        courses
Hibernate: 
    delete 
    from
        companies
Hibernate: 
    insert 
    into
        companies
        (address, name) 
    values
        (?, ?)
Hibernate: 
    insert 
    into
        courses
        (company_id, duration_unit, duration_value, intensity, title) 
    values
        (?, ?, ?, ?, ?)
Hibernate: 
    insert 
    into
        teachers
        (company_id, full_name) 
    values
        (?, ?)
Hibernate: 
    select
        c1_0.id,
        c1_0.company_id,
        c1_0.duration_unit,
        c1_0.duration_value,
        c1_0.intensity,
        c1_0.title 
    from
        courses c1_0 
    where
        c1_0.id=?
Hibernate: 
    select
        t1_0.id,
        t1_0.company_id,
        t1_0.full_name 
    from
        teachers t1_0 
    where
        t1_0.id=?
Hibernate: 
    select
        ct1_0.course_id,
        ct1_0.teacher_id 
    from
        course_teachers ct1_0 
    where
        (
            ct1_0.course_id, ct1_0.teacher_id
        ) in ((?, ?))
Hibernate: 
    insert 
    into
        course_teachers
        (course_id, teacher_id) 
    values
        (?, ?)
Hibernate: 
    insert 
    into
        schedule
        (course_id, end_at, start_at, teacher_id) 
    values
        (?, ?, ?, ?)
Hibernate: 
    select
        s1_0.id,
        s1_0.course_id,
        s1_0.end_at,
        s1_0.start_at,
        s1_0.teacher_id 
    from
        schedule s1_0 
    where
        s1_0.id=?
Hibernate: 
    update
        schedule 
    set
        course_id=?,
        end_at=?,
        start_at=?,
        teacher_id=? 
    where
        id=?
Hibernate: 
    select
        s1_0.id,
        s1_0.course_id,
        s1_0.end_at,
        s1_0.start_at,
        s1_0.teacher_id 
    from
        schedule s1_0 
    where
        s1_0.id=?
]]></system-out>
  </testcase>
  <testcase name="testDelete" classname="training_center.dao.StudentDaoTest" time="0.202">
    <system-out><![CDATA[Hibernate: 
    delete 
    from
        schedule
Hibernate: 
    delete 
    from
        course_students
Hibernate: 
    delete 
    from
        course_teachers
Hibernate: 
    delete 
    from
        students
Hibernate: 
    delete 
    from
        teachers
Hibernate: 
    delete 
    from
        courses
Hibernate: 
    delete 
    from
        companies
Hibernate: 
    insert 
    into
        students
        (full_name) 
    values
        (?)
Hibernate: 
    select
        s1_0.id,
        s1_0.full_name 
    from
        students s1_0 
    where
        s1_0.id=?
Hibernate: 
    delete 
    from
        students 
    where
        id=?
Hibernate: 
    select
        s1_0.id,
        s1_0.full_name 
    from
        students s1_0 
    where
[...]
    values
        (?)
Hibernate: 
    select
        c1_0.id,
        c1_0.company_id,
        c1_0.duration_unit,
        c1_0.duration_value,
        c1_0.intensity,
        c1_0.title 
    from
        courses c1_0 
    where
        c1_0.id=?
Hibernate: 
    select
        s1_0.id,
        s1_0.full_name 
    from
        students s1_0 
    where
        s1_0.id=?
Hibernate: 
    select
        cs1_0.course_id,
        cs1_0.student_id,
        cs1_0.enrolled_at 
    from
        course_students cs1_0 
    where
        (
            cs1_0.course_id, cs1_0.student_id
        ) in ((?, ?))
Hibernate: 
    insert 
    into
        course_students
        (enrolled_at, course_id, student_id) 
    values
        (?, ?, ?)
Hibernate: 
    select
        c1_0.id,
        c1_0.company_id,
        c1_0.duration_unit,
        c1_0.duration_value,
        c1_0.intensity,
        c1_0.title 
    from
        course_students cs1_0 
    join
        courses c1_0 
            on c1_0.id=cs1_0.course_id 
    where
        cs1_0.student_id=? 
    order by
        cs1_0.enrolled_at desc,
        c1_0.title
]]></system-out>
  </testcase>
  <testcase name="testGetCourseHistoryEmpty" classname="training_center.dao.StudentDaoTest" time="0.056">
    <system-out><![CDATA[Hibernate: 
    delete 
    from
        schedule
Hibernate: 
    delete 
    from
        course_students
Hibernate: 
    delete 
    from
        course_teachers
Hibernate: 
    delete 
    from
        students
Hibernate: 
    delete 
    from
        teachers
Hibernate: 
    delete 
    from
        courses
Hibernate: 
    delete 
    from
        companies
Hibernate: 
    select
        c1_0.id,
        c1_0.company_id,
        c1_0.duration_unit,
        c1_0.duration_value,
        c1_0.intensity,
        c1_0.title 
    from
        course_students cs1_0 
    join
        courses c1_0 
            on c1_0.id=cs1_0.course_id 
    where
        cs1_0.student_id=? 
    order by
        cs1_0.enrolled_at desc,
        c1_0.title
]]></system-out>
  </testcase>
  <testcase name="testSaveAndFindById" classname="training_center.dao.StudentDaoTest" time="0.122">
    <system-out><![CDATA[Hibernate: 
    delete 
    from
        schedule
Hibernate: 
    delete 
    from
        course_students
Hibernate: 
    delete 
    from
        course_teachers
Hibernate: 
    delete 
    from
        students
Hibernate: 
    delete 
    from
        teachers
Hibernate: 
    delete 
    from
        courses
Hibernate: 
    delete 
    from
        companies
Hibernate: 
    insert 
    into
        students
        (full_name) 
    values
        (?)
Hibernate: 
    select
        s1_0.id,
        s1_0.full_name 
    from
        students s1_0 
    where
        s1_0.id=?
]]></system-out>
  </testcase>
  <testcase name="testUpdate" classname="training_center.dao.StudentDaoTest" time="0.204">
    <system-out><![CDATA[Hibernate: 
    delete 
    from
        schedule
Hibernate: 
    delete 
    from
        course_students
Hibernate: 
    delete 
    from
        course_teachers
Hibernate: 
    delete 
    from
        students
Hibernate: 
    delete 
    from
        teachers
Hibernate: 
    delete 
    from
        courses
Hibernate: 
    delete 
    from
        companies
Hibernate: 
    insert 
    into
        students
        (full_name) 
    values
        (?)
Hibernate: 
    select
        s1_0.id,
        s1_0.full_name 
    from
        students s1_0 
    where
        s1_0.id=?
Hibernate: 
    update
        students 
    set
        full_name=? 
    where
        id=?
Hibernate: 
    select
        s1_0.id,
        s1_0.full_name 
    from
        students s1_0 
    where
        s1_0.id=?
]]></system-out>
  </testcase>
  <testcase name="testUpdateDetached" classname="training_center.dao.StudentDaoTest" time="0.466">
    <system-out><![CDATA[Hibernate: 
    delete 
    from
        schedule
Hibernate: 
    delete 
    from
        course_students
Hibernate: 
    delete 
    from
        course_teachers
Hibernate: 
    delete 
    from
        students
Hibernate: 
    delete 
    from
        teachers
Hibernate: 
    delete 
    from
        courses
Hibernate: 
    delete 
    from
        companies
Hibernate: 
    insert 
    into
        students
        (full_name) 
    values
        (?)
Hibernate: 
    select
        s1_0.id,
        s1_0.full_name 
    from
        students s1_0 
    where
        s1_0.id=?
Hibernate: 
    select
        s1_0.id,
        s1_0.full_name 
    from
        students s1_0 
    where
        s1_0.id=?
Hibernate: 
    update
        students 
    set
        full_name=? 
    where
        id=?
Hibernate: 
    select
        s1_0.id,
        s1_0.full_name 
    from
        students s1_0 
    where
        s1_0.id=?
]]></system-out>
  </testcase>
  <testcase name="testDelete" classname="training_center.dao.TeacherDaoTest" time="0.273">
    <system-out><![CDATA[Hibernate: 
    delete 
    from
        schedule
Hibernate: 
    delete 
    from
        course_students
Hibernate: 
    delete 
    from
        course_teachers
Hibernate: 
    delete 
    from
        students
Hibernate: 
    delete 
    from
        teachers
Hibernate: 
    delete 
    from
        courses
Hibernate: 
    delete 
    from
        companies
Hibernate: 
    insert 
    into
        companies
        (address, name) 
    values
        (?, ?)
Hibernate: 
    insert 
    into
        teachers
        (company_id, full_name) 
    values
        (?, ?)
Hibernate: 
    select
        t1_0.id,
        t1_0.company_id,
        t1_0.full_name 
    from
        teachers t1_0 
    where
        t1_0.id=?
Hibernate: 
    delete 
    from
        teachers 
    where
        id=?
Hibernate: 
    select
        t1_0.id,
        t1_0.company_id,
        t1_0.full_name 
    from
        teachers t1_0 
    where
        t1_0.id=?
]]></system-out>
    <system-err><![CDATA[[main] INFO org.springframework.orm.jpa.LocalContainerEntityManagerFactoryBean - Closing JPA EntityManagerFactory for persistence unit 'default'
[main] WARN org.springframework.context.support.PostProcessorRegistrationDelegate$BeanPostProcessorChecker - Bean 'persistenceConfig' of type [training_center.config.PersistenceConfig$$SpringCGLIB$$0] is not eligible for getting processed by all BeanPostProcessors (for example: not eligible for auto-proxying). The currently created BeanPostProcessor [exceptionTranslation] is declared through a non-static factory method on that class; consider declaring it as static instead.
мар. 30, 2026 3:56:51 PM org.hibernate.jpa.internal.util.LogHelper logPersistenceUnitInformation
INFO: HHH000204: Processing PersistenceUnitInfo [name: default]
мар. 30, 2026 3:56:51 PM org.hibernate.cache.internal.RegionFactoryInitiator initiateService
INFO: HHH000026: Second-level cache disabled
[main] INFO org.springframework.orm.jpa.persistenceunit.SpringPersistenceUnitInfo - No LoadTimeWeaver setup: ignoring JPA class transformer
мар. 30, 2026 3:56:51 PM org.hibernate.engine.jdbc.dialect.internal.DialectFactoryImpl constructDialect
WARN: HHH90000025: PostgreSQLDialect does not need to be specified explicitly using 'hibernate.dialect' (remove the property setting and it will be selected by default)
мар. 30, 2026 3:56:51 PM org.hibernate.engine.transaction.jta.platform.internal.JtaPlatformInitiator initiateService
INFO: HHH000489: No JTA platform available (set 'hibernate.transaction.jta.platform' to enable JTA platform integration)
[main] INFO org.springframework.orm.jpa.LocalContainerEntityManagerFactoryBean - Initialized JPA EntityManagerFactory for persistence unit 'default'
]]></system-err>
  </testcase>
  <testcase name="testDeleteById" classname="training_center.dao.TeacherDaoTest" time="0.278">
    <system-out><![CDATA[Hibernate: 
    delete 
    from
        schedule
Hibernate: 
    delete 
    from
        course_students
Hibernate: 
    delete 
    from
        course_teachers
Hibernate: 
    delete 
    from
        students
Hibernate: 
    delete 
    from
        teachers
Hibernate: 
    delete 
    from
        courses
Hibernate: 
    delete 
    from
        companies
Hibernate: 
    insert 
    into
        companies
        (address, name) 
    values
        (?, ?)
Hibernate: 
    insert 
    into
        teachers
        (company_id, full_name) 
    values
        (?, ?)
Hibernate: 
    select
        t1_0.id,
        t1_0.company_id,
        t1_0.full_name 
    from
        teachers t1_0 
    where
        t1_0.id=?
Hibernate: 
    delete 
    from
        teachers 
    where
        id=?
Hibernate: 
    select
        t1_0.id,
        t1_0.company_id,
        t1_0.full_name 
    from
        teachers t1_0 
    where
        t1_0.id=?
]]></system-out>
  </testcase>
  <testcase name="testDeleteByIdWhenNotExists" classname="training_center.dao.TeacherDaoTest" time="0.219">
    <system-out><![CDATA[Hibernate: 
    delete 
    from
        schedule
Hibernate: 
    delete 
    from
        course_students
Hibernate: 
    delete 
    from
        course_teachers
Hibernate: 
    delete 
    from
        students
Hibernate: 
    delete 
    from
        teachers
Hibernate: 
    delete 
    from
        courses
Hibernate: 
    delete 
    from
        companies
Hibernate: 
    select
        t1_0.id,
        t1_0.company_id,
        t1_0.full_name 
    from
        teachers t1_0 
    where
        t1_0.id=?
Hibernate: 
    select
        t1_0.id,
        t1_0.company_id,
        t1_0.full_name 
    from
        teachers t1_0 
    where
        t1_0.id=?
]]></system-out>
  </testcase>
  <testcase name="testDeleteDetached" classname="training_center.dao.TeacherDaoTest" time="0.258">
    <system-out><![CDATA[Hibernate: 
    delete 
    from
        schedule
Hibernate: 
    delete 
    from
        course_students
Hibernate: 
    delete 
    from
        course_teachers
Hibernate: 
    delete 
    from
        students
Hibernate: 
    delete 
    from
        teachers
Hibernate: 
    delete 
    from
        courses
Hibernate: 
    delete 
    from
        companies
Hibernate: 
    insert 
    into
        companies
        (address, name) 
    values
        (?, ?)
Hibernate: 
    insert 
    into
        teachers
        (company_id, full_name) 
    values
        (?, ?)
Hibernate: 
    select
        t1_0.id,
        t1_0.company_id,
        t1_0.full_name 
    from
        teachers t1_0 
    where
        t1_0.id=?
Hibernate: 
    delete 
    from
        teachers 
    where
        id=?
Hibernate: 
    select
        t1_0.id,
        t1_0.company_id,
        t1_0.full_name 
    from
        teachers t1_0 
    where
        t1_0.id=?
]]></system-out>
  </testcase>
  <testcase name="testFindAll" classname="training_center.dao.TeacherDaoTest" time="0.208">
    <system-out><![CDATA[Hibernate: 
    delete 
    from
        schedule
Hibernate: 
    delete 
    from
        course_students
Hibernate: 
    delete 
    from
        course_teachers
Hibernate: 
    delete 
    from
        students
Hibernate: 
    delete 
    from
        teachers
Hibernate: 
    delete 
    from
        courses
Hibernate: 
    delete 
    from
        companies
Hibernate: 
    insert 
    into
        companies
        (address, name) 
    values
        (?, ?)
Hibernate: 
    insert 
    into
        teachers
        (company_id, full_name) 
    values
        (?, ?)
Hibernate: 
    select
        t1_0.id,
        t1_0.company_id,
        t1_0.full_name 
    from
        teachers t1_0 
    order by
        t1_0.full_name
]]></system-out>
  </testcase>
  <testcase name="testFindByCompanyIdEmpty" classname="training_center.dao.TeacherDaoTest" time="0.056">
    <system-out><![CDATA[Hibernate: 
    delete 
    from
        schedule
Hibernate: 
    delete 
    from
        course_students
Hibernate: 
    delete 
    from
        course_teachers
Hibernate: 
    delete 
    from
        students
Hibernate: 
    delete 
    from
        teachers
Hibernate: 
    delete 
    from
        courses
Hibernate: 
    delete 
    from
        companies
Hibernate: 
    select
        t1_0.id,
        t1_0.company_id,
        t1_0.full_name 
    from
        teachers t1_0 
    where
        t1_0.company_id=? 
    order by
        t1_0.full_name
]]></system-out>
  </testcase>
  <testcase name="testFindByCourseIdEmpty" classname="training_center.dao.TeacherDaoTest" time="0.055">
    <system-out><![CDATA[Hibernate: 
    delete 
    from
        schedule
Hibernate: 
    delete 
    from
        course_students
Hibernate: 
    delete 
    from
        course_teachers
Hibernate: 
    delete 
    from
        students
Hibernate: 
    delete 
    from
        teachers
Hibernate: 
    delete 
    from
        courses
Hibernate: 
    delete 
    from
        companies
Hibernate: 
    select
        t1_0.id,
        t1_0.company_id,
        t1_0.full_name 
    from
        course_teachers ct1_0 
    join
        teachers t1_0 
            on t1_0.id=ct1_0.teacher_id 
    where
        ct1_0.course_id=? 
    order by
        t1_0.full_name
]]></system-out>
  </testcase>
  <testcase name="testFindByFullName" classname="training_center.dao.TeacherDaoTest" time="0.189">
    <system-out><![CDATA[Hibernate: 
    delete 
    from
        schedule
Hibernate: 
    delete 
    from
        course_students
Hibernate: 
    delete 
    from
        course_teachers
Hibernate: 
    delete 
    from
        students
Hibernate: 
    delete 
    from
        teachers
Hibernate: 
    delete 
    from
        courses
Hibernate: 
    delete 
    from
        companies
Hibernate: 
    insert 
    into
        companies
        (address, name) 
    values
        (?, ?)
Hibernate: 
    insert 
    into
        teachers
        (company_id, full_name) 
    values
        (?, ?)
Hibernate: 
    select
        t1_0.id,
        t1_0.company_id,
        t1_0.full_name 
    from
        teachers t1_0 
    where
        lower(t1_0.full_name) like lower(?) escape '' 
    order by
        t1_0.full_name
]]></system-out>
  </testcase>
  <testcase name="testFindByFullNameEmpty" classname="training_center.dao.TeacherDaoTest" time="0.055">
    <system-out><![CDATA[Hibernate: 
    delete 
    from
        schedule
Hibernate: 
    delete 
    from
        course_students
Hibernate: 
    delete 
    from
        course_teachers
Hibernate: 
    delete 
    from
        students
Hibernate: 
    delete 
    from
        teachers
Hibernate: 
    delete 
    from
        courses
Hibernate: 
    delete 
    from
        companies
Hibernate: 
    select
        t1_0.id,
        t1_0.company_id,
        t1_0.full_name 
    from
        teachers t1_0 
    where
        lower(t1_0.full_name) like lower(?) escape '' 
    order by
        t1_0.full_name
]]></system-out>
  </testcase>
  <testcase name="testGetCoursesByTeacherIdEmpty" classname="training_center.dao.TeacherDaoTest" time="0.057">
    <system-out><![CDATA[Hibernate: 
    delete 
    from
        schedule
Hibernate: 
    delete 
    from
        course_students
Hibernate: 
    delete 
    from
        course_teachers
Hibernate: 
    delete 
    from
        students
Hibernate: 
    delete 
    from
        teachers
Hibernate: 
    delete 
    from
        courses
Hibernate: 
    delete 
    from
        companies
Hibernate: 
    select
        c1_0.id,
        c1_0.company_id,
        c1_0.duration_unit,
        c1_0.duration_value,
        c1_0.intensity,
        c1_0.title 
    from
        course_teachers ct1_0 
    join
        courses c1_0 
            on c1_0.id=ct1_0.course_id 
    where
        ct1_0.teacher_id=? 
    order by
        c1_0.title
]]></system-out>
  </testcase>
  <testcase name="testSaveAndFindById" classname="training_center.dao.TeacherDaoTest" time="0.196">
    <system-out><![CDATA[Hibernate: 
    delete 
    from
        schedule
Hibernate: 
    delete 
    from
        course_students
Hibernate: 
    delete 
    from
        course_teachers
Hibernate: 
    delete 
    from
        students
Hibernate: 
    delete 
    from
        teachers
Hibernate: 
    delete 
    from
        courses
Hibernate: 
    delete 
    from
        companies
Hibernate: 
    insert 
    into
        companies
        (address, name) 
    values
        (?, ?)
Hibernate: 
    insert 
    into
        teachers
        (company_id, full_name) 
    values
        (?, ?)
Hibernate: 
    select
        t1_0.id,
        t1_0.company_id,
        t1_0.full_name 
    from
        teachers t1_0 
    where
        t1_0.id=?
]]></system-out>
  </testcase>
  <testcase name="testUpdate" classname="training_center.dao.TeacherDaoTest" time="0.272">
    <system-out><![CDATA[Hibernate: 
    delete 
    from
        schedule
Hibernate: 
    delete 
    from
        course_students
Hibernate: 
    delete 
    from
        course_teachers
Hibernate: 
    delete 
    from
        students
Hibernate: 
    delete 
    from
        teachers
Hibernate: 
    delete 
    from
        courses
Hibernate: 
    delete 
    from
        companies
Hibernate: 
    insert 
    into
        companies
        (address, name) 
    values
        (?, ?)
Hibernate: 
    insert 
    into
        teachers
        (company_id, full_name) 
    values
        (?, ?)
Hibernate: 
    select
        t1_0.id,
        t1_0.company_id,
        t1_0.full_name 
    from
        teachers t1_0 
    where
        t1_0.id=?
Hibernate: 
    update
        teachers 
    set
        company_id=?,
        full_name=? 
    where
        id=?
Hibernate: 
    select
        t1_0.id,
        t1_0.company_id,
        t1_0.full_name 
    from
        teachers t1_0 
    where
        t1_0.id=?
]]></system-out>
  </testcase>
  <testcase name="testUpdateDetached" classname="training_center.dao.TeacherDaoTest" time="0.333">
    <system-out><![CDATA[Hibernate: 
    delete 
    from
        schedule
Hibernate: 
    delete 
    from
        course_students
Hibernate: 
    delete 
    from
        course_teachers
Hibernate: 
    delete 
    from
        students
Hibernate: 
    delete 
    from
        teachers
Hibernate: 
    delete 
    from
        courses
Hibernate: 
    delete 
    from
        companies
Hibernate: 
    insert 
    into
        companies
        (address, name) 
    values
        (?, ?)
Hibernate: 
    insert 
    into
        teachers
        (company_id, full_name) 
    values
        (?, ?)
Hibernate: 
    select
        t1_0.id,
        t1_0.company_id,
        t1_0.full_name 
    from
        teachers t1_0 
    where
        t1_0.id=?
Hibernate: 
    select
        t1_0.id,
        t1_0.company_id,
        t1_0.full_name 
    from
        teachers t1_0 
    where
        t1_0.id=?
Hibernate: 
    update
        teachers 
    set
        company_id=?,
        full_name=? 
    where
        id=?
Hibernate: 
    select
        t1_0.id,
        t1_0.company_id,
        t1_0.full_name 
    from
        teachers t1_0 
    where
        t1_0.id=?
]]></system-out>
  </testcase>
</testsuite>