<?xml version="1.0" encoding="UTF-8"?>
<!-- Generated by org.testng.reporters.JUnitReportReporter -->
<testsuite hostname="Bravo-15" failures="0" tests="21" name="training_center.dao.CourseDaoTest" time="7.305" errors="0" timestamp="2026-03-30T15:56:54 MSK" skipped="0">
  <testcase classname="training_center.dao.CourseDaoTest" name="addStudentToCourse_shouldNotDuplicateRelation" time="0.536"/>
  <testcase classname="training_center.dao.CourseDaoTest" name="testGetScheduleByCourseId" time="0.458"/>
  <testcase classname="training_center.dao.CourseDaoTest" name="testAddStudentAlreadyExists" time="0.595"/>
  <testcase classname="training_center.dao.CourseDaoTest" name="testFindByTitleEmpty" time="0.081"/>
  <testcase classname="training_center.dao.CourseDaoTest" name="testAssignAndRemoveTeacher" time="0.486"/>
  <testcase classname="training_center.dao.CourseDaoTest" name="removeTeacherFromCourse_shouldDoNothing_whenRelationNotExists" time="0.523"/>
  <testcase classname="training_center.dao.CourseDaoTest" name="testDeleteByIdNotExists" time="0.125"/>
  <testcase classname="training_center.dao.CourseDaoTest" name="testDelete" time="0.277"/>
  <testcase classname="training_center.dao.CourseDaoTest" name="addStudentToCourse_shouldThrow_whenCourseNotFound" time="0.152"/>
  <testcase classname="training_center.dao.CourseDaoTest" name="testFindByTitle" time="0.273"/>
  <testcase classname="training_center.dao.CourseDaoTest" name="deleteById_shouldDeleteCourse" time="0.295"/>
  <testcase classname="training_center.dao.CourseDaoTest" name="assignTeacherToCourse_shouldThrow_whenTeacherNotFound" time="0.319"/>
  <testcase classname="training_center.dao.CourseDaoTest" name="testAddAndRemoveStudent" time="0.484"/>
  <testcase classname="training_center.dao.CourseDaoTest" name="testFindAll" time="0.301"/>
  <testcase classname="training_center.dao.CourseDaoTest" name="delete_shouldRemoveDetachedCourse" time="0.509"/>
  <testcase classname="training_center.dao.CourseDaoTest" name="testSaveAndFindById" time="0.216"/>
  <testcase classname="training_center.dao.CourseDaoTest" name="addStudentToCourse_shouldThrow_whenStudentNotFound" time="0.223"/>
  <testcase classname="training_center.dao.CourseDaoTest" name="assignTeacherToCourse_shouldNotDuplicateRelation" time="0.558"/>
  <testcase classname="training_center.dao.CourseDaoTest" name="assignTeacherToCourse_shouldThrow_whenCourseNotFound" time="0.242"/>
  <testcase classname="training_center.dao.CourseDaoTest" name="testUpdate" time="0.313"/>
  <testcase classname="training_center.dao.CourseDaoTest" name="removeStudentFromCourse_shouldDoNothing_whenRelationNotExists" time="0.339"/>
</testsuite> <!-- training_center.dao.CourseDaoTest -->
