<?xml version="1.0" encoding="UTF-8"?>
<!-- Generated by org.testng.reporters.JUnitReportReporter -->
<testsuite hostname="Bravo-15" failures="0" tests="28" name="training_center.system.WebSystemTest" time="76.460" errors="0" timestamp="2026-04-08T11:13:24 MSK" skipped="1">
  <testcase classname="training_center.system.WebSystemTest" name="updateCourse_shouldSucceed" time="3.501"/>
  <testcase classname="training_center.system.WebSystemTest" name="createCourse_shouldShowValidationErrorWhenTitleMissing" time="1.397"/>
  <testcase classname="training_center.system.WebSystemTest" name="deleteTeacher_shouldSucceed" time="4.046"/>
  <testcase classname="training_center.system.WebSystemTest" name="removeTeacherFromCourse_shouldSucceed" time="6.338"/>
  <testcase classname="training_center.system.WebSystemTest" name="createCompany_shouldShowValidationErrorWhenNameMissing" time="0.358"/>
  <testcase classname="training_center.system.WebSystemTest" name="updateTeacher_shouldSucceed" time="4.436"/>
  <testcase classname="training_center.system.WebSystemTest" name="createLesson_shouldSucceed" time="5.295"/>
  <testcase classname="training_center.system.WebSystemTest" name="createCourse_shouldShowValidationErrorWhenIntensityInvalid" time="1.480"/>
  <testcase classname="training_center.system.WebSystemTest" name="deleteStudent_shouldSucceed" time="1.202"/>
  <testcase classname="training_center.system.WebSystemTest" name="createStudent_shouldShowValidationErrorWhenFullNameMissing" time="0.278"/>
  <testcase classname="training_center.system.WebSystemTest" name="updateStudent_shouldSucceed" time="1.390"/>
  <testcase classname="training_center.system.WebSystemTest" name="removeStudentFromCourse_shouldSucceed" time="4.124"/>
  <testcase classname="training_center.system.WebSystemTest" name="createCompany_shouldShowValidationErrorWhenAddressMissing" time="0.331"/>
  <testcase classname="training_center.system.WebSystemTest" name="teacherSchedule_shouldShowLessonsForInterval" time="11.449"/>
  <testcase classname="training_center.system.WebSystemTest" name="createCourse_shouldShowValidationErrorWhenDurationInvalid" time="1.385"/>
  <testcase classname="training_center.system.WebSystemTest" name="createTeacher_shouldSucceed" time="2.186"/>
  <testcase classname="training_center.system.WebSystemTest" name="homePage_shouldOpenAndContainMainNavigation" time="0.197"/>
  <testcase classname="training_center.system.WebSystemTest" name="createTeacher_shouldShowValidationErrorWhenFullNameMissing" time="1.112"/>
  <testcase classname="training_center.system.WebSystemTest" name="deleteCourse_shouldSucceed" time="3.101"/>
  <testcase classname="training_center.system.WebSystemTest" name="teacherSchedule_shouldShowValidationErrorWhenOnlyFromDateProvided" time="2.543"/>
  <testcase classname="training_center.system.WebSystemTest" name="createCourse_shouldSucceed" time="1.598"/>
  <testcase classname="training_center.system.WebSystemTest" name="createLesson_shouldShowValidationErrorWhenEndBeforeStart" time="9.289"/>
  <testcase classname="training_center.system.WebSystemTest" name="addStudentToCourse_shouldSucceed" time="3.857"/>
  <testcase classname="training_center.system.WebSystemTest" name="addTeacherToCourse_shouldSucceed" time="3.806"/>
  <testcase classname="training_center.system.WebSystemTest" name="createCompany_shouldSucceed" time="0.551"/>
  <testcase classname="training_center.system.WebSystemTest" name="createStudent_shouldSucceed" time="0.564"/>
  <testcase classname="training_center.system.WebSystemTest" name="studentSchedule_shouldShowValidationErrorWhenOnlyFromDateProvided" time="0.646"/>
  <testcase classname="training_center.system.WebSystemTest" name="studentSchedule_shouldShowLessonsForInterval">
    <skipped/>
  </testcase> <!-- studentSchedule_shouldShowLessonsForInterval -->
</testsuite> <!-- training_center.system.WebSystemTest -->
