<?xml version="1.0" encoding="UTF-8"?>
<!-- Generated by org.testng.reporters.JUnitReportReporter -->
<testsuite hostname="Bravo-15" failures="0" tests="19" name="training_center.dao.ScheduleDaoTest" time="7.013" errors="0" timestamp="2026-03-30T15:56:54 MSK" skipped="0">
  <testcase classname="training_center.dao.ScheduleDaoTest" name="testDelete" time="0.529"/>
  <testcase classname="training_center.dao.ScheduleDaoTest" name="testSaveLessonWhenTeacherNotFound" time="0.216"/>
  <testcase classname="training_center.dao.ScheduleDaoTest" name="testSaveLessonWhenEndNull" time="0.055"/>
  <testcase classname="training_center.dao.ScheduleDaoTest" name="testFindByStudentAndInterval" time="0.596"/>
  <testcase classname="training_center.dao.ScheduleDaoTest" name="testDeleteByIdWhenNotExists" time="0.155"/>
  <testcase classname="training_center.dao.ScheduleDaoTest" name="testSaveLessonWhenBothDatesNull" time="0.072"/>
  <testcase classname="training_center.dao.ScheduleDaoTest" name="testSaveAndFindById" time="0.669"/>
  <testcase classname="training_center.dao.ScheduleDaoTest" name="testDeleteByIdWhenExists" time="0.584"/>
  <testcase classname="training_center.dao.ScheduleDaoTest" name="testSaveLessonWhenInvalidInterval" time="0.054"/>
  <testcase classname="training_center.dao.ScheduleDaoTest" name="testDeleteDetached" time="0.502"/>
  <testcase classname="training_center.dao.ScheduleDaoTest" name="testFindAll" time="0.416"/>
  <testcase classname="training_center.dao.ScheduleDaoTest" name="testSaveLessonSuccess" time="0.548"/>
  <testcase classname="training_center.dao.ScheduleDaoTest" name="testSaveLessonWhenStartNull" time="0.075"/>
  <testcase classname="training_center.dao.ScheduleDaoTest" name="testFindEmptyCases" time="0.277"/>
  <testcase classname="training_center.dao.ScheduleDaoTest" name="testFindByTeacherAndInterval" time="0.486"/>
  <testcase classname="training_center.dao.ScheduleDaoTest" name="testSaveLessonWhenTeacherNotAssignedToCourse" time="0.279"/>
  <testcase classname="training_center.dao.ScheduleDaoTest" name="testFindByCourseId" time="0.639"/>
  <testcase classname="training_center.dao.ScheduleDaoTest" name="testSaveLessonWhenCourseNotFound" time="0.222"/>
  <testcase classname="training_center.dao.ScheduleDaoTest" name="testUpdate" time="0.639"/>
</testsuite> <!-- training_center.dao.ScheduleDaoTest -->
