<?xml version="1.0" encoding="UTF-8"?>
<!-- Generated by org.testng.reporters.JUnitReportReporter -->
<testsuite hostname="Bravo-15" failures="0" tests="8" name="training_center.dao.CompanyDaoTest" time="2.522" errors="0" timestamp="2026-03-30T15:56:54 MSK" skipped="0">
  <testcase classname="training_center.dao.CompanyDaoTest" name="save_and_findById" time="0.138"/>
  <testcase classname="training_center.dao.CompanyDaoTest" name="findById_shouldReturnNull_whenCompanyNotExists" time="0.667"/>
  <testcase classname="training_center.dao.CompanyDaoTest" name="delete_shouldRemoveDetachedCompany" time="0.243"/>
  <testcase classname="training_center.dao.CompanyDaoTest" name="deleteById_shouldDoNothing_whenCompanyNotExists" time="0.282"/>
  <testcase classname="training_center.dao.CompanyDaoTest" name="findAll_shouldReturnSorted" time="0.216"/>
  <testcase classname="training_center.dao.CompanyDaoTest" name="deleteById_shouldDeleteCompany" time="0.401"/>
  <testcase classname="training_center.dao.CompanyDaoTest" name="delete_shouldRemoveManagedCompany" time="0.341"/>
  <testcase classname="training_center.dao.CompanyDaoTest" name="update_shouldUpdateCompany" time="0.234"/>
</testsuite> <!-- training_center.dao.CompanyDaoTest -->
