<?xml version="1.0" encoding="UTF-8"?>
<!-- Generated by org.testng.reporters.JUnitReportReporter -->
<testsuite hostname="Bravo-15" failures="0" tests="21" name="training_center.dao.CourseDaoTest" time="7.397" errors="0" timestamp="2026-04-08T11:13:24 MSK" skipped="0">
  <testcase classname="training_center.dao.CourseDaoTest" name="testSaveAndFindById" time="0.211"/>
  <testcase classname="training_center.dao.CourseDaoTest" name="testUpdate" time="0.357"/>
  <testcase classname="training_center.dao.CourseDaoTest" name="testFindAll" time="0.334"/>
  <testcase classname="training_center.dao.CourseDaoTest" name="removeTeacherFromCourse_shouldDoNothing_whenRelationNotExists" time="0.482"/>
  <testcase classname="training_center.dao.CourseDaoTest" name="testGetScheduleByCourseId" time="0.437"/>
  <testcase classname="training_center.dao.CourseDaoTest" name="addStudentToCourse_shouldNotDuplicateRelation" time="0.555"/>
  <testcase classname="training_center.dao.CourseDaoTest" name="deleteById_shouldDeleteCourse" time="0.289"/>
  <testcase classname="training_center.dao.CourseDaoTest" name="testAddAndRemoveStudent" time="0.494"/>
  <testcase classname="training_center.dao.CourseDaoTest" name="delete_shouldRemoveDetachedCourse" time="0.305"/>
  <testcase classname="training_center.dao.CourseDaoTest" name="assignTeacherToCourse_shouldThrow_whenTeacherNotFound" time="0.228"/>
  <testcase classname="training_center.dao.CourseDaoTest" name="assignTeacherToCourse_shouldThrow_whenCourseNotFound" time="0.230"/>
  <testcase classname="training_center.dao.CourseDaoTest" name="testAssignAndRemoveTeacher" time="0.721"/>
  <testcase classname="training_center.dao.CourseDaoTest" name="testDeleteByIdNotExists" time="0.129"/>
  <testcase classname="training_center.dao.CourseDaoTest" name="testDelete" time="0.305"/>
  <testcase classname="training_center.dao.CourseDaoTest" name="testFindByTitle" time="0.419"/>
  <testcase classname="training_center.dao.CourseDaoTest" name="testAddStudentAlreadyExists" time="0.479"/>
  <testcase classname="training_center.dao.CourseDaoTest" name="testFindByTitleEmpty" time="0.064"/>
  <testcase classname="training_center.dao.CourseDaoTest" name="assignTeacherToCourse_shouldNotDuplicateRelation" time="0.536"/>
  <testcase classname="training_center.dao.CourseDaoTest" name="addStudentToCourse_shouldThrow_whenStudentNotFound" time="0.222"/>
  <testcase classname="training_center.dao.CourseDaoTest" name="removeStudentFromCourse_shouldDoNothing_whenRelationNotExists" time="0.426"/>
  <testcase classname="training_center.dao.CourseDaoTest" name="addStudentToCourse_shouldThrow_whenCourseNotFound" time="0.174"/>
</testsuite> <!-- training_center.dao.CourseDaoTest -->
