<?xml version="1.0" encoding="UTF-8"?>
<!-- Generated by org.testng.reporters.JUnitReportReporter -->
<testsuite hostname="Bravo-15" failures="0" tests="8" name="training_center.dao.CompanyDaoTest" time="2.571" errors="0" timestamp="2026-04-08T11:13:24 MSK" skipped="0">
  <testcase classname="training_center.dao.CompanyDaoTest" name="deleteById_shouldDeleteCompany" time="0.420"/>
  <testcase classname="training_center.dao.CompanyDaoTest" name="delete_shouldRemoveDetachedCompany" time="0.878"/>
  <testcase classname="training_center.dao.CompanyDaoTest" name="save_and_findById" time="0.150"/>
  <testcase classname="training_center.dao.CompanyDaoTest" name="delete_shouldRemoveManagedCompany" time="0.332"/>
  <testcase classname="training_center.dao.CompanyDaoTest" name="findAll_shouldReturnSorted" time="0.239"/>
  <testcase classname="training_center.dao.CompanyDaoTest" name="findById_shouldReturnNull_whenCompanyNotExists" time="0.060"/>
  <testcase classname="training_center.dao.CompanyDaoTest" name="deleteById_shouldDoNothing_whenCompanyNotExists" time="0.267"/>
  <testcase classname="training_center.dao.CompanyDaoTest" name="update_shouldUpdateCompany" time="0.225"/>
</testsuite> <!-- training_center.dao.CompanyDaoTest -->
