<?xml version="1.0" encoding="UTF-8"?>
<!-- Generated by org.testng.reporters.JUnitReportReporter -->
<testsuite hostname="Bravo-15" failures="0" tests="14" name="training_center.dao.StudentDaoTest" time="2.993" errors="0" timestamp="2026-04-08T11:13:24 MSK" skipped="0">
  <testcase classname="training_center.dao.StudentDaoTest" name="testFindAll" time="0.147"/>
  <testcase classname="training_center.dao.StudentDaoTest" name="testFindByFullNameEmpty" time="0.067"/>
  <testcase classname="training_center.dao.StudentDaoTest" name="testDeleteById" time="0.225"/>
  <testcase classname="training_center.dao.StudentDaoTest" name="testFindByFullName" time="0.172"/>
  <testcase classname="training_center.dao.StudentDaoTest" name="testGetCourseHistoryEmpty" time="0.072"/>
  <testcase classname="training_center.dao.StudentDaoTest" name="testSaveAndFindById" time="0.148"/>
  <testcase classname="training_center.dao.StudentDaoTest" name="testDeleteDetached" time="0.254"/>
  <testcase classname="training_center.dao.StudentDaoTest" name="testGetCourseHistory" time="0.508"/>
  <testcase classname="training_center.dao.StudentDaoTest" name="testUpdate" time="0.220"/>
  <testcase classname="training_center.dao.StudentDaoTest" name="testUpdateDetached" time="0.291"/>
  <testcase classname="training_center.dao.StudentDaoTest" name="testFindByCourseIdEmpty" time="0.073"/>
  <testcase classname="training_center.dao.StudentDaoTest" name="testDeleteByIdWhenStudentDoesNotExist" time="0.113"/>
  <testcase classname="training_center.dao.StudentDaoTest" name="testFindByCourseId" time="0.406"/>
  <testcase classname="training_center.dao.StudentDaoTest" name="testDelete" time="0.297"/>
</testsuite> <!-- training_center.dao.StudentDaoTest -->
